#
# There is insufficient memory for the Java Runtime Environment to continue.
# Native memory allocation (malloc) failed to allocate 32744 bytes for ChunkPool::allocate
# Possible reasons:
#   The system is out of physical RAM or swap space
#   In 32 bit mode, the process size limit was hit
# Possible solutions:
#   Reduce memory load on the system
#   Increase physical memory or swap space
#   Check if swap backing store is full
#   Use 64 bit Java on a 64 bit OS
#   Decrease Java heap size (-Xmx/-Xms)
#   Decrease number of Java threads
#   Decrease Java thread stack sizes (-Xss)
#   Set larger code cache with -XX:ReservedCodeCacheSize=
# This output file may be truncated or incomplete.
#
#  Out of Memory Error (allocation.cpp:273), pid=3940, tid=0x0000000000000b90
#
# JRE version: Java(TM) SE Runtime Environment (8.0_102-b14) (build 1.8.0_102-b14)
# Java VM: Java HotSpot(TM) 64-Bit Server VM (25.102-b14 mixed mode windows-amd64 compressed oops)
# Failed to write core dump. Minidumps are not enabled by default on client versions of Windows
#

---------------  T H R E A D  ---------------

Current thread (0x000000001dab8800):  JavaThread "C1 CompilerThread2" daemon [_thread_in_native, id=2960, stack(0x000000001deb0000,0x000000001dfb0000)]

Stack: [0x000000001deb0000,0x000000001dfb0000]
[error occurred during error reporting (printing stack bounds), id 0xc0000005]

Native frames: (J=compiled Java code, j=interpreted, Vv=VM code, C=native code)


Current CompileTask:
C1:    796  578   !   3      
[error occurred during error reporting (printing current compile task), id 0xe0000001]


---------------  P R O C E S S  ---------------

Java Threads: ( => current thread )
  0x000000001dd07800 JavaThread "pool-2-thread-4" [_thread_in_Java, id=6996, stack(0x000000001e5b0000,0x000000001e6b0000)]
  0x000000001dd04800 JavaThread "pool-2-thread-3" [_thread_blocked, id=3696, stack(0x000000001e4b0000,0x000000001e5b0000)]
  0x000000001dcfe800 JavaThread "pool-2-thread-2" [_thread_in_Java, id=5448, stack(0x000000001e3b0000,0x000000001e4b0000)]
  0x000000001dc31000 JavaThread "pool-3-thread-1" [_thread_blocked, id=1252, stack(0x000000001e2b0000,0x000000001e3b0000)]
  0x000000001dc2e800 JavaThread "pool-2-thread-1" [_thread_in_vm, id=4268, stack(0x000000001e1b0000,0x000000001e2b0000)]
  0x000000001c2bb800 JavaThread "Service Thread" daemon [_thread_blocked, id=112, stack(0x000000001dfb0000,0x000000001e0b0000)]
=>0x000000001dab8800 JavaThread "C1 CompilerThread2" daemon [_thread_in_native, id=2960, stack(0x000000001deb0000,0x000000001dfb0000)]
  0x000000001c2b3800 JavaThread "C2 CompilerThread1" daemon [_thread_in_native, id=7644, stack(0x000000001d9b0000,0x000000001dab0000)]
  0x000000001c25c800 JavaThread "C2 CompilerThread0" daemon [_thread_in_native, id=7728, stack(0x000000001d8b0000,0x000000001d9b0000)]
  0x000000001c25b000 JavaThread "Attach Listener" daemon [_thread_blocked, id=8684, stack(0x000000001d7b0000,0x000000001d8b0000)]
  0x000000001c25a000 JavaThread "Signal Dispatcher" daemon [_thread_blocked, id=7520, stack(0x000000001d6b0000,0x000000001d7b0000)]
  0x0000000002b8a000 JavaThread "Finalizer" daemon [_thread_blocked, id=8064, stack(0x000000001d4c0000,0x000000001d5c0000)]
  0x0000000002b7f000 JavaThread "Reference Handler" daemon [_thread_blocked, id=8780, stack(0x000000001d3c0000,0x000000001d4c0000)]
  0x0000000002a91000 JavaThread "main" [_thread_in_Java, id=5116, stack(0x00000000028e0000,0x00000000029e0000)]

Other Threads:
  0x000000001c227800 VMThread [stack: 0x000000001d2c0000,0x000000001d3c0000] [id=7572]
  0x000000001dad2000 WatcherThread [stack: 0x000000001e0b0000,0x000000001e1b0000] [id=2656]

VM state:not at safepoint (normal execution)

VM Mutex/Monitor currently owned by a thread:  ([mutex/lock_event])
[0x0000000002a0ea20] MethodData_lock - owner thread: 0x000000001dc2e800

Heap:
 PSYoungGen      total 38400K, used 13325K [0x000000076ab00000, 0x000000076d580000, 0x00000007c0000000)
  eden space 33280K, 40% used [0x000000076ab00000,0x000000076b803450,0x000000076cb80000)
  from space 5120K, 0% used [0x000000076d080000,0x000000076d080000,0x000000076d580000)
  to   space 5120K, 0% used [0x000000076cb80000,0x000000076cb80000,0x000000076d080000)
 ParOldGen       total 87552K, used 0K [0x00000006c0000000, 0x00000006c5580000, 0x000000076ab00000)
  object space 87552K, 0% used [0x00000006c0000000,0x00000006c0000000,0x00000006c5580000)
 Metaspace       used 5400K, capacity 6576K, committed 6784K, reserved 1056768K
  class space    used 575K, capacity 616K, committed 640K, reserved 1048576K

Card table byte_map: [0x0000000011f50000,0x0000000012760000] byte_map_base: 0x000000000e950000

Marking Bits: (ParMarkBitMap*) 0x0000000063bba6c0
 Begin Bits: [0x00000000130c0000, 0x00000000170c0000)
 End Bits:   [0x00000000170c0000, 0x000000001b0c0000)

Polling page: 0x00000000029e0000

CodeCache: size=245760Kb used=2319Kb max_used=2330Kb free=243440Kb
 bounds [0x0000000002b90000, 0x0000000002e00000, 0x0000000011b90000]
 total_blobs=853 nmethods=592 adapters=174
 compilation: enabled

Compilation events (10 events):
Event: 0.787 Thread 0x000000001dab8800 nmethod 579 0x0000000002dd3610 code [0x0000000002dd3760, 0x0000000002dd38b0]
Event: 0.787 Thread 0x000000001dab8800  578   !   3       com.android.dx.cf.code.BytecodeArray::parseInstruction (2764 bytes)
Event: 0.788 Thread 0x000000001c2b3800 nmethod 606 0x0000000002dd1cd0 code [0x0000000002dd1e20, 0x0000000002dd2018]
Event: 0.788 Thread 0x000000001c2b3800  607       4       com.android.dx.util.IntList::add (65 bytes)
Event: 0.789 Thread 0x000000001c25c800 nmethod 605 0x0000000002dd2c90 code [0x0000000002dd2de0, 0x0000000002dd3098]
Event: 0.789 Thread 0x000000001c25c800  612       4       java.util.BitSet::get (69 bytes)
Event: 0.790 Thread 0x000000001c25c800 nmethod 612 0x0000000002dd4d10 code [0x0000000002dd4e40, 0x0000000002dd4f18]
Event: 0.790 Thread 0x000000001c25c800  613       4       com.android.dx.ssa.NormalSsaInsn::accept (25 bytes)
Event: 0.792 Thread 0x000000001c2b3800 nmethod 607 0x0000000002dd2650 code [0x0000000002dd27a0, 0x0000000002dd2a98]
Event: 0.794 Thread 0x000000001c2b3800  616       4       com.android.dx.ssa.NormalSsaInsn::getOpcode (8 bytes)

GC Heap History (0 events):
No events

Deoptimization events (5 events):
Event: 0.661 Thread 0x0000000002a91000 Uncommon trap: reason=unstable_if action=reinterpret pc=0x0000000002da64e0 method=java.util.HashMap.getNode(ILjava/lang/Object;)Ljava/util/HashMap$Node; @ 62
Event: 0.776 Thread 0x000000001dd04800 Uncommon trap: reason=class_check action=maybe_recompile pc=0x0000000002d3ed0c method=com.android.dx.rop.cst.CstMemberRef.compareTo0(Lcom/android/dx/rop/cst/Constant;)I @ 1
Event: 0.776 Thread 0x0000000002a91000 Uncommon trap: reason=class_check action=maybe_recompile pc=0x0000000002d3ed0c method=com.android.dx.rop.cst.CstMemberRef.compareTo0(Lcom/android/dx/rop/cst/Constant;)I @ 1
Event: 0.776 Thread 0x0000000002a91000 Uncommon trap: reason=class_check action=maybe_recompile pc=0x0000000002d3ed0c method=com.android.dx.rop.cst.CstMemberRef.compareTo0(Lcom/android/dx/rop/cst/Constant;)I @ 1
Event: 0.776 Thread 0x000000001dc2e800 Uncommon trap: reason=class_check action=maybe_recompile pc=0x0000000002d3ed0c method=com.android.dx.rop.cst.CstMemberRef.compareTo0(Lcom/android/dx/rop/cst/Constant;)I @ 1

Internal exceptions (2 events):
Event: 0.089 Thread 0x0000000002a91000 Exception <a 'java/lang/NoSuchMethodError': Method sun.misc.Unsafe.defineClass(Ljava/lang/String;[BII)Ljava/lang/Class; name or signature does not match> (0x000000076ab07c78) thrown at [C:\re\workspace\8-2-build-windows-amd64-cygwin\jdk8u102\7268\hotspot\sPye”Ì∂∂?
Event: 0.089 Thread 0x0000000002a91000 Exception <a 'java/lang/NoSuchMethodError': Method sun.misc.Unsafe.prefetchRead(Ljava/lang/Object;J)V name or signature does not match> (0x000000076ab07f60) thrown at [C:\re\workspace\8-2-build-windows-amd64-cygwin\jdk8u102\7268\hotspot\src\share\vm\prims\

Events (10 events):
Event: 0.776 Thread 0x0000000002a91000 DEOPT UNPACKING pc=0x0000000002bd582a sp=0x00000000029de388 mode 2
Event: 0.776 Thread 0x000000001dc2e800 Uncommon trap: trap_request=0xffffffde fr.pc=0x0000000002d3ed0c
Event: 0.776 loading class com/android/dx/cf/code/SwitchList
Event: 0.776 loading class com/android/dx/cf/code/SwitchList done
Event: 0.776 Thread 0x000000001dc2e800 DEOPT PACKING pc=0x0000000002d3ed0c sp=0x000000001e2aea00
Event: 0.776 Thread 0x000000001dc2e800 DEOPT UNPACKING pc=0x0000000002bd582a sp=0x000000001e2ae988 mode 2
Event: 0.784 loading class com/android/dx/ssa/back/FirstFitLocalCombiningAllocator$Multiset
Event: 0.784 loading class com/android/dx/ssa/back/FirstFitLocalCombiningAllocator$Multiset done
Event: 0.792 loading class java/util/DualPivotQuicksort
Event: 0.792 loading class java/util/DualPivotQuicksort done


Dynamic libraries:
0x00007ff608e00000 - 0x00007ff608e37000 	C:\Program Files\Java\jdk1.8.0_102\bin\java.exe
0x00007ffd83a90000 - 0x00007ffd83c61000 	C:\WINDOWS\SYSTEM32\ntdll.dll
0x00007ffd82e60000 - 0x00007ffd82f0b000 	C:\WINDOWS\System32\KERNEL32.DLL
0x00007ffd80be0000 - 0x00007ffd80dfd000 	C:\WINDOWS\System32\KERNELBASE.dll
0x00007ffd834b0000 - 0x00007ffd83552000 	C:\WINDOWS\System32\ADVAPI32.dll
0x00007ffd839f0000 - 0x00007ffd83a8e000 	C:\WINDOWS\System32\msvcrt.dll
0x00007ffd82e00000 - 0x00007ffd82e59000 	C:\WINDOWS\System32\sechost.dll
0x00007ffd82cd0000 - 0x00007ffd82df1000 	C:\WINDOWS\System32\RPCRT4.dll
0x00007ffd83340000 - 0x00007ffd834a5000 	C:\WINDOWS\System32\USER32.dll
0x00007ffd80e00000 - 0x00007ffd80e1e000 	C:\WINDOWS\System32\win32u.dll
0x00007ffd82f10000 - 0x00007ffd82f44000 	C:\WINDOWS\System32\GDI32.dll
0x00007ffd80e20000 - 0x00007ffd80fa2000 	C:\WINDOWS\System32\gdi32full.dll
0x00007ffd73b90000 - 0x00007ffd73e09000 	C:\WINDOWS\WinSxS\amd64_microsoft.windows.common-controls_6595b64144ccf1df_6.0.14393.447_none_42191651c6827bb3\COMCTL32.dll
0x00007ffd835e0000 - 0x00007ffd838a8000 	C:\WINDOWS\System32\combase.dll
0x00007ffd80a40000 - 0x00007ffd80b35000 	C:\WINDOWS\System32\ucrtbase.dll
0x00007ffd80fb0000 - 0x00007ffd8101a000 	C:\WINDOWS\System32\bcryptPrimitives.dll
0x00007ffd82f50000 - 0x00007ffd82f7e000 	C:\WINDOWS\System32\IMM32.DLL
0x0000000063c40000 - 0x0000000063d11000 	C:\Program Files\Java\jdk1.8.0_102\jre\bin\msvcr100.dll
0x00000000633a0000 - 0x0000000063c3a000 	C:\Program Files\Java\jdk1.8.0_102\jre\bin\server\jvm.dll
0x00007ffd82890000 - 0x00007ffd82898000 	C:\WINDOWS\System32\PSAPI.DLL
0x00007ffd74300000 - 0x00007ffd74309000 	C:\WINDOWS\SYSTEM32\WSOCK32.dll
0x00007ffd83570000 - 0x00007ffd835da000 	C:\WINDOWS\System32\WS2_32.dll
0x00007ffd7e430000 - 0x00007ffd7e453000 	C:\WINDOWS\SYSTEM32\WINMM.dll
0x00007ffd6feb0000 - 0x00007ffd6feba000 	C:\WINDOWS\SYSTEM32\VERSION.dll
0x00007ffd7e3d0000 - 0x00007ffd7e3fb000 	C:\WINDOWS\SYSTEM32\WINMMBASE.dll
0x00007ffd80660000 - 0x00007ffd806a2000 	C:\WINDOWS\System32\cfgmgr32.dll
0x0000000064b10000 - 0x0000000064b1f000 	C:\Program Files\Java\jdk1.8.0_102\jre\bin\verify.dll
0x0000000064950000 - 0x0000000064979000 	C:\Program Files\Java\jdk1.8.0_102\jre\bin\java.dll
0x0000000064930000 - 0x0000000064946000 	C:\Program Files\Java\jdk1.8.0_102\jre\bin\zip.dll
0x00007ffd81150000 - 0x00007ffd82659000 	C:\WINDOWS\System32\SHELL32.dll
0x00007ffd7ff80000 - 0x00007ffd8065a000 	C:\WINDOWS\System32\windows.storage.dll
0x00007ffd7ff20000 - 0x00007ffd7ff6c000 	C:\WINDOWS\System32\powrprof.dll
0x00007ffd82820000 - 0x00007ffd82872000 	C:\WINDOWS\System32\shlwapi.dll
0x00007ffd7ff10000 - 0x00007ffd7ff1f000 	C:\WINDOWS\System32\kernel.appcore.dll
0x00007ffd806b0000 - 0x00007ffd80759000 	C:\WINDOWS\System32\shcore.dll
0x00007ffd7fef0000 - 0x00007ffd7ff04000 	C:\WINDOWS\System32\profapi.dll

VM Arguments:
jvm_args: -Djava.awt.headless=true -Xmx4g -Dfile.encoding=windows-1252 -Duser.country=US -Duser.language=en -Duser.variant 
java_command: com.android.dx.command.Main --dex --force-jumbo --num-threads=4 --multi-dex --output C:\Users\Administrator\Desktop\KeyOutcomesTracker\app\build\intermediates\transforms\dex\debug\folders\1000\5\slice_0 C:\Users\Administrator\Desktop\KeyOutcomesTracker\app\build\intermediates\transforms\instantRunSlicer\debug\folders\1\5\slice_0
java_class_path (initial): C:\Users\Administrator\AppData\Local\Android\sdk\build-tools\25.0.0\lib\dx.jar
Launcher Type: SUN_STANDARD

Environment Variables:
PATH=C:\Python27\;C:\Python27\Scripts;C:\ProgramData\Oracle\Java\javapath;C:\WINDOWS\system32;C:\WINDOWS;C:\WINDOWS\System32\Wbem;C:\WINDOWS\System32\WindowsPowerShell\v1.0\;C:\Program Files\nodejs\;C:\Program Files\Git\cmd;C:\Users\Administrator\AppData\Local\Microsoft\WindowsApps;C:\Users\Administrator\AppData\Roaming\npm;C:\Users\Administrator\AppData\Local\atom\bin;C:\Python27
USERNAME=Administrator
OS=Windows_NT
PROCESSOR_IDENTIFIER=Intel64 Family 6 Model 61 Stepping 4, GenuineIntel



---------------  S Y S T E M  ---------------

OS: Windows 10.0 , 64 bit Build 14393 (10.0.14393.0)

CPU:total 4 (2 cores per cpu, 2 threads per core) family 6 model 61 stepping 4, cmov, cx8, fxsr, mmx, sse, sse2, sse3, ssse3, sse4.1, sse4.2, popcnt, avx, avx2, aes, clmul, erms, 3dnowpref, lzcnt, ht, tsc, tscinvbit, bmi1, bmi2, adx

Memory: 4k page, physical 8291024k(1597120k free), swap 9339600k(4116k free)

vm_info: Java HotSpot(TM) 64-Bit Server VM (25.102-b14) for windows-amd64 JRE (1.8.0_102-b14), built on Jun 22 2016 13:15:21 by "java_re" with MS VC++ 10.0 (VS2010)

time: Mon Jan 09 16:51:11 2017
elapsed time: 0 seconds (0d 0h 0m 0s)

