#
# There is insufficient memory for the Java Runtime Environment to continue.
# Native memory allocation (malloc) failed to allocate 429536 bytes for Chunk::new
# Possible reasons:
#   The system is out of physical RAM or swap space
#   In 32 bit mode, the process size limit was hit
# Possible solutions:
#   Reduce memory load on the system
#   Increase physical memory or swap space
#   Check if swap backing store is full
#   Use 64 bit Java on a 64 bit OS
#   Decrease Java heap size (-Xmx/-Xms)
#   Decrease number of Java threads
#   Decrease Java thread stack sizes (-Xss)
#   Set larger code cache with -XX:ReservedCodeCacheSize=
# This output file may be truncated or incomplete.
#
#  Out of Memory Error (allocation.cpp:390), pid=5256, tid=0x0000000000001e5c
#
# JRE version: Java(TM) SE Runtime Environment (8.0_102-b14) (build 1.8.0_102-b14)
# Java VM: Java HotSpot(TM) 64-Bit Server VM (25.102-b14 mixed mode windows-amd64 compressed oops)
# Failed to write core dump. Minidumps are not enabled by default on client versions of Windows
#

---------------  T H R E A D  ---------------

Current thread (0x000000001b96f000):  JavaThread "C2 CompilerThread0" daemon [_thread_in_native, id=7772, stack(0x000000001cfe0000,0x000000001d0e0000)]

Stack: [0x000000001cfe0000,0x000000001d0e0000]
[error occurred during error reporting (printing stack bounds), id 0xc0000005]

Native frames: (J=compiled Java code, j=interpreted, Vv=VM code, C=native code)


Current CompileTask:
C2:   7113 1482       4       com.android.dx.ssa.SCCP::simulateStmt (481 bytes)


---------------  P R O C E S S  ---------------

Java Threads: ( => current thread )
  0x000000001d387800 JavaThread "pool-2-thread-4" [_thread_blocked, id=1388, stack(0x000000001dce0000,0x000000001dde0000)]
  0x000000001d384000 JavaThread "pool-2-thread-3" [_thread_in_vm, id=8172, stack(0x000000001dbe0000,0x000000001dce0000)]
  0x000000001d37c000 JavaThread "pool-2-thread-2" [_thread_in_vm, id=1604, stack(0x000000001dae0000,0x000000001dbe0000)]
  0x000000001d368800 JavaThread "pool-3-thread-1" [_thread_blocked, id=7016, stack(0x000000001d9e0000,0x000000001dae0000)]
  0x000000001d371800 JavaThread "pool-2-thread-1" [_thread_blocked, id=3844, stack(0x000000001d8e0000,0x000000001d9e0000)]
  0x000000001b9cc800 JavaThread "Service Thread" daemon [_thread_blocked, id=5924, stack(0x000000001d6e0000,0x000000001d7e0000)]
  0x000000001d1e2800 JavaThread "C1 CompilerThread2" daemon [_thread_blocked, id=8400, stack(0x000000001d5e0000,0x000000001d6e0000)]
  0x000000001b983000 JavaThread "C2 CompilerThread1" daemon [_thread_in_native, id=7580, stack(0x000000001d0e0000,0x000000001d1e0000)]
=>0x000000001b96f000 JavaThread "C2 CompilerThread0" daemon [_thread_in_native, id=7772, stack(0x000000001cfe0000,0x000000001d0e0000)]
  0x000000001b96b800 JavaThread "Attach Listener" daemon [_thread_blocked, id=8008, stack(0x000000001cee0000,0x000000001cfe0000)]
  0x000000001b96a000 JavaThread "Signal Dispatcher" daemon [_thread_blocked, id=7336, stack(0x000000001cde0000,0x000000001cee0000)]
  0x000000001b95a000 JavaThread "Finalizer" daemon [_thread_blocked, id=6688, stack(0x000000001cbf0000,0x000000001ccf0000)]
  0x000000001b938800 JavaThread "Reference Handler" daemon [_thread_blocked, id=4916, stack(0x000000001caf0000,0x000000001cbf0000)]
  0x00000000021a0800 JavaThread "main" [_thread_in_Java, id=8284, stack(0x0000000001eb0000,0x0000000001fb0000)]

Other Threads:
  0x000000001b936800 VMThread [stack: 0x000000001c9f0000,0x000000001caf0000] [id=8692]
  0x000000001d1ec000 WatcherThread [stack: 0x000000001d7e0000,0x000000001d8e0000] [id=448]

VM state:not at safepoint (normal execution)

VM Mutex/Monitor currently owned by a thread: None

Heap:
 PSYoungGen      total 38400K, used 21607K [0x000000076ab00000, 0x000000076d580000, 0x00000007c0000000)
  eden space 33280K, 49% used [0x000000076ab00000,0x000000076bb20a88,0x000000076cb80000)
  from space 5120K, 99% used [0x000000076cb80000,0x000000076d0792a0,0x000000076d080000)
  to   space 5120K, 0% used [0x000000076d080000,0x000000076d080000,0x000000076d580000)
 ParOldGen       total 87552K, used 1045K [0x00000006c0000000, 0x00000006c5580000, 0x000000076ab00000)
  object space 87552K, 1% used [0x00000006c0000000,0x00000006c0105458,0x00000006c5580000)
 Metaspace       used 6015K, capacity 7024K, committed 7296K, reserved 1056768K
  class space    used 589K, capacity 616K, committed 640K, reserved 1048576K

Card table byte_map: [0x0000000011660000,0x0000000011e70000] byte_map_base: 0x000000000e060000

Marking Bits: (ParMarkBitMap*) 0x0000000052d4a6c0
 Begin Bits: [0x00000000127d0000, 0x00000000167d0000)
 End Bits:   [0x00000000167d0000, 0x000000001a7d0000)

Polling page: 0x0000000000450000

CodeCache: size=245760Kb used=6151Kb max_used=6166Kb free=239608Kb
 bounds [0x00000000022a0000, 0x00000000028b0000, 0x00000000112a0000]
 total_blobs=1741 nmethods=1478 adapters=176
 compilation: enabled

Compilation events (10 events):
Event: 7.052 Thread 0x000000001b96f000 nmethod 1476 0x00000000028aa290 code [0x00000000028aa500, 0x00000000028ac668]
Event: 7.053 Thread 0x000000001d1e2800 1478       3       com.android.dx.cf.code.OneLocalsArray::set (10 bytes)
Event: 7.054 Thread 0x000000001d1e2800 nmethod 1478 0x000000000287e490 code [0x000000000287e600, 0x000000000287e848]
Event: 7.054 Thread 0x000000001d1e2800 1479       3       com.android.dx.rop.code.RegisterSpec::getFrameType (10 bytes)
Event: 7.054 Thread 0x000000001d1e2800 nmethod 1479 0x000000000287e050 code [0x000000000287e1c0, 0x000000000287e3e8]
Event: 7.054 Thread 0x000000001d1e2800 1480       3       com.android.dx.rop.type.Type::isReference (15 bytes)
Event: 7.054 Thread 0x000000001d1e2800 nmethod 1480 0x000000000287dcd0 code [0x000000000287de20, 0x000000000287dfd0]
Event: 7.056 Thread 0x000000001b96f000 1481   !   4       com.android.dx.cf.code.BaseMachine::arg (36 bytes)
Event: 7.057 Thread 0x000000001b96f000 nmethod 1481 0x00000000028992d0 code [0x0000000002899400, 0x00000000028994b8]
Event: 7.058 Thread 0x000000001b96f000 1482       4       com.android.dx.ssa.SCCP::simulateStmt (481 bytes)

GC Heap History (2 events):
Event: 6.236 GC heap before
{Heap before GC invocations=1 (full 0):
 PSYoungGen      total 38400K, used 33280K [0x000000076ab00000, 0x000000076d580000, 0x00000007c0000000)
  eden space 33280K, 100% used [0x000000076ab00000,0x000000076cb80000,0x000000076cb80000)
  from space 5120K, 0% used [0x000000076d080000,0x000000076d080000,0x000000076d580000)
  to   space 5120K, 0% used [0x000000076cb80000,0x000000076cb80000,0x000000076d080000)
 ParOldGen       total 87552K, used 0K [0x00000006c0000000, 0x00000006c5580000, 0x000000076ab00000)
  object space 87552K, 0% used [0x00000006c0000000,0x00000006c0000000,0x00000006c5580000)
 Metaspace       used 5932K, capacity 6960K, committed 7040K, reserved 1056768K
  class space    used 589K, capacity 616K, committed 640K, reserved 1048576K
Event: 6.245 GC heap after
Heap after GC invocations=1 (full 0):
 PSYoungGen      total 38400K, used 5092K [0x000000076ab00000, 0x000000076d580000, 0x00000007c0000000)
  eden space 33280K, 0% used [0x000000076ab00000,0x000000076ab00000,0x000000076cb80000)
  from space 5120K, 99% used [0x000000076cb80000,0x000000076d0792a0,0x000000076d080000)
  to   space 5120K, 0% used [0x000000076d080000,0x000000076d080000,0x000000076d580000)
 ParOldGen       total 87552K, used 1045K [0x00000006c0000000, 0x00000006c5580000, 0x000000076ab00000)
  object space 87552K, 1% used [0x00000006c0000000,0x00000006c0105458,0x00000006c5580000)
 Metaspace       used 5932K, capacity 6960K, committed 7040K, reserved 1056768K
  class space    used 589K, capacity 616K, committed 640K, reserved 1048576K
}

Deoptimization events (10 events):
Event: 6.121 Thread 0x000000001d371800 Uncommon trap: reason=class_check action=maybe_recompile pc=0x0000000002736714 method=com.android.dx.rop.cst.CstLiteral32.equals(Ljava/lang/Object;)Z @ 20
Event: 6.121 Thread 0x000000001d371800 Uncommon trap: reason=class_check action=maybe_recompile pc=0x0000000002736714 method=com.android.dx.rop.cst.CstLiteral32.equals(Ljava/lang/Object;)Z @ 20
Event: 6.296 Thread 0x000000001d387800 Uncommon trap: reason=bimorphic action=maybe_recompile pc=0x00000000027bd6b0 method=com.android.dx.ssa.SCCP.setLatticeValueTo(IILcom/android/dx/rop/cst/Constant;)Z @ 43
Event: 6.296 Thread 0x000000001d387800 Uncommon trap: reason=bimorphic action=maybe_recompile pc=0x00000000027bd048 method=com.android.dx.ssa.SCCP.simulatePhi(Lcom/android/dx/ssa/PhiInsn;)V @ 124
Event: 6.296 Thread 0x000000001d387800 Uncommon trap: reason=bimorphic action=maybe_recompile pc=0x00000000027bd048 method=com.android.dx.ssa.SCCP.simulatePhi(Lcom/android/dx/ssa/PhiInsn;)V @ 124
Event: 6.296 Thread 0x000000001d387800 Uncommon trap: reason=bimorphic action=maybe_recompile pc=0x00000000027bd6b0 method=com.android.dx.ssa.SCCP.setLatticeValueTo(IILcom/android/dx/rop/cst/Constant;)Z @ 43
Event: 6.297 Thread 0x000000001d387800 Uncommon trap: reason=bimorphic action=maybe_recompile pc=0x00000000027bd6b0 method=com.android.dx.ssa.SCCP.setLatticeValueTo(IILcom/android/dx/rop/cst/Constant;)Z @ 43
Event: 6.297 Thread 0x000000001d387800 Uncommon trap: reason=bimorphic action=maybe_recompile pc=0x000000000272bd34 method=java.util.HashMap.getNode(ILjava/lang/Object;)Ljava/util/HashMap$Node; @ 126
Event: 6.297 Thread 0x000000001d387800 Uncommon trap: reason=class_check action=maybe_recompile pc=0x00000000026bcd8c method=java.util.HashMap.putVal(ILjava/lang/Object;Ljava/lang/Object;ZZ)Ljava/lang/Object; @ 203
Event: 6.298 Thread 0x000000001d387800 Uncommon trap: reason=bimorphic action=maybe_recompile pc=0x00000000027bd6b0 method=com.android.dx.ssa.SCCP.setLatticeValueTo(IILcom/android/dx/rop/cst/Constant;)Z @ 43

Internal exceptions (4 events):
Event: 3.594 Thread 0x00000000021a0800 Exception <a 'java/lang/NoSuchMethodError': Method sun.misc.Unsafe.defineClass(Ljava/lang/String;[BII)Ljava/lang/Class; name or signature does not match> (0x000000076ab07c78) thrown at [C:\re\workspace\8-2-build-windows-amd64-cygwin\jdk8u102\7268\hotspot\s‚ûE⁄Ïø@
Event: 3.594 Thread 0x00000000021a0800 Exception <a 'java/lang/NoSuchMethodError': Method sun.misc.Unsafe.prefetchRead(Ljava/lang/Object;J)V name or signature does not match> (0x000000076ab07f60) thrown at [C:\re\workspace\8-2-build-windows-amd64-cygwin\jdk8u102\7268\hotspot\src\share\vm\prims\çâ¸˙ù≤@
Event: 5.174 Thread 0x00000000021a0800 Implicit null exception at 0x000000000256566e to 0x0000000002566e91
Event: 5.728 Thread 0x00000000021a0800 Implicit null exception at 0x00000000025f7be2 to 0x00000000025f7ce2

Events (10 events):
Event: 6.297 Thread 0x000000001d387800 DEOPT UNPACKING pc=0x00000000022e582a sp=0x000000001ddde6e8 mode 2
Event: 6.297 Thread 0x000000001d387800 Uncommon trap: trap_request=0xffffffc6 fr.pc=0x000000000272bd34
Event: 6.297 Thread 0x000000001d387800 DEOPT PACKING pc=0x000000000272bd34 sp=0x000000001ddde680
Event: 6.297 Thread 0x000000001d387800 DEOPT UNPACKING pc=0x00000000022e582a sp=0x000000001ddde600 mode 2
Event: 6.297 Thread 0x000000001d387800 Uncommon trap: trap_request=0xffffffde fr.pc=0x00000000026bcd8c
Event: 6.297 Thread 0x000000001d387800 DEOPT PACKING pc=0x00000000026bcd8c sp=0x000000001ddde650
Event: 6.297 Thread 0x000000001d387800 DEOPT UNPACKING pc=0x00000000022e582a sp=0x000000001ddde5d8 mode 2
Event: 6.298 Thread 0x000000001d387800 Uncommon trap: trap_request=0xffffffc6 fr.pc=0x00000000027bd6b0
Event: 6.298 Thread 0x000000001d387800 DEOPT PACKING pc=0x00000000027bd6b0 sp=0x000000001ddde680
Event: 6.299 Thread 0x000000001d387800 DEOPT UNPACKING pc=0x00000000022e582a sp=0x000000001ddde5c8 mode 2


Dynamic libraries:
0x00007ff7a4c50000 - 0x00007ff7a4c87000 	C:\Program Files\Java\jdk1.8.0_102\bin\java.exe
0x00007ffd83bb0000 - 0x00007ffd83d81000 	C:\WINDOWS\SYSTEM32\ntdll.dll
0x00007ffd81f40000 - 0x00007ffd81feb000 	C:\WINDOWS\System32\KERNEL32.DLL
0x00007ffd80740000 - 0x00007ffd8095d000 	C:\WINDOWS\System32\KERNELBASE.dll
0x00007ffd82380000 - 0x00007ffd82422000 	C:\WINDOWS\System32\ADVAPI32.dll
0x00007ffd81e70000 - 0x00007ffd81f0e000 	C:\WINDOWS\System32\msvcrt.dll
0x00007ffd821b0000 - 0x00007ffd82209000 	C:\WINDOWS\System32\sechost.dll
0x00007ffd81280000 - 0x00007ffd813a1000 	C:\WINDOWS\System32\RPCRT4.dll
0x00007ffd82210000 - 0x00007ffd82375000 	C:\WINDOWS\System32\USER32.dll
0x00007ffd80630000 - 0x00007ffd8064e000 	C:\WINDOWS\System32\win32u.dll
0x00007ffd83b70000 - 0x00007ffd83ba4000 	C:\WINDOWS\System32\GDI32.dll
0x00007ffd80320000 - 0x00007ffd804a2000 	C:\WINDOWS\System32\gdi32full.dll
0x00007ffd74990000 - 0x00007ffd74c09000 	C:\WINDOWS\WinSxS\amd64_microsoft.windows.common-controls_6595b64144ccf1df_6.0.14393.447_none_42191651c6827bb3\COMCTL32.dll
0x00007ffd813b0000 - 0x00007ffd81678000 	C:\WINDOWS\System32\combase.dll
0x00007ffd80960000 - 0x00007ffd80a55000 	C:\WINDOWS\System32\ucrtbase.dll
0x00007ffd805c0000 - 0x00007ffd8062a000 	C:\WINDOWS\System32\bcryptPrimitives.dll
0x00007ffd82430000 - 0x00007ffd8245e000 	C:\WINDOWS\System32\IMM32.DLL
0x0000000052dd0000 - 0x0000000052ea1000 	C:\Program Files\Java\jdk1.8.0_102\jre\bin\msvcr100.dll
0x0000000052530000 - 0x0000000052dca000 	C:\Program Files\Java\jdk1.8.0_102\jre\bin\server\jvm.dll
0x00007ffd81ab0000 - 0x00007ffd81ab8000 	C:\WINDOWS\System32\PSAPI.DLL
0x00007ffd6b310000 - 0x00007ffd6b319000 	C:\WINDOWS\SYSTEM32\WSOCK32.dll
0x00007ffd81da0000 - 0x00007ffd81e0a000 	C:\WINDOWS\System32\WS2_32.dll
0x00007ffd7e4d0000 - 0x00007ffd7e4f3000 	C:\WINDOWS\SYSTEM32\WINMM.dll
0x00007ffd6ea30000 - 0x00007ffd6ea3a000 	C:\WINDOWS\SYSTEM32\VERSION.dll
0x00007ffd7e470000 - 0x00007ffd7e49b000 	C:\WINDOWS\SYSTEM32\WINMMBASE.dll
0x00007ffd806f0000 - 0x00007ffd80732000 	C:\WINDOWS\System32\cfgmgr32.dll
0x0000000052520000 - 0x000000005252f000 	C:\Program Files\Java\jdk1.8.0_102\jre\bin\verify.dll
0x00000000524f0000 - 0x0000000052519000 	C:\Program Files\Java\jdk1.8.0_102\jre\bin\java.dll
0x00000000524d0000 - 0x00000000524e6000 	C:\Program Files\Java\jdk1.8.0_102\jre\bin\zip.dll
0x00007ffd82560000 - 0x00007ffd83a69000 	C:\WINDOWS\System32\SHELL32.dll
0x00007ffd80a60000 - 0x00007ffd8113a000 	C:\WINDOWS\System32\windows.storage.dll
0x00007ffd80040000 - 0x00007ffd8008c000 	C:\WINDOWS\System32\powrprof.dll
0x00007ffd83b10000 - 0x00007ffd83b62000 	C:\WINDOWS\System32\shlwapi.dll
0x00007ffd80030000 - 0x00007ffd8003f000 	C:\WINDOWS\System32\kernel.appcore.dll
0x00007ffd80270000 - 0x00007ffd80319000 	C:\WINDOWS\System32\shcore.dll
0x00007ffd80010000 - 0x00007ffd80024000 	C:\WINDOWS\System32\profapi.dll

VM Arguments:
jvm_args: -Djava.awt.headless=true -Xmx4g -Dfile.encoding=windows-1252 -Duser.country=US -Duser.language=en -Duser.variant 
java_command: com.android.dx.command.Main --dex --force-jumbo --num-threads=4 --multi-dex --output C:\Users\Administrator\Desktop\KeyOutcomesTracker\app\build\intermediates\transforms\dex\debug\folders\1000\10\com.android.support-support-core-utils-25.1.0_9e381fa4db028ce5360b1a21674a89008b7e7a53 C:\Users\Administrator\Desktop\KeyOutcomesTracker\app\build\intermediates\exploded-aar\com.android.support\support-core-utils\25.1.0\jars\classes.jar
java_class_path (initial): C:\Users\Administrator\AppData\Local\Android\sdk\build-tools\25.0.0\lib\dx.jar
Launcher Type: SUN_STANDARD

Environment Variables:
PATH=C:\Python27\;C:\Python27\Scripts;C:\ProgramData\Oracle\Java\javapath;C:\WINDOWS\system32;C:\WINDOWS;C:\WINDOWS\System32\Wbem;C:\WINDOWS\System32\WindowsPowerShell\v1.0\;C:\Program Files\nodejs\;C:\Program Files\Git\cmd;C:\Users\Administrator\AppData\Local\Microsoft\WindowsApps;C:\Users\Administrator\AppData\Roaming\npm;C:\Users\Administrator\AppData\Local\atom\bin;C:\Python27
USERNAME=Administrator
OS=Windows_NT
PROCESSOR_IDENTIFIER=Intel64 Family 6 Model 61 Stepping 4, GenuineIntel



---------------  S Y S T E M  ---------------

OS: Windows 10.0 , 64 bit Build 14393 (10.0.14393.0)

CPU:total 4 (2 cores per cpu, 2 threads per core) family 6 model 61 stepping 4, cmov, cx8, fxsr, mmx, sse, sse2, sse3, ssse3, sse4.1, sse4.2, popcnt, avx, avx2, aes, clmul, erms, 3dnowpref, lzcnt, ht, tsc, tscinvbit, bmi1, bmi2, adx

Memory: 4k page, physical 8291024k(1814572k free), swap 9339600k(5480k free)

vm_info: Java HotSpot(TM) 64-Bit Server VM (25.102-b14) for windows-amd64 JRE (1.8.0_102-b14), built on Jun 22 2016 13:15:21 by "java_re" with MS VC++ 10.0 (VS2010)

time: Wed Dec 14 01:21:10 2016
elapsed time: 7 seconds (0d 0h 0m 7s)

