#
# There is insufficient memory for the Java Runtime Environment to continue.
# Native memory allocation (malloc) failed to allocate 32784 bytes for Chunk::new
# Possible reasons:
#   The system is out of physical RAM or swap space
#   In 32 bit mode, the process size limit was hit
# Possible solutions:
#   Reduce memory load on the system
#   Increase physical memory or swap space
#   Check if swap backing store is full
#   Use 64 bit Java on a 64 bit OS
#   Decrease Java heap size (-Xmx/-Xms)
#   Decrease number of Java threads
#   Decrease Java thread stack sizes (-Xss)
#   Set larger code cache with -XX:ReservedCodeCacheSize=
# This output file may be truncated or incomplete.
#
#  Out of Memory Error (allocation.cpp:390), pid=8248, tid=0x00000000000016e0
#
# JRE version: Java(TM) SE Runtime Environment (8.0_102-b14) (build 1.8.0_102-b14)
# Java VM: Java HotSpot(TM) 64-Bit Server VM (25.102-b14 mixed mode windows-amd64 compressed oops)
# Failed to write core dump. Minidumps are not enabled by default on client versions of Windows
#

---------------  T H R E A D  ---------------

Current thread (0x000000001c277800):  JavaThread "C2 CompilerThread1" daemon [_thread_in_native, id=5856, stack(0x000000001d970000,0x000000001da70000)]

Stack: [0x000000001d970000,0x000000001da70000]
[error occurred during error reporting (printing stack bounds), id 0xc0000005]

Native frames: (J=compiled Java code, j=interpreted, Vv=VM code, C=native code)


Current CompileTask:
C2:   8427 1599       4       com.android.dx.dex.code.OutputFinisher::addConstants (68 bytes)


---------------  P R O C E S S  ---------------

Java Threads: ( => current thread )
  0x000000001dd34800 JavaThread "pool-1-thread-1" [_thread_in_vm, id=8944, stack(0x000000001fe40000,0x000000001ff40000)]
  0x000000001db75000 JavaThread "Service Thread" daemon [_thread_blocked, id=8028, stack(0x000000001df70000,0x000000001e070000)]
  0x000000001c27a800 JavaThread "C1 CompilerThread2" daemon [_thread_blocked, id=8824, stack(0x000000001da70000,0x000000001db70000)]
=>0x000000001c277800 JavaThread "C2 CompilerThread1" daemon [_thread_in_native, id=5856, stack(0x000000001d970000,0x000000001da70000)]
  0x000000001c21b800 JavaThread "C2 CompilerThread0" daemon [_thread_in_native, id=8436, stack(0x000000001d870000,0x000000001d970000)]
  0x000000001c21a800 JavaThread "Attach Listener" daemon [_thread_blocked, id=3268, stack(0x000000001d770000,0x000000001d870000)]
  0x000000001c219000 JavaThread "Signal Dispatcher" daemon [_thread_blocked, id=1800, stack(0x000000001d670000,0x000000001d770000)]
  0x000000001c20a000 JavaThread "Finalizer" daemon [_thread_blocked, id=6488, stack(0x000000001d480000,0x000000001d580000)]
  0x000000001c1e9000 JavaThread "Reference Handler" daemon [_thread_blocked, id=7448, stack(0x000000001d380000,0x000000001d480000)]
  0x0000000002a51000 JavaThread "main" [_thread_blocked, id=7820, stack(0x0000000002950000,0x0000000002a50000)]

Other Threads:
  0x000000001c1e6800 VMThread [stack: 0x000000001d280000,0x000000001d380000] [id=3660]
  0x000000001db89000 WatcherThread [stack: 0x000000001e070000,0x000000001e170000] [id=5104]

VM state:not at safepoint (normal execution)

VM Mutex/Monitor currently owned by a thread: None

Heap:
 PSYoungGen      total 38400K, used 33432K [0x000000076ab00000, 0x000000076f600000, 0x00000007c0000000)
  eden space 33280K, 85% used [0x000000076ab00000,0x000000076c6a8458,0x000000076cb80000)
  from space 5120K, 99% used [0x000000076cb80000,0x000000076d07dc88,0x000000076d080000)
  to   space 5120K, 0% used [0x000000076f100000,0x000000076f100000,0x000000076f600000)
 ParOldGen       total 87552K, used 1420K [0x00000006c0000000, 0x00000006c5580000, 0x000000076ab00000)
  object space 87552K, 1% used [0x00000006c0000000,0x00000006c0163298,0x00000006c5580000)
 Metaspace       used 6168K, capacity 7152K, committed 7296K, reserved 1056768K
  class space    used 599K, capacity 616K, committed 640K, reserved 1048576K

Card table byte_map: [0x0000000011f10000,0x0000000012720000] byte_map_base: 0x000000000e910000

Marking Bits: (ParMarkBitMap*) 0x0000000063bba6c0
 Begin Bits: [0x0000000013080000, 0x0000000017080000)
 End Bits:   [0x0000000017080000, 0x000000001b080000)

Polling page: 0x0000000000dd0000

CodeCache: size=245760Kb used=6700Kb max_used=6700Kb free=239059Kb
 bounds [0x0000000002b50000, 0x00000000031e0000, 0x0000000011b50000]
 total_blobs=1883 nmethods=1619 adapters=176
 compilation: disabled (not enough contiguous free space left)

Compilation events (10 events):
Event: 8.200 Thread 0x000000001c27a800 1612       3       com.android.dx.dex.file.ValueEncoder::addContents (75 bytes)
Event: 8.201 Thread 0x000000001c27a800 nmethod 1612 0x00000000031d9150 code [0x00000000031d9340, 0x00000000031d9f68]
Event: 8.201 Thread 0x000000001c27a800 1613       3       com.android.dx.dex.file.DebugInfoItem::addContents (1 bytes)
Event: 8.201 Thread 0x000000001c27a800 nmethod 1613 0x00000000031d8e10 code [0x00000000031d8f60, 0x00000000031d90b0]
Event: 8.201 Thread 0x000000001c27a800 1614       3       com.android.dx.dex.file.AnnotationItem::addContents (27 bytes)
Event: 8.202 Thread 0x000000001c27a800 nmethod 1614 0x00000000031d87d0 code [0x00000000031d8940, 0x00000000031d8cf8]
Event: 8.202 Thread 0x000000001c27a800 1615       3       com.android.dx.dex.file.ValueEncoder::addContents (75 bytes)
Event: 8.203 Thread 0x000000001c27a800 nmethod 1615 0x00000000031da2d0 code [0x00000000031da580, 0x00000000031dbc18]
Event: 8.205 Thread 0x000000001c27a800 1616       3       com.android.dx.dex.file.IndexedItem::setIndex (24 bytes)
Event: 8.205 Thread 0x000000001c27a800 nmethod 1616 0x00000000031dc890 code [0x00000000031dca00, 0x00000000031dcc48]

GC Heap History (2 events):
Event: 4.906 GC heap before
{Heap before GC invocations=1 (full 0):
 PSYoungGen      total 38400K, used 33280K [0x000000076ab00000, 0x000000076d580000, 0x00000007c0000000)
  eden space 33280K, 100% used [0x000000076ab00000,0x000000076cb80000,0x000000076cb80000)
  from space 5120K, 0% used [0x000000076d080000,0x000000076d080000,0x000000076d580000)
  to   space 5120K, 0% used [0x000000076cb80000,0x000000076cb80000,0x000000076d080000)
 ParOldGen       total 87552K, used 0K [0x00000006c0000000, 0x00000006c5580000, 0x000000076ab00000)
  object space 87552K, 0% used [0x00000006c0000000,0x00000006c0000000,0x00000006c5580000)
 Metaspace       used 5897K, capacity 6960K, committed 7040K, reserved 1056768K
  class space    used 589K, capacity 616K, committed 640K, reserved 1048576K
Event: 5.461 GC heap after
Heap after GC invocations=1 (full 0):
 PSYoungGen      total 38400K, used 5111K [0x000000076ab00000, 0x000000076f600000, 0x00000007c0000000)
  eden space 33280K, 0% used [0x000000076ab00000,0x000000076ab00000,0x000000076cb80000)
  from space 5120K, 99% used [0x000000076cb80000,0x000000076d07dc88,0x000000076d080000)
  to   space 5120K, 0% used [0x000000076f100000,0x000000076f100000,0x000000076f600000)
 ParOldGen       total 87552K, used 1420K [0x00000006c0000000, 0x00000006c5580000, 0x000000076ab00000)
  object space 87552K, 1% used [0x00000006c0000000,0x00000006c0163298,0x00000006c5580000)
 Metaspace       used 5897K, capacity 6960K, committed 7040K, reserved 1056768K
  class space    used 589K, capacity 616K, committed 640K, reserved 1048576K
}

Deoptimization events (10 events):
Event: 8.129 Thread 0x000000001dd34800 Uncommon trap: reason=class_check action=maybe_recompile pc=0x000000000302d4ec method=java.util.Arrays.hashCode([Ljava/lang/Object;)I @ 43
Event: 8.129 Thread 0x000000001dd34800 Uncommon trap: reason=class_check action=maybe_recompile pc=0x000000000302d4ec method=java.util.Arrays.hashCode([Ljava/lang/Object;)I @ 43
Event: 8.130 Thread 0x000000001dd34800 Uncommon trap: reason=class_check action=maybe_recompile pc=0x000000000302dad0 method=java.util.Arrays.hashCode([Ljava/lang/Object;)I @ 43
Event: 8.145 Thread 0x000000001dd34800 Uncommon trap: reason=bimorphic action=maybe_recompile pc=0x0000000002e185b8 method=java.util.HashMap.getNode(ILjava/lang/Object;)Ljava/util/HashMap$Node; @ 126
Event: 8.146 Thread 0x000000001dd34800 Uncommon trap: reason=bimorphic action=maybe_recompile pc=0x0000000002e185b8 method=java.util.HashMap.getNode(ILjava/lang/Object;)Ljava/util/HashMap$Node; @ 126
Event: 8.146 Thread 0x000000001dd34800 Uncommon trap: reason=class_check action=maybe_recompile pc=0x0000000002fa6ba4 method=java.util.HashMap.putVal(ILjava/lang/Object;Ljava/lang/Object;ZZ)Ljava/lang/Object; @ 203
Event: 8.147 Thread 0x000000001dd34800 Uncommon trap: reason=bimorphic action=maybe_recompile pc=0x0000000002e185b8 method=java.util.HashMap.getNode(ILjava/lang/Object;)Ljava/util/HashMap$Node; @ 126
Event: 8.147 Thread 0x000000001dd34800 Uncommon trap: reason=class_check action=maybe_recompile pc=0x0000000002fa6ba4 method=java.util.HashMap.putVal(ILjava/lang/Object;Ljava/lang/Object;ZZ)Ljava/lang/Object; @ 203
Event: 8.147 Thread 0x000000001dd34800 Uncommon trap: reason=class_check action=maybe_recompile pc=0x0000000002fa6ba4 method=java.util.HashMap.putVal(ILjava/lang/Object;Ljava/lang/Object;ZZ)Ljava/lang/Object; @ 203
Event: 8.162 Thread 0x000000001dd34800 Uncommon trap: reason=unstable_if action=reinterpret pc=0x00000000031c68ec method=java.util.HashMap.putVal(ILjava/lang/Object;Ljava/lang/Object;ZZ)Ljava/lang/Object; @ 94

Internal exceptions (4 events):
Event: 0.150 Thread 0x0000000002a51000 Exception <a 'java/lang/NoSuchMethodError': Method sun.misc.Unsafe.defineClass(Ljava/lang/String;[BII)Ljava/lang/Class; name or signature does not match> (0x000000076ab07c78) thrown at [C:\re\workspace\8-2-build-windows-amd64-cygwin\jdk8u102\7268\hotspot\sw∂¸tD√?
Event: 0.151 Thread 0x0000000002a51000 Exception <a 'java/lang/NoSuchMethodError': Method sun.misc.Unsafe.prefetchRead(Ljava/lang/Object;J)V name or signature does not match> (0x000000076ab07f60) thrown at [C:\re\workspace\8-2-build-windows-amd64-cygwin\jdk8u102\7268\hotspot\src\share\vm\prims\àêY»ºı@
Event: 2.995 Thread 0x000000001dd71800 Implicit null exception at 0x0000000002e9202d to 0x0000000002e93a1d
Event: 5.488 Thread 0x000000001dd70800 Implicit null exception at 0x0000000002ed8ee2 to 0x0000000002ed8fe2

Events (10 events):
Event: 8.147 Thread 0x000000001dd34800 Uncommon trap: trap_request=0xffffffde fr.pc=0x0000000002fa6ba4
Event: 8.147 Thread 0x000000001dd34800 DEOPT PACKING pc=0x0000000002fa6ba4 sp=0x000000001ff3efb0
Event: 8.147 Thread 0x000000001dd34800 DEOPT UNPACKING pc=0x0000000002b9582a sp=0x000000001ff3ef28 mode 2
Event: 8.161 loading class com/android/dx/dex/file/CatchStructs
Event: 8.161 loading class com/android/dx/dex/file/CatchStructs done
Event: 8.162 Thread 0x000000001dd34800 Uncommon trap: trap_request=0xffffff65 fr.pc=0x00000000031c68ec
Event: 8.162 Thread 0x000000001dd34800 DEOPT PACKING pc=0x00000000031c68ec sp=0x000000001ff3edf0
Event: 8.162 Thread 0x000000001dd34800 DEOPT UNPACKING pc=0x0000000002b9582a sp=0x000000001ff3ed80 mode 2
Event: 8.205 loading class com/android/dx/dex/file/ProtoIdItem
Event: 8.205 loading class com/android/dx/dex/file/ProtoIdItem done


Dynamic libraries:
0x00007ff608e00000 - 0x00007ff608e37000 	C:\Program Files\Java\jdk1.8.0_102\bin\java.exe
0x00007ffd83a90000 - 0x00007ffd83c61000 	C:\WINDOWS\SYSTEM32\ntdll.dll
0x00007ffd82e60000 - 0x00007ffd82f0b000 	C:\WINDOWS\System32\KERNEL32.DLL
0x00007ffd80be0000 - 0x00007ffd80dfd000 	C:\WINDOWS\System32\KERNELBASE.dll
0x00007ffd834b0000 - 0x00007ffd83552000 	C:\WINDOWS\System32\ADVAPI32.dll
0x00007ffd839f0000 - 0x00007ffd83a8e000 	C:\WINDOWS\System32\msvcrt.dll
0x00007ffd82e00000 - 0x00007ffd82e59000 	C:\WINDOWS\System32\sechost.dll
0x00007ffd82cd0000 - 0x00007ffd82df1000 	C:\WINDOWS\System32\RPCRT4.dll
0x00007ffd83340000 - 0x00007ffd834a5000 	C:\WINDOWS\System32\USER32.dll
0x00007ffd80e00000 - 0x00007ffd80e1e000 	C:\WINDOWS\System32\win32u.dll
0x00007ffd82f10000 - 0x00007ffd82f44000 	C:\WINDOWS\System32\GDI32.dll
0x00007ffd80e20000 - 0x00007ffd80fa2000 	C:\WINDOWS\System32\gdi32full.dll
0x00007ffd73b90000 - 0x00007ffd73e09000 	C:\WINDOWS\WinSxS\amd64_microsoft.windows.common-controls_6595b64144ccf1df_6.0.14393.447_none_42191651c6827bb3\COMCTL32.dll
0x00007ffd835e0000 - 0x00007ffd838a8000 	C:\WINDOWS\System32\combase.dll
0x00007ffd80a40000 - 0x00007ffd80b35000 	C:\WINDOWS\System32\ucrtbase.dll
0x00007ffd80fb0000 - 0x00007ffd8101a000 	C:\WINDOWS\System32\bcryptPrimitives.dll
0x00007ffd82f50000 - 0x00007ffd82f7e000 	C:\WINDOWS\System32\IMM32.DLL
0x0000000063c40000 - 0x0000000063d11000 	C:\Program Files\Java\jdk1.8.0_102\jre\bin\msvcr100.dll
0x00000000633a0000 - 0x0000000063c3a000 	C:\Program Files\Java\jdk1.8.0_102\jre\bin\server\jvm.dll
0x00007ffd82890000 - 0x00007ffd82898000 	C:\WINDOWS\System32\PSAPI.DLL
0x00007ffd74300000 - 0x00007ffd74309000 	C:\WINDOWS\SYSTEM32\WSOCK32.dll
0x00007ffd83570000 - 0x00007ffd835da000 	C:\WINDOWS\System32\WS2_32.dll
0x00007ffd7e430000 - 0x00007ffd7e453000 	C:\WINDOWS\SYSTEM32\WINMM.dll
0x00007ffd6feb0000 - 0x00007ffd6feba000 	C:\WINDOWS\SYSTEM32\VERSION.dll
0x00007ffd7e3d0000 - 0x00007ffd7e3fb000 	C:\WINDOWS\SYSTEM32\WINMMBASE.dll
0x00007ffd80660000 - 0x00007ffd806a2000 	C:\WINDOWS\System32\cfgmgr32.dll
0x0000000064b10000 - 0x0000000064b1f000 	C:\Program Files\Java\jdk1.8.0_102\jre\bin\verify.dll
0x0000000064110000 - 0x0000000064139000 	C:\Program Files\Java\jdk1.8.0_102\jre\bin\java.dll
0x00000000640f0000 - 0x0000000064106000 	C:\Program Files\Java\jdk1.8.0_102\jre\bin\zip.dll
0x00007ffd81150000 - 0x00007ffd82659000 	C:\WINDOWS\System32\SHELL32.dll
0x00007ffd7ff80000 - 0x00007ffd8065a000 	C:\WINDOWS\System32\windows.storage.dll
0x00007ffd7ff20000 - 0x00007ffd7ff6c000 	C:\WINDOWS\System32\powrprof.dll
0x00007ffd82820000 - 0x00007ffd82872000 	C:\WINDOWS\System32\shlwapi.dll
0x00007ffd7ff10000 - 0x00007ffd7ff1f000 	C:\WINDOWS\System32\kernel.appcore.dll
0x00007ffd806b0000 - 0x00007ffd80759000 	C:\WINDOWS\System32\shcore.dll
0x00007ffd7fef0000 - 0x00007ffd7ff04000 	C:\WINDOWS\System32\profapi.dll

VM Arguments:
jvm_args: -Djava.awt.headless=true -Xmx4g -Dfile.encoding=windows-1252 -Duser.country=US -Duser.language=en -Duser.variant 
java_command: com.android.dx.command.Main --dex --force-jumbo --num-threads=4 --multi-dex --output C:\Users\Administrator\Desktop\KeyOutcomesTracker\app\build\intermediates\transforms\dex\debug\folders\1000\10\com.android.support-support-core-utils-25.1.0_9e381fa4db028ce5360b1a21674a89008b7e7a53 C:\Users\Administrator\Desktop\KeyOutcomesTracker\app\build\intermediates\exploded-aar\com.android.support\support-core-utils\25.1.0\jars\classes.jar
java_class_path (initial): C:\Users\Administrator\AppData\Local\Android\sdk\build-tools\25.0.0\lib\dx.jar
Launcher Type: SUN_STANDARD

Environment Variables:
PATH=C:\Python27\;C:\Python27\Scripts;C:\ProgramData\Oracle\Java\javapath;C:\WINDOWS\system32;C:\WINDOWS;C:\WINDOWS\System32\Wbem;C:\WINDOWS\System32\WindowsPowerShell\v1.0\;C:\Program Files\nodejs\;C:\Program Files\Git\cmd;C:\Users\Administrator\AppData\Local\Microsoft\WindowsApps;C:\Users\Administrator\AppData\Roaming\npm;C:\Users\Administrator\AppData\Local\atom\bin;C:\Python27
USERNAME=Administrator
OS=Windows_NT
PROCESSOR_IDENTIFIER=Intel64 Family 6 Model 61 Stepping 4, GenuineIntel



---------------  S Y S T E M  ---------------

OS: Windows 10.0 , 64 bit Build 14393 (10.0.14393.0)

CPU:total 4 (2 cores per cpu, 2 threads per core) family 6 model 61 stepping 4, cmov, cx8, fxsr, mmx, sse, sse2, sse3, ssse3, sse4.1, sse4.2, popcnt, avx, avx2, aes, clmul, erms, 3dnowpref, lzcnt, ht, tsc, tscinvbit, bmi1, bmi2, adx

Memory: 4k page, physical 8291024k(1916988k free), swap 9339600k(4268k free)

vm_info: Java HotSpot(TM) 64-Bit Server VM (25.102-b14) for windows-amd64 JRE (1.8.0_102-b14), built on Jun 22 2016 13:15:21 by "java_re" with MS VC++ 10.0 (VS2010)

time: Wed Jan 11 14:03:30 2017
elapsed time: 8 seconds (0d 0h 0m 8s)

