#
# There is insufficient memory for the Java Runtime Environment to continue.
# Native memory allocation (malloc) failed to allocate 239296 bytes for Chunk::new
# Possible reasons:
#   The system is out of physical RAM or swap space
#   In 32 bit mode, the process size limit was hit
# Possible solutions:
#   Reduce memory load on the system
#   Increase physical memory or swap space
#   Check if swap backing store is full
#   Use 64 bit Java on a 64 bit OS
#   Decrease Java heap size (-Xmx/-Xms)
#   Decrease number of Java threads
#   Decrease Java thread stack sizes (-Xss)
#   Set larger code cache with -XX:ReservedCodeCacheSize=
# This output file may be truncated or incomplete.
#
#  Out of Memory Error (allocation.cpp:390), pid=3364, tid=0x0000000000000628
#
# JRE version: Java(TM) SE Runtime Environment (8.0_102-b14) (build 1.8.0_102-b14)
# Java VM: Java HotSpot(TM) 64-Bit Server VM (25.102-b14 mixed mode windows-amd64 compressed oops)
# Failed to write core dump. Minidumps are not enabled by default on client versions of Windows
#

---------------  T H R E A D  ---------------

Current thread (0x000000001c1e7800):  JavaThread "C2 CompilerThread1" daemon [_thread_in_native, id=1576, stack(0x000000001d8e0000,0x000000001d9e0000)]

Stack: [0x000000001d8e0000,0x000000001d9e0000]
[error occurred during error reporting (printing stack bounds), id 0xc0000005]

Native frames: (J=compiled Java code, j=interpreted, Vv=VM code, C=native code)


Current CompileTask:
C2:  12025 2858       4       com.android.dx.dex.code.form.Form35c::writeTo (157 bytes)


---------------  P R O C E S S  ---------------

Java Threads: ( => current thread )
  0x000000001de1d800 JavaThread "pool-1-thread-1" [_thread_in_Java, id=8720, stack(0x0000000020d80000,0x0000000020e80000)]
  0x000000001dae5000 JavaThread "Service Thread" daemon [_thread_blocked, id=6452, stack(0x000000001dee0000,0x000000001dfe0000)]
  0x000000001c1ee000 JavaThread "C1 CompilerThread2" daemon [_thread_blocked, id=6104, stack(0x000000001d9e0000,0x000000001dae0000)]
=>0x000000001c1e7800 JavaThread "C2 CompilerThread1" daemon [_thread_in_native, id=1576, stack(0x000000001d8e0000,0x000000001d9e0000)]
  0x000000001c18e000 JavaThread "C2 CompilerThread0" daemon [_thread_blocked, id=868, stack(0x000000001d7e0000,0x000000001d8e0000)]
  0x000000001c18a800 JavaThread "Attach Listener" daemon [_thread_blocked, id=7572, stack(0x000000001d6e0000,0x000000001d7e0000)]
  0x000000001c189000 JavaThread "Signal Dispatcher" daemon [_thread_blocked, id=8732, stack(0x000000001d5e0000,0x000000001d6e0000)]
  0x000000001c17a000 JavaThread "Finalizer" daemon [_thread_blocked, id=6908, stack(0x000000001d3f0000,0x000000001d4f0000)]
  0x000000001c158800 JavaThread "Reference Handler" daemon [_thread_blocked, id=8792, stack(0x000000001d2f0000,0x000000001d3f0000)]
  0x00000000028e0800 JavaThread "main" [_thread_blocked, id=8376, stack(0x0000000001080000,0x0000000001180000)]

Other Threads:
  0x000000001c156800 VMThread [stack: 0x000000001d1f0000,0x000000001d2f0000] [id=1532]
  0x000000001db01000 WatcherThread [stack: 0x000000001dfe0000,0x000000001e0e0000] [id=5092]

VM state:not at safepoint (normal execution)

VM Mutex/Monitor currently owned by a thread: None

Heap:
 PSYoungGen      total 146944K, used 137160K [0x000000076ab00000, 0x0000000775000000, 0x00000007c0000000)
  eden space 131072K, 93% used [0x000000076ab00000,0x00000007722a4968,0x0000000772b00000)
  from space 15872K, 92% used [0x0000000773c80000,0x0000000774acd720,0x0000000774c00000)
  to   space 17920K, 0% used [0x0000000772b00000,0x0000000772b00000,0x0000000773c80000)
 ParOldGen       total 87552K, used 24229K [0x00000006c0000000, 0x00000006c5580000, 0x000000076ab00000)
  object space 87552K, 27% used [0x00000006c0000000,0x00000006c17a9498,0x00000006c5580000)
 Metaspace       used 6877K, capacity 7672K, committed 7936K, reserved 1056768K
  class space    used 634K, capacity 688K, committed 768K, reserved 1048576K

Card table byte_map: [0x0000000011e80000,0x0000000012690000] byte_map_base: 0x000000000e880000

Marking Bits: (ParMarkBitMap*) 0x0000000052d4a6c0
 Begin Bits: [0x0000000012ff0000, 0x0000000016ff0000)
 End Bits:   [0x0000000016ff0000, 0x000000001aff0000)

Polling page: 0x0000000000d50000

CodeCache: size=245760Kb used=11721Kb max_used=11733Kb free=234038Kb
 bounds [0x0000000002ac0000, 0x0000000003640000, 0x0000000011ac0000]
 total_blobs=2919 nmethods=2654 adapters=177
 compilation: enabled

Compilation events (10 events):
Event: 12.006 Thread 0x000000001c1ee000 nmethod 2856 0x0000000003624610 code [0x0000000003624780, 0x0000000003624a68]
Event: 12.011 Thread 0x000000001c18e000 2857       4       com.android.dx.dex.code.InsnFormat::codeUnit (89 bytes)
Event: 12.012 Thread 0x000000001c18e000 nmethod 2857 0x0000000003622690 code [0x00000000036227c0, 0x00000000036228b8]
Event: 12.012 Thread 0x000000001c1e7800 2858       4       com.android.dx.dex.code.form.Form35c::writeTo (157 bytes)
Event: 12.013 Thread 0x000000001c1ee000 2859       3       com.android.dx.dex.file.CatchStructs::finishProcessingIfNecessary (19 bytes)
Event: 12.013 Thread 0x000000001c1ee000 nmethod 2859 0x000000000362ec90 code [0x000000000362ee00, 0x000000000362f0e8]
Event: 12.014 Thread 0x000000001c18e000 2860       4       com.android.dx.dex.code.form.Form22c::writeTo (45 bytes)
Event: 12.017 Thread 0x000000001c1ee000 2861       3       com.android.dx.dex.code.form.Form31c::writeTo (33 bytes)
Event: 12.018 Thread 0x000000001c1ee000 nmethod 2861 0x000000000363add0 code [0x000000000363afc0, 0x000000000363b8f8]
Event: 12.019 Thread 0x000000001c18e000 nmethod 2860 0x000000000363d910 code [0x000000000363da80, 0x000000000363ded8]

GC Heap History (10 events):
Event: 3.445 GC heap before
{Heap before GC invocations=2 (full 0):
 PSYoungGen      total 38400K, used 38386K [0x000000076ab00000, 0x000000076d580000, 0x00000007c0000000)
  eden space 33280K, 100% used [0x000000076ab00000,0x000000076cb80000,0x000000076cb80000)
  from space 5120K, 99% used [0x000000076cb80000,0x000000076d07c800,0x000000076d080000)
  to   space 5120K, 0% used [0x000000076d080000,0x000000076d080000,0x000000076d580000)
 ParOldGen       total 87552K, used 710K [0x00000006c0000000, 0x00000006c5580000, 0x000000076ab00000)
  object space 87552K, 0% used [0x00000006c0000000,0x00000006c00b1950,0x00000006c5580000)
 Metaspace       used 6073K, capacity 7088K, committed 7296K, reserved 1056768K
  class space    used 590K, capacity 616K, committed 640K, reserved 1048576K
Event: 3.488 GC heap after
Heap after GC invocations=2 (full 0):
 PSYoungGen      total 38400K, used 5111K [0x000000076ab00000, 0x000000076f600000, 0x00000007c0000000)
  eden space 33280K, 0% used [0x000000076ab00000,0x000000076ab00000,0x000000076cb80000)
  from space 5120K, 99% used [0x000000076d080000,0x000000076d57ddc0,0x000000076d580000)
  to   space 5120K, 0% used [0x000000076cb80000,0x000000076cb80000,0x000000076d080000)
 ParOldGen       total 87552K, used 4930K [0x00000006c0000000, 0x00000006c5580000, 0x000000076ab00000)
  object space 87552K, 5% used [0x00000006c0000000,0x00000006c04d0ac0,0x00000006c5580000)
 Metaspace       used 6073K, capacity 7088K, committed 7296K, reserved 1056768K
  class space    used 590K, capacity 616K, committed 640K, reserved 1048576K
}
Event: 3.744 GC heap before
{Heap before GC invocations=3 (full 0):
 PSYoungGen      total 38400K, used 38391K [0x000000076ab00000, 0x000000076f600000, 0x00000007c0000000)
  eden space 33280K, 100% used [0x000000076ab00000,0x000000076cb80000,0x000000076cb80000)
  from space 5120K, 99% used [0x000000076d080000,0x000000076d57ddc0,0x000000076d580000)
  to   space 5120K, 0% used [0x000000076cb80000,0x000000076cb80000,0x000000076d080000)
 ParOldGen       total 87552K, used 4930K [0x00000006c0000000, 0x00000006c5580000, 0x000000076ab00000)
  object space 87552K, 5% used [0x00000006c0000000,0x00000006c04d0ac0,0x00000006c5580000)
 Metaspace       used 6126K, capacity 7088K, committed 7296K, reserved 1056768K
  class space    used 590K, capacity 616K, committed 640K, reserved 1048576K
Event: 3.799 GC heap after
Heap after GC invocations=3 (full 0):
 PSYoungGen      total 38400K, used 5094K [0x000000076ab00000, 0x000000076f600000, 0x00000007c0000000)
  eden space 33280K, 0% used [0x000000076ab00000,0x000000076ab00000,0x000000076cb80000)
  from space 5120K, 99% used [0x000000076cb80000,0x000000076d079858,0x000000076d080000)
  to   space 5120K, 0% used [0x000000076f100000,0x000000076f100000,0x000000076f600000)
 ParOldGen       total 87552K, used 9089K [0x00000006c0000000, 0x00000006c5580000, 0x000000076ab00000)
  object space 87552K, 10% used [0x00000006c0000000,0x00000006c08e06a0,0x00000006c5580000)
 Metaspace       used 6126K, capacity 7088K, committed 7296K, reserved 1056768K
  class space    used 590K, capacity 616K, committed 640K, reserved 1048576K
}
Event: 4.089 GC heap before
{Heap before GC invocations=4 (full 0):
 PSYoungGen      total 38400K, used 38374K [0x000000076ab00000, 0x000000076f600000, 0x00000007c0000000)
  eden space 33280K, 100% used [0x000000076ab00000,0x000000076cb80000,0x000000076cb80000)
  from space 5120K, 99% used [0x000000076cb80000,0x000000076d079858,0x000000076d080000)
  to   space 5120K, 0% used [0x000000076f100000,0x000000076f100000,0x000000076f600000)
 ParOldGen       total 87552K, used 9089K [0x00000006c0000000, 0x00000006c5580000, 0x000000076ab00000)
  object space 87552K, 10% used [0x00000006c0000000,0x00000006c08e06a0,0x00000006c5580000)
 Metaspace       used 6165K, capacity 7152K, committed 7296K, reserved 1056768K
  class space    used 591K, capacity 616K, committed 640K, reserved 1048576K
Event: 4.111 GC heap after
Heap after GC invocations=4 (full 0):
 PSYoungGen      total 71680K, used 5108K [0x000000076ab00000, 0x000000076f600000, 0x00000007c0000000)
  eden space 66560K, 0% used [0x000000076ab00000,0x000000076ab00000,0x000000076ec00000)
  from space 5120K, 99% used [0x000000076f100000,0x000000076f5fd3b0,0x000000076f600000)
  to   space 5120K, 0% used [0x000000076ec00000,0x000000076ec00000,0x000000076f100000)
 ParOldGen       total 87552K, used 14363K [0x00000006c0000000, 0x00000006c5580000, 0x000000076ab00000)
  object space 87552K, 16% used [0x00000006c0000000,0x00000006c0e06c70,0x00000006c5580000)
 Metaspace       used 6165K, capacity 7152K, committed 7296K, reserved 1056768K
  class space    used 591K, capacity 616K, committed 640K, reserved 1048576K
}
Event: 4.658 GC heap before
{Heap before GC invocations=5 (full 0):
 PSYoungGen      total 71680K, used 71668K [0x000000076ab00000, 0x000000076f600000, 0x00000007c0000000)
  eden space 66560K, 100% used [0x000000076ab00000,0x000000076ec00000,0x000000076ec00000)
  from space 5120K, 99% used [0x000000076f100000,0x000000076f5fd3b0,0x000000076f600000)
  to   space 5120K, 0% used [0x000000076ec00000,0x000000076ec00000,0x000000076f100000)
 ParOldGen       total 87552K, used 14363K [0x00000006c0000000, 0x00000006c5580000, 0x000000076ab00000)
  object space 87552K, 16% used [0x00000006c0000000,0x00000006c0e06c70,0x00000006c5580000)
 Metaspace       used 6186K, capacity 7152K, committed 7296K, reserved 1056768K
  class space    used 591K, capacity 616K, committed 640K, reserved 1048576K
Event: 4.735 GC heap after
Heap after GC invocations=5 (full 0):
 PSYoungGen      total 71680K, used 5097K [0x000000076ab00000, 0x0000000774c00000, 0x00000007c0000000)
  eden space 66560K, 0% used [0x000000076ab00000,0x000000076ab00000,0x000000076ec00000)
  from space 5120K, 99% used [0x000000076ec00000,0x000000076f0fa400,0x000000076f100000)
  to   space 15872K, 0% used [0x0000000773c80000,0x0000000773c80000,0x0000000774c00000)
 ParOldGen       total 87552K, used 24229K [0x00000006c0000000, 0x00000006c5580000, 0x000000076ab00000)
  object space 87552K, 27% used [0x00000006c0000000,0x00000006c17a9498,0x00000006c5580000)
 Metaspace       used 6186K, capacity 7152K, committed 7296K, reserved 1056768K
  class space    used 591K, capacity 616K, committed 640K, reserved 1048576K
}
Event: 6.098 GC heap before
{Heap before GC invocations=6 (full 0):
 PSYoungGen      total 71680K, used 71657K [0x000000076ab00000, 0x0000000774c00000, 0x00000007c0000000)
  eden space 66560K, 100% used [0x000000076ab00000,0x000000076ec00000,0x000000076ec00000)
  from space 5120K, 99% used [0x000000076ec00000,0x000000076f0fa400,0x000000076f100000)
  to   space 15872K, 0% used [0x0000000773c80000,0x0000000773c80000,0x0000000774c00000)
 ParOldGen       total 87552K, used 24229K [0x00000006c0000000, 0x00000006c5580000, 0x000000076ab00000)
  object space 87552K, 27% used [0x00000006c0000000,0x00000006c17a9498,0x00000006c5580000)
 Metaspace       used 6361K, capacity 7224K, committed 7296K, reserved 1056768K
  class space    used 611K, capacity 624K, committed 640K, reserved 1048576K
Event: 6.130 GC heap after
Heap after GC invocations=6 (full 0):
 PSYoungGen      total 146944K, used 14645K [0x000000076ab00000, 0x0000000775000000, 0x00000007c0000000)
  eden space 131072K, 0% used [0x000000076ab00000,0x000000076ab00000,0x0000000772b00000)
  from space 15872K, 92% used [0x0000000773c80000,0x0000000774acd720,0x0000000774c00000)
  to   space 17920K, 0% used [0x0000000772b00000,0x0000000772b00000,0x0000000773c80000)
 ParOldGen       total 87552K, used 24229K [0x00000006c0000000, 0x00000006c5580000, 0x000000076ab00000)
  object space 87552K, 27% used [0x00000006c0000000,0x00000006c17a9498,0x00000006c5580000)
 Metaspace       used 6361K, capacity 7224K, committed 7296K, reserved 1056768K
  class space    used 611K, capacity 624K, committed 640K, reserved 1048576K
}

Deoptimization events (10 events):
Event: 8.892 Thread 0x000000001de1d800 Uncommon trap: reason=unstable_if action=reinterpret pc=0x0000000002defc70 method=java.util.Arrays.equals([Ljava/lang/Object;[Ljava/lang/Object;)Z @ 23
Event: 8.903 Thread 0x000000001de1d800 Uncommon trap: reason=speculate_class_check action=maybe_recompile pc=0x0000000002dfdb78 method=com.android.dx.util.FixedSizeList.equals(Ljava/lang/Object;)Z @ 25
Event: 8.903 Thread 0x000000001de1d800 Uncommon trap: reason=speculate_class_check action=maybe_recompile pc=0x0000000002dfdb78 method=com.android.dx.util.FixedSizeList.equals(Ljava/lang/Object;)Z @ 25
Event: 8.903 Thread 0x000000001de1d800 Uncommon trap: reason=speculate_class_check action=maybe_recompile pc=0x0000000002dfdb78 method=com.android.dx.util.FixedSizeList.equals(Ljava/lang/Object;)Z @ 25
Event: 9.024 Thread 0x000000001de1d800 Uncommon trap: reason=unstable_if action=reinterpret pc=0x0000000003468e34 method=com.android.dx.rop.code.RegisterSpec.matchesVariable(Lcom/android/dx/rop/code/RegisterSpec;)Z @ 59
Event: 9.109 Thread 0x000000001de1d800 Uncommon trap: reason=unstable_if action=reinterpret pc=0x0000000003307f80 method=java.util.TreeMap.put(Ljava/lang/Object;Ljava/lang/Object;)Ljava/lang/Object; @ 163
Event: 9.110 Thread 0x000000001de1d800 Uncommon trap: reason=unstable_if action=reinterpret pc=0x0000000003274a98 method=com.android.dx.rop.code.RegisterSpecSet.equals(Ljava/lang/Object;)Z @ 30
Event: 9.150 Thread 0x000000001de1d800 Uncommon trap: reason=unstable_if action=reinterpret pc=0x0000000003491418 method=com.android.dx.dex.code.LocalList$MakeState.filterSpec(Lcom/android/dx/rop/code/RegisterSpec;)Lcom/android/dx/rop/code/RegisterSpec; @ 11
Event: 10.177 Thread 0x000000001de1d800 Uncommon trap: reason=unstable_if action=reinterpret pc=0x00000000034300fc method=java.util.ArrayList.<init>(I)V @ 5
Event: 11.030 Thread 0x000000001de1d800 Uncommon trap: reason=unstable_if action=reinterpret pc=0x0000000003550254 method=com.android.dx.util.ByteArrayAnnotatedOutput.writeByte(I)V @ 13

Internal exceptions (5 events):
Event: 0.407 Thread 0x00000000028e0800 Exception <a 'java/lang/NoSuchMethodError': Method sun.misc.Unsafe.defineClass(Ljava/lang/String;[BII)Ljava/lang/Class; name or signature does not match> (0x000000076ab07c78) thrown at [C:\re\workspace\8-2-build-windows-amd64-cygwin\jdk8u102\7268\hotspot\sYúŒuÚ?
Event: 0.407 Thread 0x00000000028e0800 Exception <a 'java/lang/NoSuchMethodError': Method sun.misc.Unsafe.prefetchRead(Ljava/lang/Object;J)V name or signature does not match> (0x000000076ab07f60) thrown at [C:\re\workspace\8-2-build-windows-amd64-cygwin\jdk8u102\7268\hotspot\src\share\vm\prims\ïÈý€þ@
Event: 4.771 Thread 0x000000001de20000 Exception <a 'java/lang/ArrayIndexOutOfBoundsException': 18> (0x000000076b23d138) thrown at [C:\re\workspace\8-2-build-windows-amd64-cygwin\jdk8u102\7268\hotspot\src\share\vm\interpreter\interpreterRuntime.cpp, line 366]
Event: 4.772 Thread 0x000000001de20000 Exception <a 'java/lang/ArrayIndexOutOfBoundsException'> (0x000000076b23ecb8) thrown at [C:\re\workspace\8-2-build-windows-amd64-cygwin\jdk8u102\7268\hotspot\src\share\vm\runtime\sharedRuntime.cpp, line 605]
Event: 4.773 Thread 0x000000001de20000 Exception <a 'java/lang/ArrayIndexOutOfBoundsException'> (0x000000076b23ffa0) thrown at [C:\re\workspace\8-2-build-windows-amd64-cygwin\jdk8u102\7268\hotspot\src\share\vm\runtime\sharedRuntime.cpp, line 605]

Events (10 events):
Event: 11.029 loading class com/android/dex/DexFormat done
Event: 11.030 Thread 0x000000001de1d800 Uncommon trap: trap_request=0xffffff65 fr.pc=0x0000000003550254
Event: 11.030 Thread 0x000000001de1d800 DEOPT PACKING pc=0x0000000003550254 sp=0x0000000020e7ed90
Event: 11.030 Thread 0x000000001de1d800 DEOPT UNPACKING pc=0x0000000002b0582a sp=0x0000000020e7ed48 mode 2
Event: 11.611 Thread 0x000000001de1d800 DEOPT PACKING pc=0x00000000036038df sp=0x0000000020e7e9b0
Event: 11.611 Thread 0x000000001de1d800 DEOPT UNPACKING pc=0x0000000002b0787f sp=0x0000000020e7e788 mode 0
Event: 11.982 Thread 0x000000001de1d800 DEOPT PACKING pc=0x00000000036003da sp=0x0000000020e7eb10
Event: 11.982 Thread 0x000000001de1d800 DEOPT UNPACKING pc=0x0000000002b0787f sp=0x0000000020e7e830 mode 0
Event: 11.987 Thread 0x000000001de1d800 DEOPT PACKING pc=0x00000000036003da sp=0x0000000020e7eb10
Event: 11.987 Thread 0x000000001de1d800 DEOPT UNPACKING pc=0x0000000002b0787f sp=0x0000000020e7e830 mode 0


Dynamic libraries:
0x00007ff7a4c50000 - 0x00007ff7a4c87000 	C:\Program Files\Java\jdk1.8.0_102\bin\java.exe
0x00007ffd83bb0000 - 0x00007ffd83d81000 	C:\WINDOWS\SYSTEM32\ntdll.dll
0x00007ffd81f40000 - 0x00007ffd81feb000 	C:\WINDOWS\System32\KERNEL32.DLL
0x00007ffd80740000 - 0x00007ffd8095d000 	C:\WINDOWS\System32\KERNELBASE.dll
0x00007ffd82380000 - 0x00007ffd82422000 	C:\WINDOWS\System32\ADVAPI32.dll
0x00007ffd81e70000 - 0x00007ffd81f0e000 	C:\WINDOWS\System32\msvcrt.dll
0x00007ffd821b0000 - 0x00007ffd82209000 	C:\WINDOWS\System32\sechost.dll
0x00007ffd81280000 - 0x00007ffd813a1000 	C:\WINDOWS\System32\RPCRT4.dll
0x00007ffd82210000 - 0x00007ffd82375000 	C:\WINDOWS\System32\USER32.dll
0x00007ffd80630000 - 0x00007ffd8064e000 	C:\WINDOWS\System32\win32u.dll
0x00007ffd83b70000 - 0x00007ffd83ba4000 	C:\WINDOWS\System32\GDI32.dll
0x00007ffd80320000 - 0x00007ffd804a2000 	C:\WINDOWS\System32\gdi32full.dll
0x00007ffd74990000 - 0x00007ffd74c09000 	C:\WINDOWS\WinSxS\amd64_microsoft.windows.common-controls_6595b64144ccf1df_6.0.14393.447_none_42191651c6827bb3\COMCTL32.dll
0x00007ffd813b0000 - 0x00007ffd81678000 	C:\WINDOWS\System32\combase.dll
0x00007ffd80960000 - 0x00007ffd80a55000 	C:\WINDOWS\System32\ucrtbase.dll
0x00007ffd805c0000 - 0x00007ffd8062a000 	C:\WINDOWS\System32\bcryptPrimitives.dll
0x00007ffd82430000 - 0x00007ffd8245e000 	C:\WINDOWS\System32\IMM32.DLL
0x0000000052dd0000 - 0x0000000052ea1000 	C:\Program Files\Java\jdk1.8.0_102\jre\bin\msvcr100.dll
0x0000000052530000 - 0x0000000052dca000 	C:\Program Files\Java\jdk1.8.0_102\jre\bin\server\jvm.dll
0x00007ffd81ab0000 - 0x00007ffd81ab8000 	C:\WINDOWS\System32\PSAPI.DLL
0x00007ffd6b310000 - 0x00007ffd6b319000 	C:\WINDOWS\SYSTEM32\WSOCK32.dll
0x00007ffd81da0000 - 0x00007ffd81e0a000 	C:\WINDOWS\System32\WS2_32.dll
0x00007ffd7e4d0000 - 0x00007ffd7e4f3000 	C:\WINDOWS\SYSTEM32\WINMM.dll
0x00007ffd6ea30000 - 0x00007ffd6ea3a000 	C:\WINDOWS\SYSTEM32\VERSION.dll
0x00007ffd7e470000 - 0x00007ffd7e49b000 	C:\WINDOWS\SYSTEM32\WINMMBASE.dll
0x00007ffd806f0000 - 0x00007ffd80732000 	C:\WINDOWS\System32\cfgmgr32.dll
0x0000000052520000 - 0x000000005252f000 	C:\Program Files\Java\jdk1.8.0_102\jre\bin\verify.dll
0x00000000524f0000 - 0x0000000052519000 	C:\Program Files\Java\jdk1.8.0_102\jre\bin\java.dll
0x00000000524d0000 - 0x00000000524e6000 	C:\Program Files\Java\jdk1.8.0_102\jre\bin\zip.dll
0x00007ffd82560000 - 0x00007ffd83a69000 	C:\WINDOWS\System32\SHELL32.dll
0x00007ffd80a60000 - 0x00007ffd8113a000 	C:\WINDOWS\System32\windows.storage.dll
0x00007ffd80040000 - 0x00007ffd8008c000 	C:\WINDOWS\System32\powrprof.dll
0x00007ffd83b10000 - 0x00007ffd83b62000 	C:\WINDOWS\System32\shlwapi.dll
0x00007ffd80030000 - 0x00007ffd8003f000 	C:\WINDOWS\System32\kernel.appcore.dll
0x00007ffd80270000 - 0x00007ffd80319000 	C:\WINDOWS\System32\shcore.dll
0x00007ffd80010000 - 0x00007ffd80024000 	C:\WINDOWS\System32\profapi.dll

VM Arguments:
jvm_args: -Djava.awt.headless=true -Xmx4g -Dfile.encoding=windows-1252 -Duser.country=US -Duser.language=en -Duser.variant 
java_command: com.android.dx.command.Main --dex --force-jumbo --num-threads=4 --multi-dex --output C:\Users\Administrator\Desktop\KeyOutcomesTracker\app\build\intermediates\transforms\dex\debug\folders\1000\10\com.android.support-appcompat-v7-25.1.0_9e07fe523f29e88e28933b879f7133e140e0e045 C:\Users\Administrator\Desktop\KeyOutcomesTracker\app\build\intermediates\exploded-aar\com.android.support\appcompat-v7\25.1.0\jars\classes.jar
java_class_path (initial): C:\Users\Administrator\AppData\Local\Android\sdk\build-tools\25.0.0\lib\dx.jar
Launcher Type: SUN_STANDARD

Environment Variables:
PATH=C:\Python27\;C:\Python27\Scripts;C:\ProgramData\Oracle\Java\javapath;C:\WINDOWS\system32;C:\WINDOWS;C:\WINDOWS\System32\Wbem;C:\WINDOWS\System32\WindowsPowerShell\v1.0\;C:\Program Files\nodejs\;C:\Program Files\Git\cmd;C:\Users\Administrator\AppData\Local\Microsoft\WindowsApps;C:\Users\Administrator\AppData\Roaming\npm;C:\Users\Administrator\AppData\Local\atom\bin;C:\Python27
USERNAME=Administrator
OS=Windows_NT
PROCESSOR_IDENTIFIER=Intel64 Family 6 Model 61 Stepping 4, GenuineIntel



---------------  S Y S T E M  ---------------

OS: Windows 10.0 , 64 bit Build 14393 (10.0.14393.0)

CPU:total 4 (2 cores per cpu, 2 threads per core) family 6 model 61 stepping 4, cmov, cx8, fxsr, mmx, sse, sse2, sse3, ssse3, sse4.1, sse4.2, popcnt, avx, avx2, aes, clmul, erms, 3dnowpref, lzcnt, ht, tsc, tscinvbit, bmi1, bmi2, adx

Memory: 4k page, physical 8291024k(1814432k free), swap 9339600k(5260k free)

vm_info: Java HotSpot(TM) 64-Bit Server VM (25.102-b14) for windows-amd64 JRE (1.8.0_102-b14), built on Jun 22 2016 13:15:21 by "java_re" with MS VC++ 10.0 (VS2010)

time: Wed Dec 14 01:21:10 2016
elapsed time: 12 seconds (0d 0h 0m 12s)

