#
# There is insufficient memory for the Java Runtime Environment to continue.
# Native memory allocation (malloc) failed to allocate 1048576 bytes for AllocateHeap
# Possible reasons:
#   The system is out of physical RAM or swap space
#   In 32 bit mode, the process size limit was hit
# Possible solutions:
#   Reduce memory load on the system
#   Increase physical memory or swap space
#   Check if swap backing store is full
#   Use 64 bit Java on a 64 bit OS
#   Decrease Java heap size (-Xmx/-Xms)
#   Decrease number of Java threads
#   Decrease Java thread stack sizes (-Xss)
#   Set larger code cache with -XX:ReservedCodeCacheSize=
# This output file may be truncated or incomplete.
#
#  Out of Memory Error (memory/allocation.inline.hpp:61), pid=4656, tid=0x00000000000006c0
#
# JRE version:  (8.0_102-b14) (build )
# Java VM: Java HotSpot(TM) 64-Bit Server VM (25.102-b14 mixed mode windows-amd64 compressed oops)
# Failed to write core dump. Minidumps are not enabled by default on client versions of Windows
#

---------------  T H R E A D  ---------------

Current thread (0x0000000002f40800):  JavaThread "Unknown thread" [_thread_in_vm, id=1728, stack(0x0000000002de0000,0x0000000002ee0000)]

Stack: [0x0000000002de0000,0x0000000002ee0000]
[error occurred during error reporting (printing stack bounds), id 0xc0000005]

Native frames: (J=compiled Java code, j=interpreted, Vv=VM code, C=native code)


---------------  P R O C E S S  ---------------

Java Threads: ( => current thread )

Other Threads:

=>0x0000000002f40800 (exited) JavaThread "Unknown thread" [_thread_in_vm, id=1728, stack(0x0000000002de0000,0x0000000002ee0000)]

VM state:not at safepoint (normal execution)

VM Mutex/Monitor currently owned by a thread: None

Heap:
 PSYoungGen      total 38400K, used 665K [0x000000076ab00000, 0x000000076d580000, 0x00000007c0000000)
  eden space 33280K, 2% used [0x000000076ab00000,0x000000076aba6670,0x000000076cb80000)
  from space 5120K, 0% used [0x000000076d080000,0x000000076d080000,0x000000076d580000)
  to   space 5120K, 0% used [0x000000076cb80000,0x000000076cb80000,0x000000076d080000)
 ParOldGen       total 87552K, used 0K [0x00000006c0000000, 0x00000006c5580000, 0x000000076ab00000)
  object space 87552K, 0% used [0x00000006c0000000,0x00000006c0000000,0x00000006c5580000)
 Metaspace       used 770K, capacity 4480K, committed 4480K, reserved 1056768K
  class space    used 75K, capacity 384K, committed 384K, reserved 1048576K

Card table byte_map: [0x0000000012400000,0x0000000012c10000] byte_map_base: 0x000000000ee00000

Marking Bits: (ParMarkBitMap*) 0x000000007060a6c0
 Begin Bits: [0x0000000013570000, 0x0000000017570000)
 End Bits:   [0x0000000017570000, 0x000000001b570000)

Polling page: 0x0000000001680000

CodeCache: size=245760Kb used=328Kb max_used=328Kb free=245431Kb
 bounds [0x0000000003040000, 0x00000000032b0000, 0x0000000012040000]
 total_blobs=58 nmethods=0 adapters=38
 compilation: enabled

Compilation events (0 events):
No events

GC Heap History (0 events):
No events

Deoptimization events (0 events):
No events

Internal exceptions (0 events):
No events

Events (10 events):
Event: 0.077 loading class java/lang/Short
Event: 0.077 loading class java/lang/Short done
Event: 0.077 loading class java/lang/Integer
Event: 0.078 loading class java/lang/Integer done
Event: 0.078 loading class java/lang/Long
Event: 0.078 loading class java/lang/Long done
Event: 0.096 loading class java/lang/NullPointerException
Event: 0.096 loading class java/lang/NullPointerException done
Event: 0.096 loading class java/lang/ArithmeticException
Event: 0.096 loading class java/lang/ArithmeticException done


Dynamic libraries:
0x00007ff676840000 - 0x00007ff676877000 	C:\Program Files\Java\jdk1.8.0_102\bin\java.exe
0x00007ff960c80000 - 0x00007ff960e51000 	C:\WINDOWS\SYSTEM32\ntdll.dll
0x00007ff95ead0000 - 0x00007ff95eb7b000 	C:\WINDOWS\System32\KERNEL32.DLL
0x00007ff95df90000 - 0x00007ff95e1ad000 	C:\WINDOWS\System32\KERNELBASE.dll
0x00007ff95f1f0000 - 0x00007ff95f292000 	C:\WINDOWS\System32\ADVAPI32.dll
0x00007ff95e640000 - 0x00007ff95e6de000 	C:\WINDOWS\System32\msvcrt.dll
0x00007ff95e310000 - 0x00007ff95e369000 	C:\WINDOWS\System32\sechost.dll
0x00007ff95e6e0000 - 0x00007ff95e801000 	C:\WINDOWS\System32\RPCRT4.dll
0x00007ff95e960000 - 0x00007ff95eac5000 	C:\WINDOWS\System32\USER32.dll
0x00007ff95dc90000 - 0x00007ff95dcae000 	C:\WINDOWS\System32\win32u.dll
0x00007ff9609f0000 - 0x00007ff960a24000 	C:\WINDOWS\System32\GDI32.dll
0x00007ff95dd60000 - 0x00007ff95dee2000 	C:\WINDOWS\System32\gdi32full.dll
0x00007ff950fc0000 - 0x00007ff951239000 	C:\WINDOWS\WinSxS\amd64_microsoft.windows.common-controls_6595b64144ccf1df_6.0.14393.447_none_42191651c6827bb3\COMCTL32.dll
0x00007ff95e370000 - 0x00007ff95e638000 	C:\WINDOWS\System32\combase.dll
0x00007ff95db90000 - 0x00007ff95dc85000 	C:\WINDOWS\System32\ucrtbase.dll
0x00007ff95d170000 - 0x00007ff95d1da000 	C:\WINDOWS\System32\bcryptPrimitives.dll
0x00007ff95ed20000 - 0x00007ff95ed4e000 	C:\WINDOWS\System32\IMM32.DLL
0x0000000070690000 - 0x0000000070761000 	C:\Program Files\Java\jdk1.8.0_102\jre\bin\msvcr100.dll
0x000000006fdf0000 - 0x000000007068a000 	C:\Program Files\Java\jdk1.8.0_102\jre\bin\server\jvm.dll
0x00007ff960a30000 - 0x00007ff960a38000 	C:\WINDOWS\System32\PSAPI.DLL
0x00007ff946070000 - 0x00007ff946079000 	C:\WINDOWS\SYSTEM32\WSOCK32.dll
0x00007ff960a40000 - 0x00007ff960aaa000 	C:\WINDOWS\System32\WS2_32.dll
0x00007ff95b570000 - 0x00007ff95b593000 	C:\WINDOWS\SYSTEM32\WINMM.dll
0x00007ff94d340000 - 0x00007ff94d34a000 	C:\WINDOWS\SYSTEM32\VERSION.dll
0x00007ff95b540000 - 0x00007ff95b56b000 	C:\WINDOWS\SYSTEM32\WINMMBASE.dll
0x00007ff95d970000 - 0x00007ff95d9b2000 	C:\WINDOWS\System32\cfgmgr32.dll
0x0000000070fe0000 - 0x0000000070fef000 	C:\Program Files\Java\jdk1.8.0_102\jre\bin\verify.dll
0x000000006fdc0000 - 0x000000006fde9000 	C:\Program Files\Java\jdk1.8.0_102\jre\bin\java.dll
0x000000006fda0000 - 0x000000006fdb6000 	C:\Program Files\Java\jdk1.8.0_102\jre\bin\zip.dll

VM Arguments:
jvm_args: -Djava.awt.headless=true -Xmx4g -Dfile.encoding=windows-1252 -Duser.country=US -Duser.language=en -Duser.variant 
java_command: com.android.dx.command.Main --dex --force-jumbo --num-threads=4 --multi-dex --output C:\Users\Administrator\Desktop\KeyOutcomesTracker\app\build\intermediates\transforms\dex\debug\folders\1000\10\support-annotations-25.1.0_f25d486c6b039feba6449ac28f2eb3d9e1d99bc9 C:\Users\Administrator\AppData\Local\Android\sdk\extras\android\m2repository\com\android\support\support-annotations\25.1.0\support-annotations-25.1.0.jar
java_class_path (initial): C:\Users\Administrator\AppData\Local\Android\sdk\build-tools\25.0.0\lib\dx.jar
Launcher Type: SUN_STANDARD

Environment Variables:
PATH=C:\Python27\;C:\Python27\Scripts;C:\ProgramData\Oracle\Java\javapath;C:\WINDOWS\system32;C:\WINDOWS;C:\WINDOWS\System32\Wbem;C:\WINDOWS\System32\WindowsPowerShell\v1.0\;C:\Program Files\nodejs\;C:\Program Files\Git\cmd;C:\Users\Administrator\AppData\Local\Microsoft\WindowsApps;C:\Users\Administrator\AppData\Roaming\npm;C:\Users\Administrator\AppData\Local\atom\bin;C:\Python27
USERNAME=Administrator
OS=Windows_NT
PROCESSOR_IDENTIFIER=Intel64 Family 6 Model 61 Stepping 4, GenuineIntel



---------------  S Y S T E M  ---------------

OS: Windows 10.0 , 64 bit Build 14393 (10.0.14393.0)

CPU:total 4 (2 cores per cpu, 2 threads per core) family 6 model 61 stepping 4, cmov, cx8, fxsr, mmx, sse, sse2, sse3, ssse3, sse4.1, sse4.2, popcnt, avx, avx2, aes, clmul, erms, 3dnowpref, lzcnt, ht, tsc, tscinvbit, bmi1, bmi2, adx

Memory: 4k page, physical 8291024k(2067556k free), swap 9339600k(5456k free)

vm_info: Java HotSpot(TM) 64-Bit Server VM (25.102-b14) for windows-amd64 JRE (1.8.0_102-b14), built on Jun 22 2016 13:15:21 by "java_re" with MS VC++ 10.0 (VS2010)

time: Mon Jan 02 02:08:29 2017
elapsed time: 0 seconds (0d 0h 0m 0s)

