#
# There is insufficient memory for the Java Runtime Environment to continue.
# Native memory allocation (malloc) failed to allocate 588576 bytes for Chunk::new
# Possible reasons:
#   The system is out of physical RAM or swap space
#   In 32 bit mode, the process size limit was hit
# Possible solutions:
#   Reduce memory load on the system
#   Increase physical memory or swap space
#   Check if swap backing store is full
#   Use 64 bit Java on a 64 bit OS
#   Decrease Java heap size (-Xmx/-Xms)
#   Decrease number of Java threads
#   Decrease Java thread stack sizes (-Xss)
#   Set larger code cache with -XX:ReservedCodeCacheSize=
# This output file may be truncated or incomplete.
#
#  Out of Memory Error (allocation.cpp:390), pid=4080, tid=0x000000000000206c
#
# JRE version: Java(TM) SE Runtime Environment (8.0_102-b14) (build 1.8.0_102-b14)
# Java VM: Java HotSpot(TM) 64-Bit Server VM (25.102-b14 mixed mode windows-amd64 compressed oops)
# Failed to write core dump. Minidumps are not enabled by default on client versions of Windows
#

---------------  T H R E A D  ---------------

Current thread (0x000000001c63b000):  JavaThread "C2 CompilerThread1" daemon [_thread_in_native, id=8300, stack(0x000000001dd40000,0x000000001de40000)]

Stack: [0x000000001dd40000,0x000000001de40000]
[error occurred during error reporting (printing stack bounds), id 0xc0000005]

Native frames: (J=compiled Java code, j=interpreted, Vv=VM code, C=native code)


Current CompileTask:
C2:   4010 1240   !   4       com.android.dx.cf.cst.ConstantPoolParser::parse0 (731 bytes)


---------------  P R O C E S S  ---------------

Java Threads: ( => current thread )
  0x000000001e1fd800 JavaThread "pool-2-thread-4" [_thread_in_Java, id=7392, stack(0x000000001e940000,0x000000001ea40000)]
  0x000000001e1aa000 JavaThread "pool-2-thread-3" [_thread_in_Java, id=6092, stack(0x000000001e840000,0x000000001e940000)]
  0x000000001e1a9000 JavaThread "pool-2-thread-2" [_thread_in_vm, id=5456, stack(0x000000001e740000,0x000000001e840000)]
  0x000000001e1a8800 JavaThread "pool-3-thread-1" [_thread_blocked, id=8612, stack(0x000000001e640000,0x000000001e740000)]
  0x000000001e199000 JavaThread "pool-2-thread-1" [_thread_in_vm, id=8940, stack(0x000000001e540000,0x000000001e640000)]
  0x000000001df45000 JavaThread "Service Thread" daemon [_thread_blocked, id=4164, stack(0x000000001e340000,0x000000001e440000)]
  0x000000001c63e000 JavaThread "C1 CompilerThread2" daemon [_thread_blocked, id=1384, stack(0x000000001de40000,0x000000001df40000)]
=>0x000000001c63b000 JavaThread "C2 CompilerThread1" daemon [_thread_in_native, id=8300, stack(0x000000001dd40000,0x000000001de40000)]
  0x000000001c5dc000 JavaThread "C2 CompilerThread0" daemon [_thread_in_native, id=6676, stack(0x000000001dc40000,0x000000001dd40000)]
  0x000000001c5da800 JavaThread "Attach Listener" daemon [_thread_blocked, id=7884, stack(0x000000001db40000,0x000000001dc40000)]
  0x000000001c5d9000 JavaThread "Signal Dispatcher" daemon [_thread_blocked, id=6236, stack(0x000000001da40000,0x000000001db40000)]
  0x000000001c5ca000 JavaThread "Finalizer" daemon [_thread_blocked, id=7244, stack(0x000000001d850000,0x000000001d950000)]
  0x000000001c5a8800 JavaThread "Reference Handler" daemon [_thread_blocked, id=6884, stack(0x000000001d750000,0x000000001d850000)]
  0x0000000002e10800 JavaThread "main" [_thread_in_Java, id=7896, stack(0x0000000002d10000,0x0000000002e10000)]

Other Threads:
  0x000000001c5a6800 VMThread [stack: 0x000000001d650000,0x000000001d750000] [id=3624]
  0x000000001df61000 WatcherThread [stack: 0x000000001e440000,0x000000001e540000] [id=7904]

VM state:not at safepoint (normal execution)

VM Mutex/Monitor currently owned by a thread: None

Heap:
 PSYoungGen      total 38400K, used 14729K [0x000000076ab00000, 0x000000076d580000, 0x00000007c0000000)
  eden space 33280K, 28% used [0x000000076ab00000,0x000000076b4663b0,0x000000076cb80000)
  from space 5120K, 99% used [0x000000076cb80000,0x000000076d07c098,0x000000076d080000)
  to   space 5120K, 0% used [0x000000076d080000,0x000000076d080000,0x000000076d580000)
 ParOldGen       total 87552K, used 1223K [0x00000006c0000000, 0x00000006c5580000, 0x000000076ab00000)
  object space 87552K, 1% used [0x00000006c0000000,0x00000006c0131eb0,0x00000006c5580000)
 Metaspace       used 5936K, capacity 6960K, committed 7040K, reserved 1056768K
  class space    used 589K, capacity 616K, committed 640K, reserved 1048576K

Card table byte_map: [0x00000000122d0000,0x0000000012ae0000] byte_map_base: 0x000000000ecd0000

Marking Bits: (ParMarkBitMap*) 0x000000005b60a6c0
 Begin Bits: [0x0000000013440000, 0x0000000017440000)
 End Bits:   [0x0000000017440000, 0x000000001b440000)

Polling page: 0x0000000001130000

CodeCache: size=245760Kb used=5225Kb max_used=5225Kb free=240534Kb
 bounds [0x0000000002f10000, 0x0000000003430000, 0x0000000011f10000]
 total_blobs=1548 nmethods=1285 adapters=176
 compilation: enabled

Compilation events (10 events):
Event: 4.005 Thread 0x000000001c63e000 1289       3       com.android.dx.rop.cst.CstKnownNull::getType (4 bytes)
Event: 4.005 Thread 0x000000001c63e000 nmethod 1289 0x0000000003429f10 code [0x000000000342a060, 0x000000000342a1b0]
Event: 4.005 Thread 0x000000001c63e000 1290       3       com.android.dx.rop.cst.CstKnownNull::equals (5 bytes)
Event: 4.005 Thread 0x000000001c63e000 nmethod 1290 0x000000000342a250 code [0x000000000342a3a0, 0x000000000342a5f0]
Event: 4.005 Thread 0x000000001c63e000 1291       3       com.android.dx.ssa.SsaMethod::getCountReachableBlocks (44 bytes)
Event: 4.006 Thread 0x000000001c63e000 nmethod 1291 0x000000000342a690 code [0x000000000342a860, 0x000000000342b0f8]
Event: 4.006 Thread 0x000000001c63e000 1292       3       com.android.dx.ssa.back.SsaToRop::convertBasicBlocks (151 bytes)
Event: 4.008 Thread 0x000000001c63e000 nmethod 1292 0x000000000342b4d0 code [0x000000000342b7c0, 0x000000000342d098]
Event: 4.008 Thread 0x000000001c63e000 1293       1       com.android.dx.rop.code.Insn$BaseVisitor::visitThrowingCstInsn (1 bytes)
Event: 4.008 Thread 0x000000001c63e000 nmethod 1293 0x000000000342de50 code [0x000000000342dfa0, 0x000000000342e0b0]

GC Heap History (2 events):
Event: 3.556 GC heap before
{Heap before GC invocations=1 (full 0):
 PSYoungGen      total 38400K, used 33280K [0x000000076ab00000, 0x000000076d580000, 0x00000007c0000000)
  eden space 33280K, 100% used [0x000000076ab00000,0x000000076cb80000,0x000000076cb80000)
  from space 5120K, 0% used [0x000000076d080000,0x000000076d080000,0x000000076d580000)
  to   space 5120K, 0% used [0x000000076cb80000,0x000000076cb80000,0x000000076d080000)
 ParOldGen       total 87552K, used 0K [0x00000006c0000000, 0x00000006c5580000, 0x000000076ab00000)
  object space 87552K, 0% used [0x00000006c0000000,0x00000006c0000000,0x00000006c5580000)
 Metaspace       used 5877K, capacity 6896K, committed 7040K, reserved 1056768K
  class space    used 589K, capacity 616K, committed 640K, reserved 1048576K
Event: 3.565 GC heap after
Heap after GC invocations=1 (full 0):
 PSYoungGen      total 38400K, used 5104K [0x000000076ab00000, 0x000000076d580000, 0x00000007c0000000)
  eden space 33280K, 0% used [0x000000076ab00000,0x000000076ab00000,0x000000076cb80000)
  from space 5120K, 99% used [0x000000076cb80000,0x000000076d07c098,0x000000076d080000)
  to   space 5120K, 0% used [0x000000076d080000,0x000000076d080000,0x000000076d580000)
 ParOldGen       total 87552K, used 1223K [0x00000006c0000000, 0x00000006c5580000, 0x000000076ab00000)
  object space 87552K, 1% used [0x00000006c0000000,0x00000006c0131eb0,0x00000006c5580000)
 Metaspace       used 5877K, capacity 6896K, committed 7040K, reserved 1056768K
  class space    used 589K, capacity 616K, committed 640K, reserved 1048576K
}

Deoptimization events (10 events):
Event: 2.543 Thread 0x000000001e199000 Uncommon trap: reason=unstable_if action=reinterpret pc=0x0000000003137d28 method=java.util.HashMap.getNode(ILjava/lang/Object;)Ljava/util/HashMap$Node; @ 62
Event: 2.626 Thread 0x000000001e199000 Uncommon trap: reason=unstable_if action=reinterpret pc=0x000000000315d274 method=java.util.BitSet.nextSetBit(I)I @ 87
Event: 2.797 Thread 0x000000001e1a9000 Uncommon trap: reason=unstable_if action=reinterpret pc=0x00000000031b68fc method=java.util.HashMap.getNode(ILjava/lang/Object;)Ljava/util/HashMap$Node; @ 129
Event: 2.839 Thread 0x000000001e1aa000 Uncommon trap: reason=unstable_if action=reinterpret pc=0x00000000031b8a78 method=java.util.BitSet.ensureCapacity(I)V @ 6
Event: 3.200 Thread 0x000000001e1fd800 Uncommon trap: reason=unstable_if action=reinterpret pc=0x00000000032bee54 method=com.android.dx.rop.code.LocalItem.hashCode()I @ 25
Event: 3.200 Thread 0x000000001e1fd800 Uncommon trap: reason=unstable_if action=reinterpret pc=0x0000000003280990 method=com.android.dx.rop.code.LocalItem.hashCode()I @ 25
Event: 3.221 Thread 0x000000001e1fd800 Uncommon trap: reason=unstable_if action=reinterpret pc=0x0000000003252534 method=com.android.dx.rop.code.RegisterSpecSet.put(Lcom/android/dx/rop/code/RegisterSpec;)V @ 77
Event: 3.221 Thread 0x000000001e1fd800 Uncommon trap: reason=unstable_if action=reinterpret pc=0x000000000328d1e8 method=com.android.dx.rop.code.LocalItem.hashCode()I @ 25
Event: 3.504 Thread 0x000000001e199000 Uncommon trap: reason=bimorphic action=maybe_recompile pc=0x00000000032cdec0 method=java.util.HashMap.getNode(ILjava/lang/Object;)Ljava/util/HashMap$Node; @ 126
Event: 3.544 Thread 0x000000001e1a9000 Uncommon trap: reason=unstable_if action=reinterpret pc=0x00000000032d40a4 method=com.android.dx.rop.code.RegisterSpec.equals(ILcom/android/dx/rop/type/TypeBearer;Lcom/android/dx/rop/code/LocalItem;)Z @ 42

Internal exceptions (2 events):
Event: 0.607 Thread 0x0000000002e10800 Exception <a 'java/lang/NoSuchMethodError': Method sun.misc.Unsafe.defineClass(Ljava/lang/String;[BII)Ljava/lang/Class; name or signature does not match> (0x000000076ab07c78) thrown at [C:\re\workspace\8-2-build-windows-amd64-cygwin\jdk8u102\7268\hotspot\sS8Í”Æmã?
Event: 0.607 Thread 0x0000000002e10800 Exception <a 'java/lang/NoSuchMethodError': Method sun.misc.Unsafe.prefetchRead(Ljava/lang/Object;J)V name or signature does not match> (0x000000076ab07f60) thrown at [C:\re\workspace\8-2-build-windows-amd64-cygwin\jdk8u102\7268\hotspot\src\share\vm\prims\

Events (10 events):
Event: 3.503 Thread 0x000000001e199000 Uncommon trap: trap_request=0xffffffc6 fr.pc=0x00000000032cdec0
Event: 3.504 Thread 0x000000001e199000 DEOPT PACKING pc=0x00000000032cdec0 sp=0x000000001e63ebe0
Event: 3.504 Thread 0x000000001e199000 DEOPT UNPACKING pc=0x0000000002f5582a sp=0x000000001e63eb60 mode 2
Event: 3.534 loading class java/util/DualPivotQuicksort
Event: 3.534 loading class java/util/DualPivotQuicksort done
Event: 3.544 Thread 0x000000001e1a9000 Uncommon trap: trap_request=0xffffff65 fr.pc=0x00000000032d40a4
Event: 3.544 Thread 0x000000001e1a9000 DEOPT PACKING pc=0x00000000032d40a4 sp=0x000000001e83ef40
Event: 3.544 Thread 0x000000001e1a9000 DEOPT UNPACKING pc=0x0000000002f5582a sp=0x000000001e83eec8 mode 2
Event: 3.556 Executing VM operation: ParallelGCFailedAllocation
Event: 3.565 Executing VM operation: ParallelGCFailedAllocation done


Dynamic libraries:
0x00007ff64da40000 - 0x00007ff64da77000 	C:\Program Files\Java\jdk1.8.0_102\bin\java.exe
0x00007ffd32a70000 - 0x00007ffd32c41000 	C:\WINDOWS\SYSTEM32\ntdll.dll
0x00007ffd329c0000 - 0x00007ffd32a6b000 	C:\WINDOWS\System32\KERNEL32.DLL
0x00007ffd2f340000 - 0x00007ffd2f55d000 	C:\WINDOWS\System32\KERNELBASE.dll
0x00007ffd32450000 - 0x00007ffd324f2000 	C:\WINDOWS\System32\ADVAPI32.dll
0x00007ffd32030000 - 0x00007ffd320ce000 	C:\WINDOWS\System32\msvcrt.dll
0x00007ffd322a0000 - 0x00007ffd322f9000 	C:\WINDOWS\System32\sechost.dll
0x00007ffd32300000 - 0x00007ffd32421000 	C:\WINDOWS\System32\RPCRT4.dll
0x00007ffd307f0000 - 0x00007ffd30955000 	C:\WINDOWS\System32\USER32.dll
0x00007ffd2efd0000 - 0x00007ffd2efee000 	C:\WINDOWS\System32\win32u.dll
0x00007ffd325a0000 - 0x00007ffd325d4000 	C:\WINDOWS\System32\GDI32.dll
0x00007ffd2f0a0000 - 0x00007ffd2f222000 	C:\WINDOWS\System32\gdi32full.dll
0x00007ffd23f90000 - 0x00007ffd24209000 	C:\WINDOWS\WinSxS\amd64_microsoft.windows.common-controls_6595b64144ccf1df_6.0.14393.447_none_42191651c6827bb3\COMCTL32.dll
0x00007ffd325f0000 - 0x00007ffd328b8000 	C:\WINDOWS\System32\combase.dll
0x00007ffd2fc90000 - 0x00007ffd2fd85000 	C:\WINDOWS\System32\ucrtbase.dll
0x00007ffd2ef60000 - 0x00007ffd2efca000 	C:\WINDOWS\System32\bcryptPrimitives.dll
0x00007ffd32500000 - 0x00007ffd3252e000 	C:\WINDOWS\System32\IMM32.DLL
0x000000005b690000 - 0x000000005b761000 	C:\Program Files\Java\jdk1.8.0_102\jre\bin\msvcr100.dll
0x000000005adf0000 - 0x000000005b68a000 	C:\Program Files\Java\jdk1.8.0_102\jre\bin\server\jvm.dll
0x00007ffd30720000 - 0x00007ffd30728000 	C:\WINDOWS\System32\PSAPI.DLL
0x00007ffd185a0000 - 0x00007ffd185a9000 	C:\WINDOWS\SYSTEM32\WSOCK32.dll
0x00007ffd32530000 - 0x00007ffd3259a000 	C:\WINDOWS\System32\WS2_32.dll
0x00007ffd2d390000 - 0x00007ffd2d3b3000 	C:\WINDOWS\SYSTEM32\WINMM.dll
0x00007ffd1e6c0000 - 0x00007ffd1e6ca000 	C:\WINDOWS\SYSTEM32\VERSION.dll
0x00007ffd2d330000 - 0x00007ffd2d35b000 	C:\WINDOWS\SYSTEM32\WINMMBASE.dll
0x00007ffd2fc40000 - 0x00007ffd2fc82000 	C:\WINDOWS\System32\cfgmgr32.dll
0x000000005bfe0000 - 0x000000005bfef000 	C:\Program Files\Java\jdk1.8.0_102\jre\bin\verify.dll
0x000000005adc0000 - 0x000000005ade9000 	C:\Program Files\Java\jdk1.8.0_102\jre\bin\java.dll
0x000000005ada0000 - 0x000000005adb6000 	C:\Program Files\Java\jdk1.8.0_102\jre\bin\zip.dll
0x00007ffd30960000 - 0x00007ffd31e69000 	C:\WINDOWS\System32\SHELL32.dll
0x00007ffd2f560000 - 0x00007ffd2fc3a000 	C:\WINDOWS\System32\windows.storage.dll
0x00007ffd2eef0000 - 0x00007ffd2ef3c000 	C:\WINDOWS\System32\powrprof.dll
0x00007ffd328c0000 - 0x00007ffd32912000 	C:\WINDOWS\System32\shlwapi.dll
0x00007ffd2ef50000 - 0x00007ffd2ef5f000 	C:\WINDOWS\System32\kernel.appcore.dll
0x00007ffd2f290000 - 0x00007ffd2f339000 	C:\WINDOWS\System32\shcore.dll
0x00007ffd2eed0000 - 0x00007ffd2eee4000 	C:\WINDOWS\System32\profapi.dll

VM Arguments:
jvm_args: -Djava.awt.headless=true -Xmx4g -Dfile.encoding=windows-1252 -Duser.country=US -Duser.language=en -Duser.variant 
java_command: com.android.dx.command.Main --dex --force-jumbo --num-threads=4 --multi-dex --output C:\Users\Administrator\Desktop\KeyOutcomesTracker\app\build\intermediates\transforms\dex\debug\folders\1000\10\com.android.support-appcompat-v7-25.1.0_9e07fe523f29e88e28933b879f7133e140e0e045 C:\Users\Administrator\Desktop\KeyOutcomesTracker\app\build\intermediates\exploded-aar\com.android.support\appcompat-v7\25.1.0\jars\classes.jar
java_class_path (initial): C:\Users\Administrator\AppData\Local\Android\sdk\build-tools\25.0.0\lib\dx.jar
Launcher Type: SUN_STANDARD

Environment Variables:
PATH=C:\Python27\;C:\Python27\Scripts;C:\ProgramData\Oracle\Java\javapath;C:\WINDOWS\system32;C:\WINDOWS;C:\WINDOWS\System32\Wbem;C:\WINDOWS\System32\WindowsPowerShell\v1.0\;C:\Program Files\nodejs\;C:\Program Files\Git\cmd;C:\Users\Administrator\AppData\Local\Microsoft\WindowsApps;C:\Users\Administrator\AppData\Roaming\npm;C:\Users\Administrator\AppData\Local\atom\bin;C:\Python27
USERNAME=Administrator
OS=Windows_NT
PROCESSOR_IDENTIFIER=Intel64 Family 6 Model 61 Stepping 4, GenuineIntel



---------------  S Y S T E M  ---------------

OS: Windows 10.0 , 64 bit Build 14393 (10.0.14393.0)

CPU:total 4 (2 cores per cpu, 2 threads per core) family 6 model 61 stepping 4, cmov, cx8, fxsr, mmx, sse, sse2, sse3, ssse3, sse4.1, sse4.2, popcnt, avx, avx2, aes, clmul, erms, 3dnowpref, lzcnt, ht, tsc, tscinvbit, bmi1, bmi2, adx

Memory: 4k page, physical 8291024k(1597788k free), swap 9339600k(4300k free)

vm_info: Java HotSpot(TM) 64-Bit Server VM (25.102-b14) for windows-amd64 JRE (1.8.0_102-b14), built on Jun 22 2016 13:15:21 by "java_re" with MS VC++ 10.0 (VS2010)

time: Fri Jan 06 23:10:50 2017
elapsed time: 4 seconds (0d 0h 0m 4s)

