#
# There is insufficient memory for the Java Runtime Environment to continue.
# Native memory allocation (malloc) failed to allocate 32744 bytes for ChunkPool::allocate
# Possible reasons:
#   The system is out of physical RAM or swap space
#   In 32 bit mode, the process size limit was hit
# Possible solutions:
#   Reduce memory load on the system
#   Increase physical memory or swap space
#   Check if swap backing store is full
#   Use 64 bit Java on a 64 bit OS
#   Decrease Java heap size (-Xmx/-Xms)
#   Decrease number of Java threads
#   Decrease Java thread stack sizes (-Xss)
#   Set larger code cache with -XX:ReservedCodeCacheSize=
# This output file may be truncated or incomplete.
#
#  Out of Memory Error (allocation.cpp:273), pid=8744, tid=0x0000000000001a94
#
# JRE version: Java(TM) SE Runtime Environment (8.0_102-b14) (build 1.8.0_102-b14)
# Java VM: Java HotSpot(TM) 64-Bit Server VM (25.102-b14 mixed mode windows-amd64 compressed oops)
# Failed to write core dump. Minidumps are not enabled by default on client versions of Windows
#

---------------  T H R E A D  ---------------

Current thread (0x000000001c91d800):  JavaThread "C1 CompilerThread2" daemon [_thread_in_native, id=6804, stack(0x000000001e020000,0x000000001e120000)]

Stack: [0x000000001e020000,0x000000001e120000]
[error occurred during error reporting (printing stack bounds), id 0xc0000005]

Native frames: (J=compiled Java code, j=interpreted, Vv=VM code, C=native code)


Current CompileTask:
C1:   4044  913   !   3       com.android.dx.cf.code.Ropper::processBlock (1101 bytes)


---------------  P R O C E S S  ---------------

Java Threads: ( => current thread )
  0x000000001e2db800 JavaThread "pool-2-thread-4" [_thread_in_Java, id=220, stack(0x000000001eb20000,0x000000001ec20000)]
  0x000000001e2da800 JavaThread "pool-2-thread-3" [_thread_in_Java, id=2644, stack(0x000000001ea20000,0x000000001eb20000)]
  0x000000001e2d4800 JavaThread "pool-2-thread-2" [_thread_blocked, id=8408, stack(0x000000001e920000,0x000000001ea20000)]
  0x000000001e2d0800 JavaThread "pool-3-thread-1" [_thread_blocked, id=6224, stack(0x000000001e820000,0x000000001e920000)]
  0x000000001e2d0000 JavaThread "pool-2-thread-1" [_thread_in_Java, id=7700, stack(0x000000001e720000,0x000000001e820000)]
  0x000000001e125000 JavaThread "Service Thread" daemon [_thread_blocked, id=3052, stack(0x000000001e520000,0x000000001e620000)]
=>0x000000001c91d800 JavaThread "C1 CompilerThread2" daemon [_thread_in_native, id=6804, stack(0x000000001e020000,0x000000001e120000)]
  0x000000001c8c1800 JavaThread "C2 CompilerThread1" daemon [_thread_blocked, id=2284, stack(0x000000001df20000,0x000000001e020000)]
  0x000000001c8bc000 JavaThread "C2 CompilerThread0" daemon [_thread_blocked, id=7240, stack(0x000000001de20000,0x000000001df20000)]
  0x000000001c8ba800 JavaThread "Attach Listener" daemon [_thread_blocked, id=1804, stack(0x000000001dd20000,0x000000001de20000)]
  0x000000001c8b9800 JavaThread "Signal Dispatcher" daemon [_thread_blocked, id=1928, stack(0x000000001dc20000,0x000000001dd20000)]
  0x000000001c8aa000 JavaThread "Finalizer" daemon [_thread_blocked, id=5692, stack(0x000000001db20000,0x000000001dc20000)]
  0x000000001c889000 JavaThread "Reference Handler" daemon [_thread_blocked, id=8728, stack(0x000000001da20000,0x000000001db20000)]
  0x00000000030f0800 JavaThread "main" [_thread_blocked, id=6196, stack(0x0000000002ef0000,0x0000000002ff0000)]

Other Threads:
  0x000000001c886800 VMThread [stack: 0x000000001d920000,0x000000001da20000] [id=2148]
  0x000000001e141000 WatcherThread [stack: 0x000000001e620000,0x000000001e720000] [id=7748]

VM state:not at safepoint (normal execution)

VM Mutex/Monitor currently owned by a thread: None

Heap:
 PSYoungGen      total 38400K, used 20044K [0x000000076ab00000, 0x000000076d580000, 0x00000007c0000000)
  eden space 33280K, 60% used [0x000000076ab00000,0x000000076be932f0,0x000000076cb80000)
  from space 5120K, 0% used [0x000000076d080000,0x000000076d080000,0x000000076d580000)
  to   space 5120K, 0% used [0x000000076cb80000,0x000000076cb80000,0x000000076d080000)
 ParOldGen       total 87552K, used 0K [0x00000006c0000000, 0x00000006c5580000, 0x000000076ab00000)
  object space 87552K, 0% used [0x00000006c0000000,0x00000006c0000000,0x00000006c5580000)
 Metaspace       used 5696K, capacity 6768K, committed 7040K, reserved 1056768K
  class space    used 585K, capacity 616K, committed 640K, reserved 1048576K

Card table byte_map: [0x00000000125b0000,0x0000000012dc0000] byte_map_base: 0x000000000efb0000

Marking Bits: (ParMarkBitMap*) 0x000000005b60a6c0
 Begin Bits: [0x0000000013720000, 0x0000000017720000)
 End Bits:   [0x0000000017720000, 0x000000001b720000)

Polling page: 0x00000000016d0000

CodeCache: size=245760Kb used=3639Kb max_used=3639Kb free=242120Kb
 bounds [0x00000000031f0000, 0x0000000003590000, 0x00000000121f0000]
 total_blobs=1169 nmethods=906 adapters=176
 compilation: enabled

Compilation events (10 events):
Event: 3.799 Thread 0x000000001c91d800 nmethod 910 0x0000000003579650 code [0x00000000035798a0, 0x000000000357a8d8]
Event: 3.801 Thread 0x000000001c91d800  911       3       com.android.dx.ssa.PhiInsn::accept (8 bytes)
Event: 3.801 Thread 0x000000001c91d800 nmethod 911 0x000000000357b390 code [0x000000000357b500, 0x000000000357b728]
Event: 4.031 Thread 0x000000001c91d800  912       3       com.android.dx.ssa.DeadCodeRemover::isCircularNoSideEffect (140 bytes)
Event: 4.033 Thread 0x000000001c91d800 nmethod 912 0x000000000357b810 code [0x000000000357baa0, 0x000000000357cba8]
Event: 4.033 Thread 0x000000001c91d800  919       3       com.android.dx.rop.code.RopMethod::calcPredecessors (227 bytes)
Event: 4.035 Thread 0x000000001c91d800 nmethod 919 0x000000000357d4d0 code [0x000000000357d7e0, 0x000000000357f448]
Event: 4.035 Thread 0x000000001c91d800  925       1       com.android.dx.cf.code.BasicBlocker::setPreviousOffset (6 bytes)
Event: 4.035 Thread 0x000000001c91d800 nmethod 925 0x0000000003580410 code [0x0000000003580560, 0x0000000003580670]
Event: 4.035 Thread 0x000000001c91d800  913   !   3       com.android.dx.cf.code.Ropper::processBlock (1101 bytes)

GC Heap History (0 events):
No events

Deoptimization events (8 events):
Event: 2.613 Thread 0x00000000030f0800 Uncommon trap: reason=unstable_if action=reinterpret pc=0x00000000033f47c4 method=java.util.HashMap.getNode(ILjava/lang/Object;)Ljava/util/HashMap$Node; @ 129
Event: 3.597 Thread 0x00000000030f0800 Uncommon trap: reason=unstable_if action=reinterpret pc=0x00000000033ffbf8 method=java.util.BitSet.ensureCapacity(I)V @ 6
Event: 3.641 Thread 0x00000000030f0800 Uncommon trap: reason=unstable_if action=reinterpret pc=0x00000000033fa574 method=java.util.BitSet.nextSetBit(I)I @ 87
Event: 3.762 Thread 0x000000001e2da800 Uncommon trap: reason=null_check action=make_not_entrant pc=0x000000000348c79c method=com.android.dx.ssa.SsaRenamer.getLocalForNewReg(I)Lcom/android/dx/rop/code/LocalItem; @ 19
Event: 3.772 Thread 0x000000001e2d4800 Uncommon trap: reason=class_check action=maybe_recompile pc=0x00000000033fff70 method=com.android.dx.ssa.NormalSsaInsn.accept(Lcom/android/dx/ssa/SsaInsn$Visitor;)V @ 9
Event: 3.773 Thread 0x000000001e2d4800 Uncommon trap: reason=class_check action=maybe_recompile pc=0x00000000033fff70 method=com.android.dx.ssa.NormalSsaInsn.accept(Lcom/android/dx/ssa/SsaInsn$Visitor;)V @ 9
Event: 3.773 Thread 0x000000001e2d4800 Uncommon trap: reason=class_check action=maybe_recompile pc=0x00000000033fff70 method=com.android.dx.ssa.NormalSsaInsn.accept(Lcom/android/dx/ssa/SsaInsn$Visitor;)V @ 9
Event: 3.773 Thread 0x000000001e2d4800 Uncommon trap: reason=class_check action=maybe_recompile pc=0x00000000033fff70 method=com.android.dx.ssa.NormalSsaInsn.accept(Lcom/android/dx/ssa/SsaInsn$Visitor;)V @ 9

Internal exceptions (3 events):
Event: 0.617 Thread 0x00000000030f0800 Exception <a 'java/lang/NoSuchMethodError': Method sun.misc.Unsafe.defineClass(Ljava/lang/String;[BII)Ljava/lang/Class; name or signature does not match> (0x000000076ab07c78) thrown at [C:\re\workspace\8-2-build-windows-amd64-cygwin\jdk8u102\7268\hotspot\sq
Event: 0.617 Thread 0x00000000030f0800 Exception <a 'java/lang/NoSuchMethodError': Method sun.misc.Unsafe.prefetchRead(Ljava/lang/Object;J)V name or signature does not match> (0x000000076ab07f60) thrown at [C:\re\workspace\8-2-build-windows-amd64-cygwin\jdk8u102\7268\hotspot\src\share\vm\prims\Mç¹˜¨@
Event: 3.762 Thread 0x000000001e2da800 Implicit null exception at 0x000000000348a218 to 0x000000000348c759

Events (10 events):
Event: 3.773 Thread 0x000000001e2d4800 Uncommon trap: trap_request=0xffffffde fr.pc=0x00000000033fff70
Event: 3.773 Thread 0x000000001e2d4800 DEOPT PACKING pc=0x00000000033fff70 sp=0x000000001ea1ec00
Event: 3.773 Thread 0x000000001e2d4800 DEOPT UNPACKING pc=0x000000000323582a sp=0x000000001ea1eba0 mode 2
Event: 3.773 Thread 0x000000001e2d4800 Uncommon trap: trap_request=0xffffffde fr.pc=0x00000000033fff70
Event: 3.773 Thread 0x000000001e2d4800 DEOPT PACKING pc=0x00000000033fff70 sp=0x000000001ea1ef20
Event: 3.773 Thread 0x000000001e2d4800 DEOPT UNPACKING pc=0x000000000323582a sp=0x000000001ea1eec0 mode 2
Event: 3.776 loading class java/util/DualPivotQuicksort
Event: 3.776 loading class java/util/DualPivotQuicksort done
Event: 3.801 Executing VM operation: ForceSafepoint
Event: 4.031 Executing VM operation: ForceSafepoint done


Dynamic libraries:
0x00007ff64da40000 - 0x00007ff64da77000 	C:\Program Files\Java\jdk1.8.0_102\bin\java.exe
0x00007ffd32a70000 - 0x00007ffd32c41000 	C:\WINDOWS\SYSTEM32\ntdll.dll
0x00007ffd329c0000 - 0x00007ffd32a6b000 	C:\WINDOWS\System32\KERNEL32.DLL
0x00007ffd2f340000 - 0x00007ffd2f55d000 	C:\WINDOWS\System32\KERNELBASE.dll
0x00007ffd32450000 - 0x00007ffd324f2000 	C:\WINDOWS\System32\ADVAPI32.dll
0x00007ffd32030000 - 0x00007ffd320ce000 	C:\WINDOWS\System32\msvcrt.dll
0x00007ffd322a0000 - 0x00007ffd322f9000 	C:\WINDOWS\System32\sechost.dll
0x00007ffd32300000 - 0x00007ffd32421000 	C:\WINDOWS\System32\RPCRT4.dll
0x00007ffd307f0000 - 0x00007ffd30955000 	C:\WINDOWS\System32\USER32.dll
0x00007ffd2efd0000 - 0x00007ffd2efee000 	C:\WINDOWS\System32\win32u.dll
0x00007ffd325a0000 - 0x00007ffd325d4000 	C:\WINDOWS\System32\GDI32.dll
0x00007ffd2f0a0000 - 0x00007ffd2f222000 	C:\WINDOWS\System32\gdi32full.dll
0x00007ffd23f90000 - 0x00007ffd24209000 	C:\WINDOWS\WinSxS\amd64_microsoft.windows.common-controls_6595b64144ccf1df_6.0.14393.447_none_42191651c6827bb3\COMCTL32.dll
0x00007ffd325f0000 - 0x00007ffd328b8000 	C:\WINDOWS\System32\combase.dll
0x00007ffd2fc90000 - 0x00007ffd2fd85000 	C:\WINDOWS\System32\ucrtbase.dll
0x00007ffd2ef60000 - 0x00007ffd2efca000 	C:\WINDOWS\System32\bcryptPrimitives.dll
0x00007ffd32500000 - 0x00007ffd3252e000 	C:\WINDOWS\System32\IMM32.DLL
0x000000005b690000 - 0x000000005b761000 	C:\Program Files\Java\jdk1.8.0_102\jre\bin\msvcr100.dll
0x000000005adf0000 - 0x000000005b68a000 	C:\Program Files\Java\jdk1.8.0_102\jre\bin\server\jvm.dll
0x00007ffd30720000 - 0x00007ffd30728000 	C:\WINDOWS\System32\PSAPI.DLL
0x00007ffd185a0000 - 0x00007ffd185a9000 	C:\WINDOWS\SYSTEM32\WSOCK32.dll
0x00007ffd32530000 - 0x00007ffd3259a000 	C:\WINDOWS\System32\WS2_32.dll
0x00007ffd2d390000 - 0x00007ffd2d3b3000 	C:\WINDOWS\SYSTEM32\WINMM.dll
0x00007ffd1e6c0000 - 0x00007ffd1e6ca000 	C:\WINDOWS\SYSTEM32\VERSION.dll
0x00007ffd2d330000 - 0x00007ffd2d35b000 	C:\WINDOWS\SYSTEM32\WINMMBASE.dll
0x00007ffd2fc40000 - 0x00007ffd2fc82000 	C:\WINDOWS\System32\cfgmgr32.dll
0x000000005bfe0000 - 0x000000005bfef000 	C:\Program Files\Java\jdk1.8.0_102\jre\bin\verify.dll
0x000000005adc0000 - 0x000000005ade9000 	C:\Program Files\Java\jdk1.8.0_102\jre\bin\java.dll
0x000000005ada0000 - 0x000000005adb6000 	C:\Program Files\Java\jdk1.8.0_102\jre\bin\zip.dll
0x00007ffd30960000 - 0x00007ffd31e69000 	C:\WINDOWS\System32\SHELL32.dll
0x00007ffd2f560000 - 0x00007ffd2fc3a000 	C:\WINDOWS\System32\windows.storage.dll
0x00007ffd2eef0000 - 0x00007ffd2ef3c000 	C:\WINDOWS\System32\powrprof.dll
0x00007ffd328c0000 - 0x00007ffd32912000 	C:\WINDOWS\System32\shlwapi.dll
0x00007ffd2ef50000 - 0x00007ffd2ef5f000 	C:\WINDOWS\System32\kernel.appcore.dll
0x00007ffd2f290000 - 0x00007ffd2f339000 	C:\WINDOWS\System32\shcore.dll
0x00007ffd2eed0000 - 0x00007ffd2eee4000 	C:\WINDOWS\System32\profapi.dll

VM Arguments:
jvm_args: -Djava.awt.headless=true -Xmx4g -Dfile.encoding=windows-1252 -Duser.country=US -Duser.language=en -Duser.variant 
java_command: com.android.dx.command.Main --dex --force-jumbo --num-threads=4 --multi-dex --output C:\Users\Administrator\Desktop\KeyOutcomesTracker\app\build\intermediates\transforms\dex\debug\folders\1000\10\com.android.support-support-core-utils-25.1.0_9e381fa4db028ce5360b1a21674a89008b7e7a53 C:\Users\Administrator\Desktop\KeyOutcomesTracker\app\build\intermediates\exploded-aar\com.android.support\support-core-utils\25.1.0\jars\classes.jar
java_class_path (initial): C:\Users\Administrator\AppData\Local\Android\sdk\build-tools\25.0.0\lib\dx.jar
Launcher Type: SUN_STANDARD

Environment Variables:
PATH=C:\Python27\;C:\Python27\Scripts;C:\ProgramData\Oracle\Java\javapath;C:\WINDOWS\system32;C:\WINDOWS;C:\WINDOWS\System32\Wbem;C:\WINDOWS\System32\WindowsPowerShell\v1.0\;C:\Program Files\nodejs\;C:\Program Files\Git\cmd;C:\Users\Administrator\AppData\Local\Microsoft\WindowsApps;C:\Users\Administrator\AppData\Roaming\npm;C:\Users\Administrator\AppData\Local\atom\bin;C:\Python27
USERNAME=Administrator
OS=Windows_NT
PROCESSOR_IDENTIFIER=Intel64 Family 6 Model 61 Stepping 4, GenuineIntel



---------------  S Y S T E M  ---------------

OS: Windows 10.0 , 64 bit Build 14393 (10.0.14393.0)

CPU:total 4 (2 cores per cpu, 2 threads per core) family 6 model 61 stepping 4, cmov, cx8, fxsr, mmx, sse, sse2, sse3, ssse3, sse4.1, sse4.2, popcnt, avx, avx2, aes, clmul, erms, 3dnowpref, lzcnt, ht, tsc, tscinvbit, bmi1, bmi2, adx

Memory: 4k page, physical 8291024k(1597364k free), swap 9339600k(3552k free)

vm_info: Java HotSpot(TM) 64-Bit Server VM (25.102-b14) for windows-amd64 JRE (1.8.0_102-b14), built on Jun 22 2016 13:15:21 by "java_re" with MS VC++ 10.0 (VS2010)

time: Fri Jan 06 23:10:50 2017
elapsed time: 4 seconds (0d 0h 0m 4s)

