#
# There is insufficient memory for the Java Runtime Environment to continue.
# Native memory allocation (malloc) failed to allocate 711664 bytes for Chunk::new
# Possible reasons:
#   The system is out of physical RAM or swap space
#   In 32 bit mode, the process size limit was hit
# Possible solutions:
#   Reduce memory load on the system
#   Increase physical memory or swap space
#   Check if swap backing store is full
#   Use 64 bit Java on a 64 bit OS
#   Decrease Java heap size (-Xmx/-Xms)
#   Decrease number of Java threads
#   Decrease Java thread stack sizes (-Xss)
#   Set larger code cache with -XX:ReservedCodeCacheSize=
# This output file may be truncated or incomplete.
#
#  Out of Memory Error (allocation.cpp:390), pid=4112, tid=0x000000000000117c
#
# JRE version: Java(TM) SE Runtime Environment (8.0_102-b14) (build 1.8.0_102-b14)
# Java VM: Java HotSpot(TM) 64-Bit Server VM (25.102-b14 mixed mode windows-amd64 compressed oops)
# Failed to write core dump. Minidumps are not enabled by default on client versions of Windows
#

---------------  T H R E A D  ---------------

Current thread (0x000000001c6b8800):  JavaThread "C2 CompilerThread1" daemon [_thread_in_native, id=4476, stack(0x000000001ddb0000,0x000000001deb0000)]

Stack: [0x000000001ddb0000,0x000000001deb0000]
[error occurred during error reporting (printing stack bounds), id 0xc0000005]

Native frames: (J=compiled Java code, j=interpreted, Vv=VM code, C=native code)


Current CompileTask:
C2:   8011 1331       4       com.android.dx.dex.code.OutputFinisher::addConstants (93 bytes)


---------------  P R O C E S S  ---------------

Java Threads: ( => current thread )
  0x000000001e01c000 JavaThread "pool-1-thread-1" [_thread_in_vm, id=1212, stack(0x0000000020280000,0x0000000020380000)]
  0x000000001deb5800 JavaThread "Service Thread" daemon [_thread_blocked, id=4400, stack(0x000000001e3b0000,0x000000001e4b0000)]
  0x000000001deb0800 JavaThread "C1 CompilerThread2" daemon [_thread_blocked, id=4920, stack(0x000000001e2b0000,0x000000001e3b0000)]
=>0x000000001c6b8800 JavaThread "C2 CompilerThread1" daemon [_thread_in_native, id=4476, stack(0x000000001ddb0000,0x000000001deb0000)]
  0x000000001c65c800 JavaThread "C2 CompilerThread0" daemon [_thread_blocked, id=7008, stack(0x000000001dcb0000,0x000000001ddb0000)]
  0x000000001c65b000 JavaThread "Attach Listener" daemon [_thread_blocked, id=1012, stack(0x000000001dbb0000,0x000000001dcb0000)]
  0x000000001c65a000 JavaThread "Signal Dispatcher" daemon [_thread_blocked, id=2276, stack(0x000000001dab0000,0x000000001dbb0000)]
  0x000000001c64a000 JavaThread "Finalizer" daemon [_thread_blocked, id=3704, stack(0x000000001d8c0000,0x000000001d9c0000)]
  0x000000001c628800 JavaThread "Reference Handler" daemon [_thread_blocked, id=5976, stack(0x000000001d7c0000,0x000000001d8c0000)]
  0x0000000002e91000 JavaThread "main" [_thread_blocked, id=4060, stack(0x0000000002d90000,0x0000000002e90000)]

Other Threads:
  0x000000001c626800 VMThread [stack: 0x000000001d6c0000,0x000000001d7c0000] [id=3436]
  0x000000001ded2800 WatcherThread [stack: 0x000000001e4b0000,0x000000001e5b0000] [id=5596]

VM state:not at safepoint (normal execution)

VM Mutex/Monitor currently owned by a thread: None

Heap:
 PSYoungGen      total 38400K, used 10751K [0x000000076ab00000, 0x000000076f600000, 0x00000007c0000000)
  eden space 33280K, 17% used [0x000000076ab00000,0x000000076b0872a8,0x000000076cb80000)
  from space 5120K, 99% used [0x000000076cb80000,0x000000076d078c98,0x000000076d080000)
  to   space 5120K, 0% used [0x000000076f100000,0x000000076f100000,0x000000076f600000)
 ParOldGen       total 87552K, used 1174K [0x00000006c0000000, 0x00000006c5580000, 0x000000076ab00000)
  object space 87552K, 1% used [0x00000006c0000000,0x00000006c0125a48,0x00000006c5580000)
 Metaspace       used 6029K, capacity 7024K, committed 7296K, reserved 1056768K
  class space    used 600K, capacity 616K, committed 640K, reserved 1048576K

Card table byte_map: [0x0000000012350000,0x0000000012b60000] byte_map_base: 0x000000000ed50000

Marking Bits: (ParMarkBitMap*) 0x0000000063bba6c0
 Begin Bits: [0x00000000134c0000, 0x00000000174c0000)
 End Bits:   [0x00000000174c0000, 0x000000001b4c0000)

Polling page: 0x0000000001560000

CodeCache: size=245760Kb used=5636Kb max_used=5636Kb free=240123Kb
 bounds [0x0000000002f90000, 0x0000000003520000, 0x0000000011f90000]
 total_blobs=1638 nmethods=1375 adapters=176
 compilation: enabled

Compilation events (10 events):
Event: 7.960 Thread 0x000000001deb0800 1381       1       com.android.dx.dex.code.DalvInsn::getOpcode (5 bytes)
Event: 7.960 Thread 0x000000001deb0800 nmethod 1381 0x0000000003514d50 code [0x0000000003514ea0, 0x0000000003514fb0]
Event: 7.961 Thread 0x000000001deb0800 1382       1       com.android.dx.dex.code.Dop::getFormat (5 bytes)
Event: 7.961 Thread 0x000000001deb0800 nmethod 1382 0x0000000003515010 code [0x0000000003515160, 0x0000000003515270]
Event: 7.961 Thread 0x000000001deb0800 1383       1       com.android.dx.dex.code.DalvInsn::getRegisters (5 bytes)
Event: 7.961 Thread 0x000000001deb0800 nmethod 1383 0x00000000035152d0 code [0x0000000003515420, 0x0000000003515530]
Event: 7.961 Thread 0x000000001deb0800 1384   !   3       java.util.zip.ZipFile$ZipFileInputStream::read (131 bytes)
Event: 7.962 Thread 0x000000001deb0800 nmethod 1384 0x0000000003515590 code [0x0000000003515760, 0x0000000003516008]
Event: 7.966 Thread 0x000000001deb0800 1386       3       java.util.ArrayDeque::poll (5 bytes)
Event: 7.966 Thread 0x000000001deb0800 nmethod 1386 0x0000000003516910 code [0x0000000003516a80, 0x0000000003516c28]

GC Heap History (2 events):
Event: 5.589 GC heap before
{Heap before GC invocations=1 (full 0):
 PSYoungGen      total 38400K, used 33280K [0x000000076ab00000, 0x000000076d580000, 0x00000007c0000000)
  eden space 33280K, 100% used [0x000000076ab00000,0x000000076cb80000,0x000000076cb80000)
  from space 5120K, 0% used [0x000000076d080000,0x000000076d080000,0x000000076d580000)
  to   space 5120K, 0% used [0x000000076cb80000,0x000000076cb80000,0x000000076d080000)
 ParOldGen       total 87552K, used 0K [0x00000006c0000000, 0x00000006c5580000, 0x000000076ab00000)
  object space 87552K, 0% used [0x00000006c0000000,0x00000006c0000000,0x00000006c5580000)
 Metaspace       used 5899K, capacity 6960K, committed 7040K, reserved 1056768K
  class space    used 590K, capacity 616K, committed 640K, reserved 1048576K
Event: 6.199 GC heap after
Heap after GC invocations=1 (full 0):
 PSYoungGen      total 38400K, used 5091K [0x000000076ab00000, 0x000000076f600000, 0x00000007c0000000)
  eden space 33280K, 0% used [0x000000076ab00000,0x000000076ab00000,0x000000076cb80000)
  from space 5120K, 99% used [0x000000076cb80000,0x000000076d078c98,0x000000076d080000)
  to   space 5120K, 0% used [0x000000076f100000,0x000000076f100000,0x000000076f600000)
 ParOldGen       total 87552K, used 1174K [0x00000006c0000000, 0x00000006c5580000, 0x000000076ab00000)
  object space 87552K, 1% used [0x00000006c0000000,0x00000006c0125a48,0x00000006c5580000)
 Metaspace       used 5899K, capacity 6960K, committed 7040K, reserved 1056768K
  class space    used 590K, capacity 616K, committed 640K, reserved 1048576K
}

Deoptimization events (10 events):
Event: 7.746 Thread 0x000000001e01c000 Uncommon trap: reason=class_check action=maybe_recompile pc=0x00000000033e28ec method=java.util.Arrays.hashCode([Ljava/lang/Object;)I @ 43
Event: 7.747 Thread 0x000000001e01c000 Uncommon trap: reason=class_check action=maybe_recompile pc=0x00000000033e28ec method=java.util.Arrays.hashCode([Ljava/lang/Object;)I @ 43
Event: 7.747 Thread 0x000000001e01c000 Uncommon trap: reason=class_check action=maybe_recompile pc=0x00000000033e28ec method=java.util.Arrays.hashCode([Ljava/lang/Object;)I @ 43
Event: 7.767 Thread 0x000000001e01c000 Uncommon trap: reason=class_check action=maybe_recompile pc=0x0000000003457e98 method=java.util.HashMap.putVal(ILjava/lang/Object;Ljava/lang/Object;ZZ)Ljava/lang/Object; @ 203
Event: 7.769 Thread 0x000000001e01c000 Uncommon trap: reason=unstable_if action=reinterpret pc=0x0000000003457e68 method=java.util.HashMap.putVal(ILjava/lang/Object;Ljava/lang/Object;ZZ)Ljava/lang/Object; @ 94
Event: 7.769 Thread 0x000000001e01c000 Uncommon trap: reason=unstable_if action=reinterpret pc=0x000000000344ac28 method=java.util.HashMap.putVal(ILjava/lang/Object;Ljava/lang/Object;ZZ)Ljava/lang/Object; @ 94
Event: 7.769 Thread 0x000000001e01c000 Uncommon trap: reason=unstable_if action=reinterpret pc=0x00000000034e9ffc method=com.android.dx.dex.code.OutputFinisher.addConstants(Ljava/util/HashSet;Lcom/android/dx/rop/code/RegisterSpec;)V @ 57
Event: 7.906 Thread 0x000000001e01c000 Uncommon trap: reason=bimorphic action=maybe_recompile pc=0x00000000031c47a4 method=java.util.HashMap.getNode(ILjava/lang/Object;)Ljava/util/HashMap$Node; @ 126
Event: 7.925 Thread 0x000000001e01c000 Uncommon trap: reason=bimorphic action=maybe_recompile pc=0x00000000031c47a4 method=java.util.HashMap.getNode(ILjava/lang/Object;)Ljava/util/HashMap$Node; @ 126
Event: 7.925 Thread 0x000000001e01c000 Uncommon trap: reason=bimorphic action=maybe_recompile pc=0x0000000003195578 method=java.util.HashMap.getNode(ILjava/lang/Object;)Ljava/util/HashMap$Node; @ 126

Internal exceptions (2 events):
Event: 0.157 Thread 0x0000000002e91000 Exception <a 'java/lang/NoSuchMethodError': Method sun.misc.Unsafe.defineClass(Ljava/lang/String;[BII)Ljava/lang/Class; name or signature does not match> (0x000000076ab07c78) thrown at [C:\re\workspace\8-2-build-windows-amd64-cygwin\jdk8u102\7268\hotspot\svd‘‡€Ä?
Event: 0.157 Thread 0x0000000002e91000 Exception <a 'java/lang/NoSuchMethodError': Method sun.misc.Unsafe.prefetchRead(Ljava/lang/Object;J)V name or signature does not match> (0x000000076ab07f60) thrown at [C:\re\workspace\8-2-build-windows-amd64-cygwin\jdk8u102\7268\hotspot\src\share\vm\prims\

Events (10 events):
Event: 7.960 loading class com/android/dx/dex/file/CodeItem$1
Event: 7.960 loading class com/android/dx/dex/file/CodeItem$1 done
Event: 7.961 loading class com/android/dx/dex/code/DalvInsnList
Event: 7.961 loading class com/android/dx/dex/code/DalvInsnList done
Event: 7.965 loading class com/android/dx/dex/code/PositionList
Event: 7.965 loading class com/android/dx/dex/code/PositionList done
Event: 7.965 loading class com/android/dx/dex/code/PositionList$Entry
Event: 7.965 loading class com/android/dx/dex/code/PositionList$Entry done
Event: 7.965 loading class com/android/dx/dex/code/LocalList
Event: 7.965 loading class com/android/dx/dex/code/LocalList done


Dynamic libraries:
0x00007ff608e00000 - 0x00007ff608e37000 	C:\Program Files\Java\jdk1.8.0_102\bin\java.exe
0x00007ffd83a90000 - 0x00007ffd83c61000 	C:\WINDOWS\SYSTEM32\ntdll.dll
0x00007ffd82e60000 - 0x00007ffd82f0b000 	C:\WINDOWS\System32\KERNEL32.DLL
0x00007ffd80be0000 - 0x00007ffd80dfd000 	C:\WINDOWS\System32\KERNELBASE.dll
0x00007ffd834b0000 - 0x00007ffd83552000 	C:\WINDOWS\System32\ADVAPI32.dll
0x00007ffd839f0000 - 0x00007ffd83a8e000 	C:\WINDOWS\System32\msvcrt.dll
0x00007ffd82e00000 - 0x00007ffd82e59000 	C:\WINDOWS\System32\sechost.dll
0x00007ffd82cd0000 - 0x00007ffd82df1000 	C:\WINDOWS\System32\RPCRT4.dll
0x00007ffd83340000 - 0x00007ffd834a5000 	C:\WINDOWS\System32\USER32.dll
0x00007ffd80e00000 - 0x00007ffd80e1e000 	C:\WINDOWS\System32\win32u.dll
0x00007ffd82f10000 - 0x00007ffd82f44000 	C:\WINDOWS\System32\GDI32.dll
0x00007ffd80e20000 - 0x00007ffd80fa2000 	C:\WINDOWS\System32\gdi32full.dll
0x00007ffd73b90000 - 0x00007ffd73e09000 	C:\WINDOWS\WinSxS\amd64_microsoft.windows.common-controls_6595b64144ccf1df_6.0.14393.447_none_42191651c6827bb3\COMCTL32.dll
0x00007ffd835e0000 - 0x00007ffd838a8000 	C:\WINDOWS\System32\combase.dll
0x00007ffd80a40000 - 0x00007ffd80b35000 	C:\WINDOWS\System32\ucrtbase.dll
0x00007ffd80fb0000 - 0x00007ffd8101a000 	C:\WINDOWS\System32\bcryptPrimitives.dll
0x00007ffd82f50000 - 0x00007ffd82f7e000 	C:\WINDOWS\System32\IMM32.DLL
0x0000000063c40000 - 0x0000000063d11000 	C:\Program Files\Java\jdk1.8.0_102\jre\bin\msvcr100.dll
0x00000000633a0000 - 0x0000000063c3a000 	C:\Program Files\Java\jdk1.8.0_102\jre\bin\server\jvm.dll
0x00007ffd82890000 - 0x00007ffd82898000 	C:\WINDOWS\System32\PSAPI.DLL
0x00007ffd74300000 - 0x00007ffd74309000 	C:\WINDOWS\SYSTEM32\WSOCK32.dll
0x00007ffd83570000 - 0x00007ffd835da000 	C:\WINDOWS\System32\WS2_32.dll
0x00007ffd7e430000 - 0x00007ffd7e453000 	C:\WINDOWS\SYSTEM32\WINMM.dll
0x00007ffd6feb0000 - 0x00007ffd6feba000 	C:\WINDOWS\SYSTEM32\VERSION.dll
0x00007ffd7e3d0000 - 0x00007ffd7e3fb000 	C:\WINDOWS\SYSTEM32\WINMMBASE.dll
0x00007ffd80660000 - 0x00007ffd806a2000 	C:\WINDOWS\System32\cfgmgr32.dll
0x0000000064b10000 - 0x0000000064b1f000 	C:\Program Files\Java\jdk1.8.0_102\jre\bin\verify.dll
0x0000000064110000 - 0x0000000064139000 	C:\Program Files\Java\jdk1.8.0_102\jre\bin\java.dll
0x00000000640f0000 - 0x0000000064106000 	C:\Program Files\Java\jdk1.8.0_102\jre\bin\zip.dll
0x00007ffd81150000 - 0x00007ffd82659000 	C:\WINDOWS\System32\SHELL32.dll
0x00007ffd7ff80000 - 0x00007ffd8065a000 	C:\WINDOWS\System32\windows.storage.dll
0x00007ffd7ff20000 - 0x00007ffd7ff6c000 	C:\WINDOWS\System32\powrprof.dll
0x00007ffd82820000 - 0x00007ffd82872000 	C:\WINDOWS\System32\shlwapi.dll
0x00007ffd7ff10000 - 0x00007ffd7ff1f000 	C:\WINDOWS\System32\kernel.appcore.dll
0x00007ffd806b0000 - 0x00007ffd80759000 	C:\WINDOWS\System32\shcore.dll
0x00007ffd7fef0000 - 0x00007ffd7ff04000 	C:\WINDOWS\System32\profapi.dll

VM Arguments:
jvm_args: -Djava.awt.headless=true -Xmx4g -Dfile.encoding=windows-1252 -Duser.country=US -Duser.language=en -Duser.variant 
java_command: com.android.dx.command.Main --dex --force-jumbo --num-threads=4 --multi-dex --output C:\Users\Administrator\Desktop\KeyOutcomesTracker\app\build\intermediates\transforms\dex\debug\folders\1000\10\com.android.support-support-vector-drawable-25.1.0_b8e14f975e04a8ec01bc71f55b03a8247c282de3 C:\Users\Administrator\Desktop\KeyOutcomesTracker\app\build\intermediates\exploded-aar\com.android.support\support-vector-drawable\25.1.0\jars\classes.jar
java_class_path (initial): C:\Users\Administrator\AppData\Local\Android\sdk\build-tools\25.0.0\lib\dx.jar
Launcher Type: SUN_STANDARD

Environment Variables:
PATH=C:\Python27\;C:\Python27\Scripts;C:\ProgramData\Oracle\Java\javapath;C:\WINDOWS\system32;C:\WINDOWS;C:\WINDOWS\System32\Wbem;C:\WINDOWS\System32\WindowsPowerShell\v1.0\;C:\Program Files\nodejs\;C:\Program Files\Git\cmd;C:\Users\Administrator\AppData\Local\Microsoft\WindowsApps;C:\Users\Administrator\AppData\Roaming\npm;C:\Users\Administrator\AppData\Local\atom\bin;C:\Python27
USERNAME=Administrator
OS=Windows_NT
PROCESSOR_IDENTIFIER=Intel64 Family 6 Model 61 Stepping 4, GenuineIntel



---------------  S Y S T E M  ---------------

OS: Windows 10.0 , 64 bit Build 14393 (10.0.14393.0)

CPU:total 4 (2 cores per cpu, 2 threads per core) family 6 model 61 stepping 4, cmov, cx8, fxsr, mmx, sse, sse2, sse3, ssse3, sse4.1, sse4.2, popcnt, avx, avx2, aes, clmul, erms, 3dnowpref, lzcnt, ht, tsc, tscinvbit, bmi1, bmi2, adx

Memory: 4k page, physical 8291024k(1942844k free), swap 9339600k(5248k free)

vm_info: Java HotSpot(TM) 64-Bit Server VM (25.102-b14) for windows-amd64 JRE (1.8.0_102-b14), built on Jun 22 2016 13:15:21 by "java_re" with MS VC++ 10.0 (VS2010)

time: Wed Jan 11 14:03:30 2017
elapsed time: 8 seconds (0d 0h 0m 8s)

