#
# There is insufficient memory for the Java Runtime Environment to continue.
# Native memory allocation (malloc) failed to allocate 65552 bytes for Chunk::new
# Possible reasons:
#   The system is out of physical RAM or swap space
#   In 32 bit mode, the process size limit was hit
# Possible solutions:
#   Reduce memory load on the system
#   Increase physical memory or swap space
#   Check if swap backing store is full
#   Use 64 bit Java on a 64 bit OS
#   Decrease Java heap size (-Xmx/-Xms)
#   Decrease number of Java threads
#   Decrease Java thread stack sizes (-Xss)
#   Set larger code cache with -XX:ReservedCodeCacheSize=
# This output file may be truncated or incomplete.
#
#  Out of Memory Error (allocation.cpp:390), pid=8124, tid=0x00000000000020f0
#
# JRE version: Java(TM) SE Runtime Environment (8.0_102-b14) (build 1.8.0_102-b14)
# Java VM: Java HotSpot(TM) 64-Bit Server VM (25.102-b14 mixed mode windows-amd64 compressed oops)
# Failed to write core dump. Minidumps are not enabled by default on client versions of Windows
#

---------------  T H R E A D  ---------------

Current thread (0x000000001c4ec000):  JavaThread "C2 CompilerThread0" daemon [_thread_in_native, id=8432, stack(0x000000001db60000,0x000000001dc60000)]

Stack: [0x000000001db60000,0x000000001dc60000]
[error occurred during error reporting (printing stack bounds), id 0xc0000005]

Native frames: (J=compiled Java code, j=interpreted, Vv=VM code, C=native code)


Current CompileTask:
C2:   5442 1614       4       com.android.dx.ssa.SCCP::addUsersToWorklist (103 bytes)


---------------  P R O C E S S  ---------------

Java Threads: ( => current thread )
  0x000000001e0c2800 JavaThread "pool-2-thread-4" [_thread_in_Java, id=7244, stack(0x000000001e860000,0x000000001e960000)]
  0x000000001e0b9000 JavaThread "pool-2-thread-3" [_thread_in_vm, id=8480, stack(0x000000001e760000,0x000000001e860000)]
  0x000000001dfa5000 JavaThread "pool-2-thread-2" [_thread_in_Java, id=6340, stack(0x000000001e660000,0x000000001e760000)]
  0x000000001dfa2800 JavaThread "pool-3-thread-1" [_thread_blocked, id=9160, stack(0x000000001e560000,0x000000001e660000)]
  0x000000001dfa0000 JavaThread "pool-2-thread-1" [_thread_in_Java, id=5576, stack(0x000000001e460000,0x000000001e560000)]
  0x000000001de65800 JavaThread "Service Thread" daemon [_thread_blocked, id=9144, stack(0x000000001e260000,0x000000001e360000)]
  0x000000001c54a000 JavaThread "C1 CompilerThread2" daemon [_thread_blocked, id=5432, stack(0x000000001dd60000,0x000000001de60000)]
  0x000000001c4f2000 JavaThread "C2 CompilerThread1" daemon [_thread_in_native, id=2792, stack(0x000000001dc60000,0x000000001dd60000)]
=>0x000000001c4ec000 JavaThread "C2 CompilerThread0" daemon [_thread_in_native, id=8432, stack(0x000000001db60000,0x000000001dc60000)]
  0x000000001c4eb000 JavaThread "Attach Listener" daemon [_thread_blocked, id=8232, stack(0x000000001da60000,0x000000001db60000)]
  0x0000000002dce000 JavaThread "Signal Dispatcher" daemon [_thread_blocked, id=4708, stack(0x000000001d960000,0x000000001da60000)]
  0x0000000002dc6800 JavaThread "Finalizer" daemon [_thread_blocked, id=5912, stack(0x000000001d770000,0x000000001d870000)]
  0x000000001c4b8800 JavaThread "Reference Handler" daemon [_thread_blocked, id=3656, stack(0x000000001d670000,0x000000001d770000)]
  0x0000000002cd1000 JavaThread "main" [_thread_blocked, id=6688, stack(0x0000000002a90000,0x0000000002b90000)]

Other Threads:
  0x000000001c4b7800 VMThread [stack: 0x000000001d570000,0x000000001d670000] [id=212]
  0x000000001de6d000 WatcherThread [stack: 0x000000001e360000,0x000000001e460000] [id=8316]

VM state:not at safepoint (normal execution)

VM Mutex/Monitor currently owned by a thread: None

Heap:
 PSYoungGen      total 138240K, used 27987K [0x000000076ab00000, 0x0000000773700000, 0x00000007c0000000)
  eden space 133120K, 21% used [0x000000076ab00000,0x000000076c654c10,0x0000000772d00000)
  from space 5120K, 0% used [0x0000000773200000,0x0000000773200000,0x0000000773700000)
  to   space 5120K, 0% used [0x0000000772d00000,0x0000000772d00000,0x0000000773200000)
 ParOldGen       total 118272K, used 32105K [0x00000006c0000000, 0x00000006c7380000, 0x000000076ab00000)
  object space 118272K, 27% used [0x00000006c0000000,0x00000006c1f5a5f0,0x00000006c7380000)
 Metaspace       used 5862K, capacity 6960K, committed 7040K, reserved 1056768K
  class space    used 586K, capacity 616K, committed 640K, reserved 1048576K

Card table byte_map: [0x0000000012190000,0x00000000129a0000] byte_map_base: 0x000000000eb90000

Marking Bits: (ParMarkBitMap*) 0x0000000063bba6c0
 Begin Bits: [0x0000000013300000, 0x0000000017300000)
 End Bits:   [0x0000000017300000, 0x000000001b300000)

Polling page: 0x0000000002a30000

CodeCache: size=245760Kb used=7134Kb max_used=7134Kb free=238625Kb
 bounds [0x0000000002dd0000, 0x00000000034d0000, 0x0000000011dd0000]
 total_blobs=1790 nmethods=1528 adapters=175
 compilation: enabled

Compilation events (10 events):
Event: 5.304 Thread 0x000000001c4ec000 1329       4       com.android.dx.rop.code.Rop::isCommutative (60 bytes)
Event: 5.304 Thread 0x000000001c4ec000 nmethod 1329 0x00000000033e6490 code [0x00000000033e65c0, 0x00000000033e6658]
Event: 5.304 Thread 0x000000001c4ec000 1396       4       com.android.dx.rop.code.RegisterSpecSet::<init> (27 bytes)
Event: 5.306 Thread 0x000000001c4ec000 nmethod 1396 0x0000000003480790 code [0x00000000034808e0, 0x0000000003480a38]
Event: 5.409 Thread 0x000000001c4ec000 1614       4       com.android.dx.ssa.SCCP::addUsersToWorklist (103 bytes)
Event: 5.434 Thread 0x000000001c54a000 1615       3       com.android.dx.ssa.SCCP::simulateStmt (481 bytes)
Event: 5.436 Thread 0x000000001c54a000 nmethod 1615 0x00000000034c4b10 code [0x00000000034c4e60, 0x00000000034c6e78]
Event: 5.436 Thread 0x000000001c54a000 1616       3       com.android.dx.ssa.SCCP::simulateBranch (666 bytes)
Event: 5.440 Thread 0x000000001c54a000 nmethod 1616 0x00000000034c7fd0 code [0x00000000034c8480, 0x00000000034cc098]
Event: 5.440 Thread 0x000000001c54a000 1619       3       com.android.dx.ssa.SCCP::simulatePhi (169 bytes)

GC Heap History (10 events):
Event: 2.379 GC heap before
{Heap before GC invocations=1 (full 0):
 PSYoungGen      total 38400K, used 33280K [0x000000076ab00000, 0x000000076d580000, 0x00000007c0000000)
  eden space 33280K, 100% used [0x000000076ab00000,0x000000076cb80000,0x000000076cb80000)
  from space 5120K, 0% used [0x000000076d080000,0x000000076d080000,0x000000076d580000)
  to   space 5120K, 0% used [0x000000076cb80000,0x000000076cb80000,0x000000076d080000)
 ParOldGen       total 87552K, used 0K [0x00000006c0000000, 0x00000006c5580000, 0x000000076ab00000)
  object space 87552K, 0% used [0x00000006c0000000,0x00000006c0000000,0x00000006c5580000)
 Metaspace       used 5615K, capacity 6768K, committed 7040K, reserved 1056768K
  class space    used 579K, capacity 616K, committed 640K, reserved 1048576K
Event: 2.454 GC heap after
Heap after GC invocations=1 (full 0):
 PSYoungGen      total 38400K, used 5110K [0x000000076ab00000, 0x000000076f600000, 0x00000007c0000000)
  eden space 33280K, 0% used [0x000000076ab00000,0x000000076ab00000,0x000000076cb80000)
  from space 5120K, 99% used [0x000000076cb80000,0x000000076d07da20,0x000000076d080000)
  to   space 5120K, 0% used [0x000000076f100000,0x000000076f100000,0x000000076f600000)
 ParOldGen       total 87552K, used 7487K [0x00000006c0000000, 0x00000006c5580000, 0x000000076ab00000)
  object space 87552K, 8% used [0x00000006c0000000,0x00000006c074ff88,0x00000006c5580000)
 Metaspace       used 5615K, capacity 6768K, committed 7040K, reserved 1056768K
  class space    used 579K, capacity 616K, committed 640K, reserved 1048576K
}
Event: 2.592 GC heap before
{Heap before GC invocations=2 (full 0):
 PSYoungGen      total 38400K, used 38390K [0x000000076ab00000, 0x000000076f600000, 0x00000007c0000000)
  eden space 33280K, 100% used [0x000000076ab00000,0x000000076cb80000,0x000000076cb80000)
  from space 5120K, 99% used [0x000000076cb80000,0x000000076d07da20,0x000000076d080000)
  to   space 5120K, 0% used [0x000000076f100000,0x000000076f100000,0x000000076f600000)
 ParOldGen       total 87552K, used 7487K [0x00000006c0000000, 0x00000006c5580000, 0x000000076ab00000)
  object space 87552K, 8% used [0x00000006c0000000,0x00000006c074ff88,0x00000006c5580000)
 Metaspace       used 5644K, capacity 6768K, committed 7040K, reserved 1056768K
  class space    used 580K, capacity 616K, committed 640K, reserved 1048576K
Event: 2.666 GC heap after
Heap after GC invocations=2 (full 0):
 PSYoungGen      total 71680K, used 5090K [0x000000076ab00000, 0x000000076f600000, 0x00000007c0000000)
  eden space 66560K, 0% used [0x000000076ab00000,0x000000076ab00000,0x000000076ec00000)
  from space 5120K, 99% used [0x000000076f100000,0x000000076f5f8ba8,0x000000076f600000)
  to   space 5120K, 0% used [0x000000076ec00000,0x000000076ec00000,0x000000076f100000)
 ParOldGen       total 87552K, used 24987K [0x00000006c0000000, 0x00000006c5580000, 0x000000076ab00000)
  object space 87552K, 28% used [0x00000006c0000000,0x00000006c1866e68,0x00000006c5580000)
 Metaspace       used 5644K, capacity 6768K, committed 7040K, reserved 1056768K
  class space    used 580K, capacity 616K, committed 640K, reserved 1048576K
}
Event: 3.437 GC heap before
{Heap before GC invocations=3 (full 0):
 PSYoungGen      total 71680K, used 71650K [0x000000076ab00000, 0x000000076f600000, 0x00000007c0000000)
  eden space 66560K, 100% used [0x000000076ab00000,0x000000076ec00000,0x000000076ec00000)
  from space 5120K, 99% used [0x000000076f100000,0x000000076f5f8ba8,0x000000076f600000)
  to   space 5120K, 0% used [0x000000076ec00000,0x000000076ec00000,0x000000076f100000)
 ParOldGen       total 87552K, used 24987K [0x00000006c0000000, 0x00000006c5580000, 0x000000076ab00000)
  object space 87552K, 28% used [0x00000006c0000000,0x00000006c1866e68,0x00000006c5580000)
 Metaspace       used 5699K, capacity 6832K, committed 7040K, reserved 1056768K
  class space    used 581K, capacity 616K, committed 640K, reserved 1048576K
Event: 3.465 GC heap after
Heap after GC invocations=3 (full 0):
 PSYoungGen      total 71680K, used 5106K [0x000000076ab00000, 0x0000000773700000, 0x00000007c0000000)
  eden space 66560K, 0% used [0x000000076ab00000,0x000000076ab00000,0x000000076ec00000)
  from space 5120K, 99% used [0x000000076ec00000,0x000000076f0fcba8,0x000000076f100000)
  to   space 5120K, 0% used [0x0000000773200000,0x0000000773200000,0x0000000773700000)
 ParOldGen       total 87552K, used 48189K [0x00000006c0000000, 0x00000006c5580000, 0x000000076ab00000)
  object space 87552K, 55% used [0x00000006c0000000,0x00000006c2f0f430,0x00000006c5580000)
 Metaspace       used 5699K, capacity 6832K, committed 7040K, reserved 1056768K
  class space    used 581K, capacity 616K, committed 640K, reserved 1048576K
}
Event: 4.314 GC heap before
{Heap before GC invocations=4 (full 0):
 PSYoungGen      total 71680K, used 71666K [0x000000076ab00000, 0x0000000773700000, 0x00000007c0000000)
  eden space 66560K, 100% used [0x000000076ab00000,0x000000076ec00000,0x000000076ec00000)
  from space 5120K, 99% used [0x000000076ec00000,0x000000076f0fcba8,0x000000076f100000)
  to   space 5120K, 0% used [0x0000000773200000,0x0000000773200000,0x0000000773700000)
 ParOldGen       total 87552K, used 48189K [0x00000006c0000000, 0x00000006c5580000, 0x000000076ab00000)
  object space 87552K, 55% used [0x00000006c0000000,0x00000006c2f0f430,0x00000006c5580000)
 Metaspace       used 5858K, capacity 6960K, committed 7040K, reserved 1056768K
  class space    used 586K, capacity 616K, committed 640K, reserved 1048576K
Event: 4.432 GC heap after
Heap after GC invocations=4 (full 0):
 PSYoungGen      total 138240K, used 5106K [0x000000076ab00000, 0x0000000773700000, 0x00000007c0000000)
  eden space 133120K, 0% used [0x000000076ab00000,0x000000076ab00000,0x0000000772d00000)
  from space 5120K, 99% used [0x0000000773200000,0x00000007736fcb20,0x0000000773700000)
  to   space 5120K, 0% used [0x0000000772d00000,0x0000000772d00000,0x0000000773200000)
 ParOldGen       total 87552K, used 75851K [0x00000006c0000000, 0x00000006c5580000, 0x000000076ab00000)
  object space 87552K, 86% used [0x00000006c0000000,0x00000006c4a12e78,0x00000006c5580000)
 Metaspace       used 5858K, capacity 6960K, committed 7040K, reserved 1056768K
  class space    used 586K, capacity 616K, committed 640K, reserved 1048576K
}
Event: 4.432 GC heap before
{Heap before GC invocations=5 (full 1):
 PSYoungGen      total 138240K, used 5106K [0x000000076ab00000, 0x0000000773700000, 0x00000007c0000000)
  eden space 133120K, 0% used [0x000000076ab00000,0x000000076ab00000,0x0000000772d00000)
  from space 5120K, 99% used [0x0000000773200000,0x00000007736fcb20,0x0000000773700000)
  to   space 5120K, 0% used [0x0000000772d00000,0x0000000772d00000,0x0000000773200000)
 ParOldGen       total 87552K, used 75851K [0x00000006c0000000, 0x00000006c5580000, 0x000000076ab00000)
  object space 87552K, 86% used [0x00000006c0000000,0x00000006c4a12e78,0x00000006c5580000)
 Metaspace       used 5858K, capacity 6960K, committed 7040K, reserved 1056768K
  class space    used 586K, capacity 616K, committed 640K, reserved 1048576K
Event: 5.201 GC heap after
Heap after GC invocations=5 (full 1):
 PSYoungGen      total 138240K, used 0K [0x000000076ab00000, 0x0000000773700000, 0x00000007c0000000)
  eden space 133120K, 0% used [0x000000076ab00000,0x000000076ab00000,0x0000000772d00000)
  from space 5120K, 0% used [0x0000000773200000,0x0000000773200000,0x0000000773700000)
  to   space 5120K, 0% used [0x0000000772d00000,0x0000000772d00000,0x0000000773200000)
 ParOldGen       total 118272K, used 32105K [0x00000006c0000000, 0x00000006c7380000, 0x000000076ab00000)
  object space 118272K, 27% used [0x00000006c0000000,0x00000006c1f5a5f0,0x00000006c7380000)
 Metaspace       used 5858K, capacity 6960K, committed 7040K, reserved 1056768K
  class space    used 586K, capacity 616K, committed 640K, reserved 1048576K
}

Deoptimization events (10 events):
Event: 3.914 Thread 0x000000001dfa5000 Uncommon trap: reason=unstable_if action=reinterpret pc=0x00000000030abae4 method=com.android.dx.util.LabeledList.set(ILcom/android/dx/util/LabeledItem;)V @ 16
Event: 3.977 Thread 0x000000001e0b9000 Uncommon trap: reason=unstable_if action=reinterpret pc=0x0000000003236b90 method=com.android.dx.ssa.SsaRenamer$BlockRenamer.addMapping(ILcom/android/dx/rop/code/RegisterSpec;)V @ 120
Event: 3.981 Thread 0x000000001e0b9000 Uncommon trap: reason=unstable_if action=reinterpret pc=0x0000000003337480 method=com.android.dx.ssa.SCCP.simulateStmt(Lcom/android/dx/ssa/SsaInsn;)V @ 469
Event: 3.984 Thread 0x000000001e0b9000 Uncommon trap: reason=unstable_if action=reinterpret pc=0x00000000032c4fbc method=com.android.dx.ssa.back.FirstFitLocalCombiningAllocator$1.processInsn(Lcom/android/dx/ssa/SsaInsn;)V @ 34
Event: 3.984 Thread 0x000000001e0b9000 Uncommon trap: reason=unstable_if action=reinterpret pc=0x00000000032c74f4 method=com.android.dx.ssa.back.FirstFitLocalCombiningAllocator$1.processInsn(Lcom/android/dx/ssa/SsaInsn;)V @ 34
Event: 3.985 Thread 0x000000001e0b9000 Uncommon trap: reason=class_check action=maybe_recompile pc=0x00000000033ed780 method=com.android.dx.cf.code.RopperMachine.run(Lcom/android/dx/cf/code/Frame;II)V @ 978
Event: 3.997 Thread 0x000000001e0b9000 Uncommon trap: reason=unstable_if action=reinterpret pc=0x00000000033edd20 method=com.android.dx.rop.code.DexTranslationAdvice.hasConstantOperation(Lcom/android/dx/rop/code/Rop;Lcom/android/dx/rop/code/RegisterSpec;Lcom/android/dx/rop/code/RegisterSpec;)Z 'öÓâ'!@
Event: 4.032 Thread 0x000000001e0c2800 Uncommon trap: reason=unstable_if action=reinterpret pc=0x00000000032b7350 method=com.android.dx.rop.code.RegisterSpec.withReg(I)Lcom/android/dx/rop/code/RegisterSpec; @ 5
Event: 4.072 Thread 0x000000001e0c2800 Uncommon trap: reason=null_check action=make_not_entrant pc=0x00000000031b8010 method=com.android.dx.ssa.SsaRenamer.getLocalForNewReg(I)Lcom/android/dx/rop/code/LocalItem; @ 19
Event: 4.075 Thread 0x000000001e0c2800 Uncommon trap: reason=unstable_if action=reinterpret pc=0x0000000003419060 method=com.android.dx.util.IntList.binarysearch(I)I @ 16

Internal exceptions (4 events):
Event: 0.260 Thread 0x0000000002cd1000 Exception <a 'java/lang/NoSuchMethodError': Method sun.misc.Unsafe.defineClass(Ljava/lang/String;[BII)Ljava/lang/Class; name or signature does not match> (0x000000076ab07c78) thrown at [C:\re\workspace\8-2-build-windows-amd64-cygwin\jdk8u102\7268\hotspot\sZ@%ˆS¬Ð?
Event: 0.261 Thread 0x0000000002cd1000 Exception <a 'java/lang/NoSuchMethodError': Method sun.misc.Unsafe.prefetchRead(Ljava/lang/Object;J)V name or signature does not match> (0x000000076ab07f60) thrown at [C:\re\workspace\8-2-build-windows-amd64-cygwin\jdk8u102\7268\hotspot\src\share\vm\prims\ü¥Ñ)ã@
Event: 3.736 Thread 0x000000001dfa5000 Implicit null exception at 0x0000000003190ba2 to 0x0000000003190ca2
Event: 4.072 Thread 0x000000001e0c2800 Implicit null exception at 0x00000000031b6e4c to 0x00000000031b7fd9

Events (10 events):
Event: 5.235 Thread 0x000000001e0b9000 DEOPT PACKING pc=0x000000000314fae4 sp=0x000000001e85e8c0
Event: 5.235 Thread 0x000000001e0b9000 DEOPT UNPACKING pc=0x0000000002e1787f sp=0x000000001e85e5d8 mode 0
Event: 5.236 Thread 0x000000001e0b9000 DEOPT PACKING pc=0x000000000314fae4 sp=0x000000001e85e8c0
Event: 5.236 Thread 0x000000001e0b9000 DEOPT UNPACKING pc=0x0000000002e1787f sp=0x000000001e85e5d8 mode 0
Event: 5.263 Thread 0x000000001dfa0000 DEOPT PACKING pc=0x00000000033e477c sp=0x000000001e55efe0
Event: 5.263 Thread 0x000000001dfa0000 DEOPT UNPACKING pc=0x0000000002e1787f sp=0x000000001e55ed68 mode 0
Event: 5.270 Thread 0x000000001dfa5000 DEOPT PACKING pc=0x00000000033d2f09 sp=0x000000001e75ec80
Event: 5.270 Thread 0x000000001dfa5000 DEOPT UNPACKING pc=0x0000000002e1787f sp=0x000000001e75ea70 mode 0
Event: 5.275 Thread 0x000000001dfa5000 DEOPT PACKING pc=0x00000000033fcd6f sp=0x000000001e75ed20
Event: 5.275 Thread 0x000000001dfa5000 DEOPT UNPACKING pc=0x0000000002e1787f sp=0x000000001e75eae8 mode 0


Dynamic libraries:
0x00007ff608e00000 - 0x00007ff608e37000 	C:\Program Files\Java\jdk1.8.0_102\bin\java.exe
0x00007ffd83a90000 - 0x00007ffd83c61000 	C:\WINDOWS\SYSTEM32\ntdll.dll
0x00007ffd82e60000 - 0x00007ffd82f0b000 	C:\WINDOWS\System32\KERNEL32.DLL
0x00007ffd80be0000 - 0x00007ffd80dfd000 	C:\WINDOWS\System32\KERNELBASE.dll
0x00007ffd834b0000 - 0x00007ffd83552000 	C:\WINDOWS\System32\ADVAPI32.dll
0x00007ffd839f0000 - 0x00007ffd83a8e000 	C:\WINDOWS\System32\msvcrt.dll
0x00007ffd82e00000 - 0x00007ffd82e59000 	C:\WINDOWS\System32\sechost.dll
0x00007ffd82cd0000 - 0x00007ffd82df1000 	C:\WINDOWS\System32\RPCRT4.dll
0x00007ffd83340000 - 0x00007ffd834a5000 	C:\WINDOWS\System32\USER32.dll
0x00007ffd80e00000 - 0x00007ffd80e1e000 	C:\WINDOWS\System32\win32u.dll
0x00007ffd82f10000 - 0x00007ffd82f44000 	C:\WINDOWS\System32\GDI32.dll
0x00007ffd80e20000 - 0x00007ffd80fa2000 	C:\WINDOWS\System32\gdi32full.dll
0x00007ffd73b90000 - 0x00007ffd73e09000 	C:\WINDOWS\WinSxS\amd64_microsoft.windows.common-controls_6595b64144ccf1df_6.0.14393.447_none_42191651c6827bb3\COMCTL32.dll
0x00007ffd835e0000 - 0x00007ffd838a8000 	C:\WINDOWS\System32\combase.dll
0x00007ffd80a40000 - 0x00007ffd80b35000 	C:\WINDOWS\System32\ucrtbase.dll
0x00007ffd80fb0000 - 0x00007ffd8101a000 	C:\WINDOWS\System32\bcryptPrimitives.dll
0x00007ffd82f50000 - 0x00007ffd82f7e000 	C:\WINDOWS\System32\IMM32.DLL
0x0000000063c40000 - 0x0000000063d11000 	C:\Program Files\Java\jdk1.8.0_102\jre\bin\msvcr100.dll
0x00000000633a0000 - 0x0000000063c3a000 	C:\Program Files\Java\jdk1.8.0_102\jre\bin\server\jvm.dll
0x00007ffd82890000 - 0x00007ffd82898000 	C:\WINDOWS\System32\PSAPI.DLL
0x00007ffd74300000 - 0x00007ffd74309000 	C:\WINDOWS\SYSTEM32\WSOCK32.dll
0x00007ffd83570000 - 0x00007ffd835da000 	C:\WINDOWS\System32\WS2_32.dll
0x00007ffd7e430000 - 0x00007ffd7e453000 	C:\WINDOWS\SYSTEM32\WINMM.dll
0x00007ffd6feb0000 - 0x00007ffd6feba000 	C:\WINDOWS\SYSTEM32\VERSION.dll
0x00007ffd7e3d0000 - 0x00007ffd7e3fb000 	C:\WINDOWS\SYSTEM32\WINMMBASE.dll
0x00007ffd80660000 - 0x00007ffd806a2000 	C:\WINDOWS\System32\cfgmgr32.dll
0x0000000064b10000 - 0x0000000064b1f000 	C:\Program Files\Java\jdk1.8.0_102\jre\bin\verify.dll
0x0000000064110000 - 0x0000000064139000 	C:\Program Files\Java\jdk1.8.0_102\jre\bin\java.dll
0x00000000640f0000 - 0x0000000064106000 	C:\Program Files\Java\jdk1.8.0_102\jre\bin\zip.dll
0x00007ffd81150000 - 0x00007ffd82659000 	C:\WINDOWS\System32\SHELL32.dll
0x00007ffd7ff80000 - 0x00007ffd8065a000 	C:\WINDOWS\System32\windows.storage.dll
0x00007ffd7ff20000 - 0x00007ffd7ff6c000 	C:\WINDOWS\System32\powrprof.dll
0x00007ffd82820000 - 0x00007ffd82872000 	C:\WINDOWS\System32\shlwapi.dll
0x00007ffd7ff10000 - 0x00007ffd7ff1f000 	C:\WINDOWS\System32\kernel.appcore.dll
0x00007ffd806b0000 - 0x00007ffd80759000 	C:\WINDOWS\System32\shcore.dll
0x00007ffd7fef0000 - 0x00007ffd7ff04000 	C:\WINDOWS\System32\profapi.dll

VM Arguments:
jvm_args: -Djava.awt.headless=true -Xmx4g -Dfile.encoding=windows-1252 -Duser.country=US -Duser.language=en -Duser.variant 
java_command: com.android.dx.command.Main --dex --force-jumbo --num-threads=4 --multi-dex --output C:\Users\Administrator\Desktop\KeyOutcomesTracker\app\build\intermediates\transforms\dex\debug\folders\1000\5\slice_3 C:\Users\Administrator\Desktop\KeyOutcomesTracker\app\build\intermediates\transforms\instantRunSlicer\debug\folders\1\5\slice_3
java_class_path (initial): C:\Users\Administrator\AppData\Local\Android\sdk\build-tools\25.0.0\lib\dx.jar
Launcher Type: SUN_STANDARD

Environment Variables:
PATH=C:\Python27\;C:\Python27\Scripts;C:\ProgramData\Oracle\Java\javapath;C:\WINDOWS\system32;C:\WINDOWS;C:\WINDOWS\System32\Wbem;C:\WINDOWS\System32\WindowsPowerShell\v1.0\;C:\Program Files\nodejs\;C:\Program Files\Git\cmd;C:\Users\Administrator\AppData\Local\Microsoft\WindowsApps;C:\Users\Administrator\AppData\Roaming\npm;C:\Users\Administrator\AppData\Local\atom\bin;C:\Python27
USERNAME=Administrator
OS=Windows_NT
PROCESSOR_IDENTIFIER=Intel64 Family 6 Model 61 Stepping 4, GenuineIntel



---------------  S Y S T E M  ---------------

OS: Windows 10.0 , 64 bit Build 14393 (10.0.14393.0)

CPU:total 4 (2 cores per cpu, 2 threads per core) family 6 model 61 stepping 4, cmov, cx8, fxsr, mmx, sse, sse2, sse3, ssse3, sse4.1, sse4.2, popcnt, avx, avx2, aes, clmul, erms, 3dnowpref, lzcnt, ht, tsc, tscinvbit, bmi1, bmi2, adx

Memory: 4k page, physical 8291024k(1579488k free), swap 9339600k(5232k free)

vm_info: Java HotSpot(TM) 64-Bit Server VM (25.102-b14) for windows-amd64 JRE (1.8.0_102-b14), built on Jun 22 2016 13:15:21 by "java_re" with MS VC++ 10.0 (VS2010)

time: Wed Jan 11 06:32:28 2017
elapsed time: 5 seconds (0d 0h 0m 5s)

