#
# There is insufficient memory for the Java Runtime Environment to continue.
# Native memory allocation (malloc) failed to allocate 350896 bytes for Chunk::new
# Possible reasons:
#   The system is out of physical RAM or swap space
#   In 32 bit mode, the process size limit was hit
# Possible solutions:
#   Reduce memory load on the system
#   Increase physical memory or swap space
#   Check if swap backing store is full
#   Use 64 bit Java on a 64 bit OS
#   Decrease Java heap size (-Xmx/-Xms)
#   Decrease number of Java threads
#   Decrease Java thread stack sizes (-Xss)
#   Set larger code cache with -XX:ReservedCodeCacheSize=
# This output file may be truncated or incomplete.
#
#  Out of Memory Error (allocation.cpp:390), pid=3268, tid=0x0000000000001508
#
# JRE version: Java(TM) SE Runtime Environment (8.0_102-b14) (build 1.8.0_102-b14)
# Java VM: Java HotSpot(TM) 64-Bit Server VM (25.102-b14 mixed mode windows-amd64 compressed oops)
# Failed to write core dump. Minidumps are not enabled by default on client versions of Windows
#

---------------  T H R E A D  ---------------

Current thread (0x000000001bc32000):  JavaThread "C2 CompilerThread1" daemon [_thread_in_native, id=5384, stack(0x000000001d370000,0x000000001d470000)]

Stack: [0x000000001d370000,0x000000001d470000]
[error occurred during error reporting (printing stack bounds), id 0xc0000005]

Native frames: (J=compiled Java code, j=interpreted, Vv=VM code, C=native code)


Current CompileTask:
C2:   2913  992   !   4       com.android.dx.cf.code.BytecodeArray::parseInstruction (2764 bytes)


---------------  P R O C E S S  ---------------

Java Threads: ( => current thread )
  0x000000001d5f9800 JavaThread "pool-1-thread-1" [_thread_new, id=11636, stack(0x0000000000000000,0x0000000000000000)]
  0x000000001d475800 JavaThread "Service Thread" daemon [_thread_blocked, id=8584, stack(0x000000001d970000,0x000000001da70000)]
  0x000000001bc8e800 JavaThread "C1 CompilerThread2" daemon [_thread_blocked, id=9240, stack(0x000000001d870000,0x000000001d970000)]
=>0x000000001bc32000 JavaThread "C2 CompilerThread1" daemon [_thread_in_native, id=5384, stack(0x000000001d370000,0x000000001d470000)]
  0x000000001bc2e800 JavaThread "C2 CompilerThread0" daemon [_thread_blocked, id=8312, stack(0x000000001d270000,0x000000001d370000)]
  0x000000001bc2b000 JavaThread "Attach Listener" daemon [_thread_blocked, id=9408, stack(0x000000001d170000,0x000000001d270000)]
  0x000000000250e000 JavaThread "Signal Dispatcher" daemon [_thread_blocked, id=8212, stack(0x000000001d070000,0x000000001d170000)]
  0x0000000002505800 JavaThread "Finalizer" daemon [_thread_blocked, id=10660, stack(0x000000001ce80000,0x000000001cf80000)]
  0x0000000002500000 JavaThread "Reference Handler" daemon [_thread_blocked, id=7272, stack(0x000000001cd80000,0x000000001ce80000)]
  0x0000000002411000 JavaThread "main" [_thread_blocked, id=10680, stack(0x0000000002210000,0x0000000002310000)]

Other Threads:
  0x000000001bbf7800 VMThread [stack: 0x000000001cc80000,0x000000001cd80000] [id=8208]
  0x000000001d489800 WatcherThread [stack: 0x000000001da70000,0x000000001db70000] [id=4996]

VM state:not at safepoint (normal execution)

VM Mutex/Monitor currently owned by a thread: None

Heap:
 PSYoungGen      total 38400K, used 25595K [0x000000076ab00000, 0x000000076d580000, 0x00000007c0000000)
  eden space 33280K, 76% used [0x000000076ab00000,0x000000076c3fec00,0x000000076cb80000)
  from space 5120K, 0% used [0x000000076d080000,0x000000076d080000,0x000000076d580000)
  to   space 5120K, 0% used [0x000000076cb80000,0x000000076cb80000,0x000000076d080000)
 ParOldGen       total 87552K, used 0K [0x00000006c0000000, 0x00000006c5580000, 0x000000076ab00000)
  object space 87552K, 0% used [0x00000006c0000000,0x00000006c0000000,0x00000006c5580000)
 Metaspace       used 5687K, capacity 6832K, committed 7040K, reserved 1056768K
  class space    used 578K, capacity 616K, committed 640K, reserved 1048576K

Card table byte_map: [0x00000000118d0000,0x00000000120e0000] byte_map_base: 0x000000000e2d0000

Marking Bits: (ParMarkBitMap*) 0x00000000574ba6c0
 Begin Bits: [0x0000000012a40000, 0x0000000016a40000)
 End Bits:   [0x0000000016a40000, 0x000000001aa40000)

Polling page: 0x0000000000a30000

CodeCache: size=245760Kb used=4228Kb max_used=4239Kb free=241532Kb
 bounds [0x0000000002510000, 0x0000000002940000, 0x0000000011510000]
 total_blobs=1312 nmethods=1051 adapters=174
 compilation: enabled

Compilation events (10 events):
Event: 2.844 Thread 0x000000001bc8e800 nmethod 1031 0x0000000002926d10 code [0x0000000002926f60, 0x00000000029287f8]
Event: 2.844 Thread 0x000000001bc8e800 1032       3       com.android.dx.ssa.SsaMethod::removeFromUseList (57 bytes)
Event: 2.844 Thread 0x000000001bc8e800 nmethod 1032 0x0000000002922d50 code [0x0000000002922f20, 0x0000000002923708]
Event: 2.847 Thread 0x000000001bc8e800 1033       3       java.util.TreeMap::values (25 bytes)
Event: 2.848 Thread 0x000000001bc8e800 nmethod 1033 0x0000000002928d10 code [0x0000000002928e80, 0x00000000029291b0]
Event: 2.869 Thread 0x000000001bc8e800 1034       3       com.android.dx.rop.code.BasicBlockList::forEachInsn (39 bytes)
Event: 2.870 Thread 0x000000001bc8e800 nmethod 1034 0x0000000002929310 code [0x0000000002929500, 0x000000000292a0e8]
Event: 2.871 Thread 0x000000001bc8e800 1035       3       com.android.dx.rop.cst.CstBaseMethodRef::getType (8 bytes)
Event: 2.871 Thread 0x000000001bc8e800 nmethod 1035 0x0000000002922890 code [0x00000000029229e0, 0x0000000002922bd0]
Event: 2.871 Thread 0x000000001bc2e800 1036       4       com.android.dx.util.LabeledList::set (45 bytes)

GC Heap History (0 events):
No events

Deoptimization events (10 events):
Event: 2.465 Thread 0x000000001d5ff800 Uncommon trap: reason=class_check action=maybe_recompile pc=0x00000000026bcecc method=com.android.dx.rop.cst.CstMemberRef.compareTo0(Lcom/android/dx/rop/cst/Constant;)I @ 1
Event: 2.465 Thread 0x0000000002411000 Uncommon trap: reason=class_check action=maybe_recompile pc=0x00000000026b2b18 method=com.android.dx.rop.cst.Constant.compareTo(Ljava/lang/Object;)I @ 2
Event: 2.465 Thread 0x0000000002411000 Uncommon trap: reason=class_check action=maybe_recompile pc=0x00000000026bcecc method=com.android.dx.rop.cst.CstMemberRef.compareTo0(Lcom/android/dx/rop/cst/Constant;)I @ 1
Event: 2.492 Thread 0x000000001d6c7000 Uncommon trap: reason=unstable_if action=reinterpret pc=0x00000000026afbd4 method=com.android.dx.rop.cst.CstFieldRef.compareTo0(Lcom/android/dx/rop/cst/Constant;)I @ 7
Event: 2.501 Thread 0x000000001d5fa000 Uncommon trap: reason=speculate_class_check action=maybe_recompile pc=0x00000000027792ec method=com.android.dx.rop.cst.Constant.compareTo(Lcom/android/dx/rop/cst/Constant;)I @ 29
Event: 2.501 Thread 0x000000001d5fa000 Uncommon trap: reason=speculate_class_check action=maybe_recompile pc=0x00000000027792ec method=com.android.dx.rop.cst.Constant.compareTo(Lcom/android/dx/rop/cst/Constant;)I @ 29
Event: 2.501 Thread 0x000000001d5fa000 Uncommon trap: reason=speculate_class_check action=maybe_recompile pc=0x00000000027792ec method=com.android.dx.rop.cst.Constant.compareTo(Lcom/android/dx/rop/cst/Constant;)I @ 29
Event: 2.501 Thread 0x000000001d5fa000 Uncommon trap: reason=speculate_class_check action=maybe_recompile pc=0x00000000027792ec method=com.android.dx.rop.cst.Constant.compareTo(Lcom/android/dx/rop/cst/Constant;)I @ 29
Event: 2.801 Thread 0x000000001d623000 Uncommon trap: reason=unstable_if action=reinterpret pc=0x0000000002870350 method=com.android.dx.rop.code.RegisterSpec.withReg(I)Lcom/android/dx/rop/code/RegisterSpec; @ 5
Event: 2.821 Thread 0x000000001d5fa000 Uncommon trap: reason=unstable_if action=reinterpret pc=0x00000000027417b4 method=java.util.BitSet.nextSetBit(I)I @ 87

Internal exceptions (2 events):
Event: 1.922 Thread 0x0000000002411000 Exception <a 'java/lang/NoSuchMethodError': Method sun.misc.Unsafe.defineClass(Ljava/lang/String;[BII)Ljava/lang/Class; name or signature does not match> (0x000000076ab07c78) thrown at [C:\re\workspace\8-2-build-windows-amd64-cygwin\jdk8u102\7268\hotspot\s;"¯¤¿þ?
Event: 1.922 Thread 0x0000000002411000 Exception <a 'java/lang/NoSuchMethodError': Method sun.misc.Unsafe.prefetchRead(Ljava/lang/Object;J)V name or signature does not match> (0x000000076ab07f60) thrown at [C:\re\workspace\8-2-build-windows-amd64-cygwin\jdk8u102\7268\hotspot\src\share\vm\prims\

Events (10 events):
Event: 2.801 Thread 0x000000001d623000 DEOPT UNPACKING pc=0x000000000255582a sp=0x000000001df6e5e0 mode 2
Event: 2.801 loading class java/util/HashMap$KeySet
Event: 2.801 loading class java/util/HashMap$KeySet done
Event: 2.801 loading class java/util/HashMap$KeyIterator
Event: 2.801 loading class java/util/HashMap$KeyIterator done
Event: 2.812 Thread 0x000000001d6c7000 Thread exited: 0x000000001d6c7000
Event: 2.820 Thread 0x000000001d5fa000 Uncommon trap: trap_request=0xffffff65 fr.pc=0x00000000027417b4
Event: 2.821 Thread 0x000000001d5fa000 DEOPT PACKING pc=0x00000000027417b4 sp=0x000000001de6eb30
Event: 2.821 Thread 0x000000001d5fa000 DEOPT UNPACKING pc=0x000000000255582a sp=0x000000001de6eac8 mode 2
Event: 2.840 Thread 0x000000001d5fa000 Thread exited: 0x000000001d5fa000


Dynamic libraries:
0x00007ff6fa900000 - 0x00007ff6fa937000 	C:\Program Files\Java\jdk1.8.0_102\bin\java.exe
0x00007ff8b9f10000 - 0x00007ff8ba0e1000 	C:\WINDOWS\SYSTEM32\ntdll.dll
0x00007ff8b8dd0000 - 0x00007ff8b8e7b000 	C:\WINDOWS\System32\KERNEL32.DLL
0x00007ff8b7280000 - 0x00007ff8b749d000 	C:\WINDOWS\System32\KERNELBASE.dll
0x00007ff8b9b40000 - 0x00007ff8b9be2000 	C:\WINDOWS\System32\ADVAPI32.dll
0x00007ff8b9440000 - 0x00007ff8b94de000 	C:\WINDOWS\System32\msvcrt.dll
0x00007ff8b9ae0000 - 0x00007ff8b9b39000 	C:\WINDOWS\System32\sechost.dll
0x00007ff8b8e80000 - 0x00007ff8b8fa1000 	C:\WINDOWS\System32\RPCRT4.dll
0x00007ff8b75b0000 - 0x00007ff8b7715000 	C:\WINDOWS\System32\USER32.dll
0x00007ff8b6a80000 - 0x00007ff8b6a9e000 	C:\WINDOWS\System32\win32u.dll
0x00007ff8b9ed0000 - 0x00007ff8b9f04000 	C:\WINDOWS\System32\GDI32.dll
0x00007ff8b6890000 - 0x00007ff8b6a12000 	C:\WINDOWS\System32\gdi32full.dll
0x00007ff8a8d70000 - 0x00007ff8a8fe9000 	C:\WINDOWS\WinSxS\amd64_microsoft.windows.common-controls_6595b64144ccf1df_6.0.14393.447_none_42191651c6827bb3\COMCTL32.dll
0x00007ff8b9bf0000 - 0x00007ff8b9eb8000 	C:\WINDOWS\System32\combase.dll
0x00007ff8b6400000 - 0x00007ff8b64f5000 	C:\WINDOWS\System32\ucrtbase.dll
0x00007ff8b6780000 - 0x00007ff8b67ea000 	C:\WINDOWS\System32\bcryptPrimitives.dll
0x00007ff8b9910000 - 0x00007ff8b993e000 	C:\WINDOWS\System32\IMM32.DLL
0x0000000057540000 - 0x0000000057611000 	C:\Program Files\Java\jdk1.8.0_102\jre\bin\msvcr100.dll
0x0000000056ca0000 - 0x000000005753a000 	C:\Program Files\Java\jdk1.8.0_102\jre\bin\server\jvm.dll
0x00007ff8b9ec0000 - 0x00007ff8b9ec8000 	C:\WINDOWS\System32\PSAPI.DLL
0x00007ff8a5c80000 - 0x00007ff8a5c89000 	C:\WINDOWS\SYSTEM32\WSOCK32.dll
0x00007ff8b98a0000 - 0x00007ff8b990a000 	C:\WINDOWS\System32\WS2_32.dll
0x00007ff8b4830000 - 0x00007ff8b4853000 	C:\WINDOWS\SYSTEM32\WINMM.dll
0x00007ff8a6ae0000 - 0x00007ff8a6aea000 	C:\WINDOWS\SYSTEM32\VERSION.dll
0x00007ff8b47d0000 - 0x00007ff8b47fb000 	C:\WINDOWS\SYSTEM32\WINMMBASE.dll
0x00007ff8b7230000 - 0x00007ff8b7272000 	C:\WINDOWS\System32\cfgmgr32.dll
0x00000000586d0000 - 0x00000000586df000 	C:\Program Files\Java\jdk1.8.0_102\jre\bin\verify.dll
0x0000000058020000 - 0x0000000058049000 	C:\Program Files\Java\jdk1.8.0_102\jre\bin\java.dll
0x0000000058000000 - 0x0000000058016000 	C:\Program Files\Java\jdk1.8.0_102\jre\bin\zip.dll
0x00007ff8b7790000 - 0x00007ff8b8c99000 	C:\WINDOWS\System32\SHELL32.dll
0x00007ff8b6b50000 - 0x00007ff8b722a000 	C:\WINDOWS\System32\windows.storage.dll
0x00007ff8b63b0000 - 0x00007ff8b63fc000 	C:\WINDOWS\System32\powrprof.dll
0x00007ff8b94e0000 - 0x00007ff8b9532000 	C:\WINDOWS\System32\shlwapi.dll
0x00007ff8b6390000 - 0x00007ff8b639f000 	C:\WINDOWS\System32\kernel.appcore.dll
0x00007ff8b6500000 - 0x00007ff8b65a9000 	C:\WINDOWS\System32\shcore.dll
0x00007ff8b6370000 - 0x00007ff8b6384000 	C:\WINDOWS\System32\profapi.dll

VM Arguments:
jvm_args: -Djava.awt.headless=true -Xmx4g -Dfile.encoding=windows-1252 -Duser.country=US -Duser.language=en -Duser.variant 
java_command: com.android.dx.command.Main --dex --force-jumbo --num-threads=4 --multi-dex --output C:\Users\Administrator\Desktop\KeyOutcomesTracker\app\build\intermediates\transforms\dex\debug\folders\1000\5\slice_0 C:\Users\Administrator\Desktop\KeyOutcomesTracker\app\build\intermediates\transforms\instantRunSlicer\debug\folders\1\5\slice_0
java_class_path (initial): C:\Users\Administrator\AppData\Local\Android\sdk\build-tools\25.0.0\lib\dx.jar
Launcher Type: SUN_STANDARD

Environment Variables:
PATH=C:\Python27\;C:\Python27\Scripts;C:\ProgramData\Oracle\Java\javapath;C:\WINDOWS\system32;C:\WINDOWS;C:\WINDOWS\System32\Wbem;C:\WINDOWS\System32\WindowsPowerShell\v1.0\;C:\Program Files\nodejs\;C:\Program Files\Git\cmd;C:\Users\Administrator\AppData\Local\Microsoft\WindowsApps;C:\Users\Administrator\AppData\Roaming\npm;C:\Users\Administrator\AppData\Local\atom\bin;C:\Python27
USERNAME=Administrator
OS=Windows_NT
PROCESSOR_IDENTIFIER=Intel64 Family 6 Model 61 Stepping 4, GenuineIntel



---------------  S Y S T E M  ---------------

OS: Windows 10.0 , 64 bit Build 14393 (10.0.14393.0)

CPU:total 4 (2 cores per cpu, 2 threads per core) family 6 model 61 stepping 4, cmov, cx8, fxsr, mmx, sse, sse2, sse3, ssse3, sse4.1, sse4.2, popcnt, avx, avx2, aes, clmul, erms, 3dnowpref, lzcnt, ht, tsc, tscinvbit, bmi1, bmi2, adx

Memory: 4k page, physical 8291024k(1450032k free), swap 9339600k(4264k free)

vm_info: Java HotSpot(TM) 64-Bit Server VM (25.102-b14) for windows-amd64 JRE (1.8.0_102-b14), built on Jun 22 2016 13:15:21 by "java_re" with MS VC++ 10.0 (VS2010)

time: Thu Dec 22 01:53:24 2016
elapsed time: 2 seconds (0d 0h 0m 2s)

