#
# There is insufficient memory for the Java Runtime Environment to continue.
# Native memory allocation (malloc) failed to allocate 701616 bytes for Chunk::new
# Possible reasons:
#   The system is out of physical RAM or swap space
#   In 32 bit mode, the process size limit was hit
# Possible solutions:
#   Reduce memory load on the system
#   Increase physical memory or swap space
#   Check if swap backing store is full
#   Use 64 bit Java on a 64 bit OS
#   Decrease Java heap size (-Xmx/-Xms)
#   Decrease number of Java threads
#   Decrease Java thread stack sizes (-Xss)
#   Set larger code cache with -XX:ReservedCodeCacheSize=
# This output file may be truncated or incomplete.
#
#  Out of Memory Error (allocation.cpp:390), pid=904, tid=0x0000000000000ff4
#
# JRE version: Java(TM) SE Runtime Environment (8.0_102-b14) (build 1.8.0_102-b14)
# Java VM: Java HotSpot(TM) 64-Bit Server VM (25.102-b14 mixed mode windows-amd64 compressed oops)
# Failed to write core dump. Minidumps are not enabled by default on client versions of Windows
#

---------------  T H R E A D  ---------------

Current thread (0x000000001be33000):  JavaThread "C2 CompilerThread1" daemon [_thread_in_native, id=4084, stack(0x000000001d520000,0x000000001d620000)]

Stack: [0x000000001d520000,0x000000001d620000]
[error occurred during error reporting (printing stack bounds), id 0xc0000005]

Native frames: (J=compiled Java code, j=interpreted, Vv=VM code, C=native code)


Current CompileTask:
C2:   4082 1202   !   4       com.android.dx.cf.code.BytecodeArray::parseInstruction (2764 bytes)


---------------  P R O C E S S  ---------------

Java Threads: ( => current thread )
  0x000000001d9d5000 JavaThread "pool-2-thread-4" [_thread_blocked, id=3452, stack(0x000000001e120000,0x000000001e220000)]
  0x000000001d9d4000 JavaThread "pool-2-thread-3" [_thread_in_vm, id=7276, stack(0x000000001e020000,0x000000001e120000)]
  0x000000001d974000 JavaThread "pool-2-thread-2" [_thread_in_Java, id=3932, stack(0x000000001df20000,0x000000001e020000)]
  0x000000001da48800 JavaThread "pool-3-thread-1" [_thread_blocked, id=4432, stack(0x000000001de20000,0x000000001df20000)]
  0x000000001da4f000 JavaThread "pool-2-thread-1" [_thread_blocked, id=2036, stack(0x000000001dd20000,0x000000001de20000)]
  0x000000001d725000 JavaThread "Service Thread" daemon [_thread_blocked, id=7956, stack(0x000000001db20000,0x000000001dc20000)]
  0x000000001be3d800 JavaThread "C1 CompilerThread2" daemon [_thread_blocked, id=4536, stack(0x000000001d620000,0x000000001d720000)]
=>0x000000001be33000 JavaThread "C2 CompilerThread1" daemon [_thread_in_native, id=4084, stack(0x000000001d520000,0x000000001d620000)]
  0x000000001bddb800 JavaThread "C2 CompilerThread0" daemon [_thread_in_native, id=7952, stack(0x000000001d420000,0x000000001d520000)]
  0x000000001bdda800 JavaThread "Attach Listener" daemon [_thread_blocked, id=1816, stack(0x000000001d320000,0x000000001d420000)]
  0x000000001bdd9000 JavaThread "Signal Dispatcher" daemon [_thread_blocked, id=5096, stack(0x000000001d220000,0x000000001d320000)]
  0x000000001bdca000 JavaThread "Finalizer" daemon [_thread_blocked, id=7704, stack(0x000000001d030000,0x000000001d130000)]
  0x000000001bda8800 JavaThread "Reference Handler" daemon [_thread_blocked, id=1940, stack(0x000000001cf30000,0x000000001d030000)]
  0x0000000002611000 JavaThread "main" [_thread_blocked, id=5124, stack(0x0000000002380000,0x0000000002480000)]

Other Threads:
  0x000000001bda6800 VMThread [stack: 0x000000001ce30000,0x000000001cf30000] [id=3504]
  0x000000001d741000 WatcherThread [stack: 0x000000001dc20000,0x000000001dd20000] [id=7652]

VM state:not at safepoint (normal execution)

VM Mutex/Monitor currently owned by a thread: None

Heap:
 PSYoungGen      total 38400K, used 11818K [0x000000076ab00000, 0x000000076d580000, 0x00000007c0000000)
  eden space 33280K, 20% used [0x000000076ab00000,0x000000076b192890,0x000000076cb80000)
  from space 5120K, 99% used [0x000000076cb80000,0x000000076d078068,0x000000076d080000)
  to   space 5120K, 0% used [0x000000076d080000,0x000000076d080000,0x000000076d580000)
 ParOldGen       total 87552K, used 1148K [0x00000006c0000000, 0x00000006c5580000, 0x000000076ab00000)
  object space 87552K, 1% used [0x00000006c0000000,0x00000006c011f158,0x00000006c5580000)
 Metaspace       used 5912K, capacity 6960K, committed 7040K, reserved 1056768K
  class space    used 589K, capacity 616K, committed 640K, reserved 1048576K

Card table byte_map: [0x0000000011ad0000,0x00000000122e0000] byte_map_base: 0x000000000e4d0000

Marking Bits: (ParMarkBitMap*) 0x0000000063bba6c0
 Begin Bits: [0x0000000012c40000, 0x0000000016c40000)
 End Bits:   [0x0000000016c40000, 0x000000001ac40000)

Polling page: 0x0000000000900000

CodeCache: size=245760Kb used=5041Kb max_used=5041Kb free=240718Kb
 bounds [0x0000000002710000, 0x0000000002c00000, 0x0000000011710000]
 total_blobs=1516 nmethods=1253 adapters=176
 compilation: enabled

Compilation events (10 events):
Event: 4.074 Thread 0x000000001be3d800 1257       3       com.android.dx.cf.iface.StdMethodList::get (9 bytes)
Event: 4.075 Thread 0x000000001be3d800 nmethod 1257 0x0000000002bee710 code [0x0000000002bee880, 0x0000000002beeb88]
Event: 4.075 Thread 0x000000001be3d800 1258       3       com.android.dx.rop.code.AccessFlags::isPrivate (12 bytes)
Event: 4.075 Thread 0x000000001be3d800 nmethod 1258 0x0000000002bee350 code [0x0000000002bee4a0, 0x0000000002bee630]
Event: 4.077 Thread 0x000000001be3d800 1259       3       com.android.dx.dex.file.ValueEncoder::addContents (75 bytes)
Event: 4.077 Thread 0x000000001be3d800 nmethod 1259 0x0000000002bfb010 code [0x0000000002bfb200, 0x0000000002bfbe28]
Event: 4.078 Thread 0x000000001be3d800 1260       3       com.android.dx.rop.cst.CstInteger::make (47 bytes)
Event: 4.078 Thread 0x000000001be3d800 nmethod 1260 0x0000000002bfc190 code [0x0000000002bfc340, 0x0000000002bfca90]
Event: 4.079 Thread 0x000000001be3d800 1261       3       com.android.dx.ssa.SsaMethod::makeExitBlock (134 bytes)
Event: 4.080 Thread 0x000000001be3d800 nmethod 1261 0x0000000002bfce10 code [0x0000000002bfd0a0, 0x0000000002bfe0e8]

GC Heap History (2 events):
Event: 3.834 GC heap before
{Heap before GC invocations=1 (full 0):
 PSYoungGen      total 38400K, used 33280K [0x000000076ab00000, 0x000000076d580000, 0x00000007c0000000)
  eden space 33280K, 100% used [0x000000076ab00000,0x000000076cb80000,0x000000076cb80000)
  from space 5120K, 0% used [0x000000076d080000,0x000000076d080000,0x000000076d580000)
  to   space 5120K, 0% used [0x000000076cb80000,0x000000076cb80000,0x000000076d080000)
 ParOldGen       total 87552K, used 0K [0x00000006c0000000, 0x00000006c5580000, 0x000000076ab00000)
  object space 87552K, 0% used [0x00000006c0000000,0x00000006c0000000,0x00000006c5580000)
 Metaspace       used 5814K, capacity 6896K, committed 7040K, reserved 1056768K
  class space    used 589K, capacity 616K, committed 640K, reserved 1048576K
Event: 3.843 GC heap after
Heap after GC invocations=1 (full 0):
 PSYoungGen      total 38400K, used 5088K [0x000000076ab00000, 0x000000076d580000, 0x00000007c0000000)
  eden space 33280K, 0% used [0x000000076ab00000,0x000000076ab00000,0x000000076cb80000)
  from space 5120K, 99% used [0x000000076cb80000,0x000000076d078068,0x000000076d080000)
  to   space 5120K, 0% used [0x000000076d080000,0x000000076d080000,0x000000076d580000)
 ParOldGen       total 87552K, used 1148K [0x00000006c0000000, 0x00000006c5580000, 0x000000076ab00000)
  object space 87552K, 1% used [0x00000006c0000000,0x00000006c011f158,0x00000006c5580000)
 Metaspace       used 5814K, capacity 6896K, committed 7040K, reserved 1056768K
  class space    used 589K, capacity 616K, committed 640K, reserved 1048576K
}

Deoptimization events (7 events):
Event: 2.763 Thread 0x0000000002611000 Uncommon trap: reason=unstable_if action=reinterpret pc=0x0000000002860de8 method=java.lang.String.compareTo(Ljava/lang/String;)I @ 38
Event: 3.323 Thread 0x000000001d9d5000 Uncommon trap: reason=unstable_if action=reinterpret pc=0x000000000293d368 method=java.util.HashMap.getNode(ILjava/lang/Object;)Ljava/util/HashMap$Node; @ 62
Event: 3.827 Thread 0x000000001d974000 Uncommon trap: reason=class_check action=maybe_recompile pc=0x00000000029c20e0 method=com.android.dx.ssa.NormalSsaInsn.accept(Lcom/android/dx/ssa/SsaInsn$Visitor;)V @ 9
Event: 3.827 Thread 0x000000001d974000 Uncommon trap: reason=class_check action=maybe_recompile pc=0x0000000002984770 method=com.android.dx.ssa.NormalSsaInsn.accept(Lcom/android/dx/ssa/SsaInsn$Visitor;)V @ 9
Event: 3.827 Thread 0x000000001d974000 Uncommon trap: reason=class_check action=maybe_recompile pc=0x0000000002984770 method=com.android.dx.ssa.NormalSsaInsn.accept(Lcom/android/dx/ssa/SsaInsn$Visitor;)V @ 9
Event: 3.827 Thread 0x000000001d974000 Uncommon trap: reason=class_check action=maybe_recompile pc=0x0000000002984770 method=com.android.dx.ssa.NormalSsaInsn.accept(Lcom/android/dx/ssa/SsaInsn$Visitor;)V @ 9
Event: 3.861 Thread 0x000000001d9d5000 Uncommon trap: reason=class_check action=maybe_recompile pc=0x00000000029c20e0 method=com.android.dx.ssa.NormalSsaInsn.accept(Lcom/android/dx/ssa/SsaInsn$Visitor;)V @ 9

Internal exceptions (2 events):
Event: 0.325 Thread 0x0000000002611000 Exception <a 'java/lang/NoSuchMethodError': Method sun.misc.Unsafe.defineClass(Ljava/lang/String;[BII)Ljava/lang/Class; name or signature does not match> (0x000000076ab07c78) thrown at [C:\re\workspace\8-2-build-windows-amd64-cygwin\jdk8u102\7268\hotspot\s‘ØAÈÔ?
Event: 0.325 Thread 0x0000000002611000 Exception <a 'java/lang/NoSuchMethodError': Method sun.misc.Unsafe.prefetchRead(Ljava/lang/Object;J)V name or signature does not match> (0x000000076ab07f60) thrown at [C:\re\workspace\8-2-build-windows-amd64-cygwin\jdk8u102\7268\hotspot\src\share\vm\prims\

Events (10 events):
Event: 3.827 Thread 0x000000001d974000 Uncommon trap: trap_request=0xffffffde fr.pc=0x0000000002984770
Event: 3.827 Thread 0x000000001d974000 DEOPT PACKING pc=0x0000000002984770 sp=0x000000001e01eeb0
Event: 3.827 Thread 0x000000001d974000 DEOPT UNPACKING pc=0x000000000275582a sp=0x000000001e01ee50 mode 2
Event: 3.833 Executing VM operation: ParallelGCFailedAllocation
Event: 3.843 Executing VM operation: ParallelGCFailedAllocation done
Event: 3.861 Thread 0x000000001d9d5000 Uncommon trap: trap_request=0xffffffde fr.pc=0x00000000029c20e0
Event: 3.861 Thread 0x000000001d9d5000 DEOPT PACKING pc=0x00000000029c20e0 sp=0x000000001e21ecd0
Event: 3.861 Thread 0x000000001d9d5000 DEOPT UNPACKING pc=0x000000000275582a sp=0x000000001e21ec90 mode 2
Event: 4.024 Thread 0x000000001d9d5000 DEOPT PACKING pc=0x0000000002a46ea3 sp=0x000000001e21ebb0
Event: 4.024 Thread 0x000000001d9d5000 DEOPT UNPACKING pc=0x000000000275787f sp=0x000000001e21e978 mode 0


Dynamic libraries:
0x00007ff608e00000 - 0x00007ff608e37000 	C:\Program Files\Java\jdk1.8.0_102\bin\java.exe
0x00007ffd83a90000 - 0x00007ffd83c61000 	C:\WINDOWS\SYSTEM32\ntdll.dll
0x00007ffd82e60000 - 0x00007ffd82f0b000 	C:\WINDOWS\System32\KERNEL32.DLL
0x00007ffd80be0000 - 0x00007ffd80dfd000 	C:\WINDOWS\System32\KERNELBASE.dll
0x00007ffd834b0000 - 0x00007ffd83552000 	C:\WINDOWS\System32\ADVAPI32.dll
0x00007ffd839f0000 - 0x00007ffd83a8e000 	C:\WINDOWS\System32\msvcrt.dll
0x00007ffd82e00000 - 0x00007ffd82e59000 	C:\WINDOWS\System32\sechost.dll
0x00007ffd82cd0000 - 0x00007ffd82df1000 	C:\WINDOWS\System32\RPCRT4.dll
0x00007ffd83340000 - 0x00007ffd834a5000 	C:\WINDOWS\System32\USER32.dll
0x00007ffd80e00000 - 0x00007ffd80e1e000 	C:\WINDOWS\System32\win32u.dll
0x00007ffd82f10000 - 0x00007ffd82f44000 	C:\WINDOWS\System32\GDI32.dll
0x00007ffd80e20000 - 0x00007ffd80fa2000 	C:\WINDOWS\System32\gdi32full.dll
0x00007ffd73b90000 - 0x00007ffd73e09000 	C:\WINDOWS\WinSxS\amd64_microsoft.windows.common-controls_6595b64144ccf1df_6.0.14393.447_none_42191651c6827bb3\COMCTL32.dll
0x00007ffd835e0000 - 0x00007ffd838a8000 	C:\WINDOWS\System32\combase.dll
0x00007ffd80a40000 - 0x00007ffd80b35000 	C:\WINDOWS\System32\ucrtbase.dll
0x00007ffd80fb0000 - 0x00007ffd8101a000 	C:\WINDOWS\System32\bcryptPrimitives.dll
0x00007ffd82f50000 - 0x00007ffd82f7e000 	C:\WINDOWS\System32\IMM32.DLL
0x0000000063c40000 - 0x0000000063d11000 	C:\Program Files\Java\jdk1.8.0_102\jre\bin\msvcr100.dll
0x00000000633a0000 - 0x0000000063c3a000 	C:\Program Files\Java\jdk1.8.0_102\jre\bin\server\jvm.dll
0x00007ffd82890000 - 0x00007ffd82898000 	C:\WINDOWS\System32\PSAPI.DLL
0x00007ffd74300000 - 0x00007ffd74309000 	C:\WINDOWS\SYSTEM32\WSOCK32.dll
0x00007ffd83570000 - 0x00007ffd835da000 	C:\WINDOWS\System32\WS2_32.dll
0x00007ffd7e430000 - 0x00007ffd7e453000 	C:\WINDOWS\SYSTEM32\WINMM.dll
0x00007ffd6feb0000 - 0x00007ffd6feba000 	C:\WINDOWS\SYSTEM32\VERSION.dll
0x00007ffd7e3d0000 - 0x00007ffd7e3fb000 	C:\WINDOWS\SYSTEM32\WINMMBASE.dll
0x00007ffd80660000 - 0x00007ffd806a2000 	C:\WINDOWS\System32\cfgmgr32.dll
0x0000000064b10000 - 0x0000000064b1f000 	C:\Program Files\Java\jdk1.8.0_102\jre\bin\verify.dll
0x0000000064110000 - 0x0000000064139000 	C:\Program Files\Java\jdk1.8.0_102\jre\bin\java.dll
0x00000000640f0000 - 0x0000000064106000 	C:\Program Files\Java\jdk1.8.0_102\jre\bin\zip.dll
0x00007ffd81150000 - 0x00007ffd82659000 	C:\WINDOWS\System32\SHELL32.dll
0x00007ffd7ff80000 - 0x00007ffd8065a000 	C:\WINDOWS\System32\windows.storage.dll
0x00007ffd7ff20000 - 0x00007ffd7ff6c000 	C:\WINDOWS\System32\powrprof.dll
0x00007ffd82820000 - 0x00007ffd82872000 	C:\WINDOWS\System32\shlwapi.dll
0x00007ffd7ff10000 - 0x00007ffd7ff1f000 	C:\WINDOWS\System32\kernel.appcore.dll
0x00007ffd806b0000 - 0x00007ffd80759000 	C:\WINDOWS\System32\shcore.dll
0x00007ffd7fef0000 - 0x00007ffd7ff04000 	C:\WINDOWS\System32\profapi.dll

VM Arguments:
jvm_args: -Djava.awt.headless=true -Xmx4g -Dfile.encoding=windows-1252 -Duser.country=US -Duser.language=en -Duser.variant 
java_command: com.android.dx.command.Main --dex --force-jumbo --num-threads=4 --multi-dex --output C:\Users\Administrator\Desktop\KeyOutcomesTracker\app\build\intermediates\transforms\dex\debug\folders\1000\10\com.android.support-support-media-compat-25.1.0_cd1b8918ce16aa949fcfc4ed082f14ba06017bdc C:\Users\Administrator\Desktop\KeyOutcomesTracker\app\build\intermediates\exploded-aar\com.android.support\support-media-compat\25.1.0\jars\classes.jar
java_class_path (initial): C:\Users\Administrator\AppData\Local\Android\sdk\build-tools\25.0.0\lib\dx.jar
Launcher Type: SUN_STANDARD

Environment Variables:
PATH=C:\Python27\;C:\Python27\Scripts;C:\ProgramData\Oracle\Java\javapath;C:\WINDOWS\system32;C:\WINDOWS;C:\WINDOWS\System32\Wbem;C:\WINDOWS\System32\WindowsPowerShell\v1.0\;C:\Program Files\nodejs\;C:\Program Files\Git\cmd;C:\Users\Administrator\AppData\Local\Microsoft\WindowsApps;C:\Users\Administrator\AppData\Roaming\npm;C:\Users\Administrator\AppData\Local\atom\bin;C:\Python27
USERNAME=Administrator
OS=Windows_NT
PROCESSOR_IDENTIFIER=Intel64 Family 6 Model 61 Stepping 4, GenuineIntel



---------------  S Y S T E M  ---------------

OS: Windows 10.0 , 64 bit Build 14393 (10.0.14393.0)

CPU:total 4 (2 cores per cpu, 2 threads per core) family 6 model 61 stepping 4, cmov, cx8, fxsr, mmx, sse, sse2, sse3, ssse3, sse4.1, sse4.2, popcnt, avx, avx2, aes, clmul, erms, 3dnowpref, lzcnt, ht, tsc, tscinvbit, bmi1, bmi2, adx

Memory: 4k page, physical 8291024k(1581192k free), swap 9339600k(7868k free)

vm_info: Java HotSpot(TM) 64-Bit Server VM (25.102-b14) for windows-amd64 JRE (1.8.0_102-b14), built on Jun 22 2016 13:15:21 by "java_re" with MS VC++ 10.0 (VS2010)

time: Wed Jan 11 06:32:28 2017
elapsed time: 4 seconds (0d 0h 0m 4s)

