#
# There is insufficient memory for the Java Runtime Environment to continue.
# Native memory allocation (malloc) failed to allocate 835216 bytes for Chunk::new
# Possible reasons:
#   The system is out of physical RAM or swap space
#   In 32 bit mode, the process size limit was hit
# Possible solutions:
#   Reduce memory load on the system
#   Increase physical memory or swap space
#   Check if swap backing store is full
#   Use 64 bit Java on a 64 bit OS
#   Decrease Java heap size (-Xmx/-Xms)
#   Decrease number of Java threads
#   Decrease Java thread stack sizes (-Xss)
#   Set larger code cache with -XX:ReservedCodeCacheSize=
# This output file may be truncated or incomplete.
#
#  Out of Memory Error (allocation.cpp:390), pid=4936, tid=0x0000000000001cf4
#
# JRE version: Java(TM) SE Runtime Environment (8.0_102-b14) (build 1.8.0_102-b14)
# Java VM: Java HotSpot(TM) 64-Bit Server VM (25.102-b14 mixed mode windows-amd64 compressed oops)
# Failed to write core dump. Minidumps are not enabled by default on client versions of Windows
#

---------------  T H R E A D  ---------------

Current thread (0x000000001bc41800):  JavaThread "C2 CompilerThread1" daemon [_thread_in_native, id=7412, stack(0x000000001d380000,0x000000001d480000)]

Stack: [0x000000001d380000,0x000000001d480000]
[error occurred during error reporting (printing stack bounds), id 0xc0000005]

Native frames: (J=compiled Java code, j=interpreted, Vv=VM code, C=native code)


Current CompileTask:
C2:   4079 1275       4       com.android.dx.ssa.SCCP::simulateBranch (666 bytes)


---------------  P R O C E S S  ---------------

Java Threads: ( => current thread )
  0x000000001d7cb800 JavaThread "pool-2-thread-4" [_thread_in_vm, id=8780, stack(0x000000001df80000,0x000000001e080000)]
  0x000000001d7c6800 JavaThread "pool-2-thread-3" [_thread_in_Java, id=8064, stack(0x000000001de80000,0x000000001df80000)]
  0x000000001d7c6000 JavaThread "pool-2-thread-2" [_thread_in_vm, id=6272, stack(0x000000001dd80000,0x000000001de80000)]
  0x000000001d726000 JavaThread "pool-3-thread-1" [_thread_blocked, id=2584, stack(0x000000001dc80000,0x000000001dd80000)]
  0x000000001d722800 JavaThread "pool-2-thread-1" [_thread_in_Java, id=5144, stack(0x000000001db80000,0x000000001dc80000)]
  0x000000001d582000 JavaThread "Service Thread" daemon [_thread_blocked, id=4116, stack(0x000000001d980000,0x000000001da80000)]
  0x000000001bc9a000 JavaThread "C1 CompilerThread2" daemon [_thread_blocked, id=2656, stack(0x000000001d480000,0x000000001d580000)]
=>0x000000001bc41800 JavaThread "C2 CompilerThread1" daemon [_thread_in_native, id=7412, stack(0x000000001d380000,0x000000001d480000)]
  0x000000001bc3b800 JavaThread "C2 CompilerThread0" daemon [_thread_in_native, id=3880, stack(0x000000001d280000,0x000000001d380000)]
  0x000000001bc3a800 JavaThread "Attach Listener" daemon [_thread_blocked, id=7888, stack(0x000000001d180000,0x000000001d280000)]
  0x000000001bc39000 JavaThread "Signal Dispatcher" daemon [_thread_blocked, id=6100, stack(0x000000001d080000,0x000000001d180000)]
  0x000000001bc2a800 JavaThread "Finalizer" daemon [_thread_blocked, id=2036, stack(0x000000001ce90000,0x000000001cf90000)]
  0x000000000255f000 JavaThread "Reference Handler" daemon [_thread_blocked, id=2768, stack(0x000000001cd90000,0x000000001ce90000)]
  0x0000000002471000 JavaThread "main" [_thread_in_Java, id=5252, stack(0x0000000002370000,0x0000000002470000)]

Other Threads:
  0x000000001bc07800 VMThread [stack: 0x000000001cc90000,0x000000001cd90000] [id=3268]
  0x000000001d588800 WatcherThread [stack: 0x000000001da80000,0x000000001db80000] [id=5448]

VM state:not at safepoint (normal execution)

VM Mutex/Monitor currently owned by a thread: None

Heap:
 PSYoungGen      total 38400K, used 21911K [0x000000076ab00000, 0x000000076d580000, 0x00000007c0000000)
  eden space 33280K, 50% used [0x000000076ab00000,0x000000076bb6db20,0x000000076cb80000)
  from space 5120K, 99% used [0x000000076cb80000,0x000000076d078330,0x000000076d080000)
  to   space 5120K, 0% used [0x000000076d080000,0x000000076d080000,0x000000076d580000)
 ParOldGen       total 87552K, used 1914K [0x00000006c0000000, 0x00000006c5580000, 0x000000076ab00000)
  object space 87552K, 2% used [0x00000006c0000000,0x00000006c01deba8,0x00000006c5580000)
 Metaspace       used 6052K, capacity 7088K, committed 7296K, reserved 1056768K
  class space    used 590K, capacity 616K, committed 640K, reserved 1048576K

Card table byte_map: [0x0000000011930000,0x0000000012140000] byte_map_base: 0x000000000e330000

Marking Bits: (ParMarkBitMap*) 0x0000000063bba6c0
 Begin Bits: [0x0000000012aa0000, 0x0000000016aa0000)
 End Bits:   [0x0000000016aa0000, 0x000000001aaa0000)

Polling page: 0x0000000000b60000

CodeCache: size=245760Kb used=6098Kb max_used=6115Kb free=239661Kb
 bounds [0x0000000002570000, 0x0000000002b70000, 0x0000000011570000]
 total_blobs=1702 nmethods=1439 adapters=176
 compilation: enabled

Compilation events (10 events):
Event: 3.961 Thread 0x000000001bc9a000 1444       3       com.android.dx.rop.code.RegisterSpec::getFrameType (10 bytes)
Event: 3.961 Thread 0x000000001bc9a000 nmethod 1444 0x0000000002b60550 code [0x0000000002b606c0, 0x0000000002b608e8]
Event: 3.969 Thread 0x000000001bc9a000 1445       3       java.util.TreeMap$EntryIterator::next (5 bytes)
Event: 3.969 Thread 0x000000001bc9a000 nmethod 1445 0x0000000002b60050 code [0x0000000002b601c0, 0x0000000002b604a8]
Event: 3.971 Thread 0x000000001bc9a000 1446       3       com.android.dx.ssa.back.FirstFitLocalCombiningAllocator::markReserved (13 bytes)
Event: 3.971 Thread 0x000000001bc9a000 nmethod 1446 0x0000000002b5fbd0 code [0x0000000002b5fd40, 0x0000000002b5ff48]
Event: 3.971 Thread 0x000000001bc9a000 1447       3       java.util.BitSet::set (20 bytes)
Event: 3.971 Thread 0x000000001bc9a000 nmethod 1447 0x0000000002b5f790 code [0x0000000002b5f900, 0x0000000002b5fb18]
Event: 4.000 Thread 0x000000001bc3b800 nmethod 1414 0x0000000002b69690 code [0x0000000002b69940, 0x0000000002b6af30]
Event: 4.000 Thread 0x000000001bc3b800 1416   !   4       com.android.dx.cf.code.BytecodeArray::parseInstruction (2764 bytes)

GC Heap History (2 events):
Event: 3.388 GC heap before
{Heap before GC invocations=1 (full 0):
 PSYoungGen      total 38400K, used 33280K [0x000000076ab00000, 0x000000076d580000, 0x00000007c0000000)
  eden space 33280K, 100% used [0x000000076ab00000,0x000000076cb80000,0x000000076cb80000)
  from space 5120K, 0% used [0x000000076d080000,0x000000076d080000,0x000000076d580000)
  to   space 5120K, 0% used [0x000000076cb80000,0x000000076cb80000,0x000000076d080000)
 ParOldGen       total 87552K, used 0K [0x00000006c0000000, 0x00000006c5580000, 0x000000076ab00000)
  object space 87552K, 0% used [0x00000006c0000000,0x00000006c0000000,0x00000006c5580000)
 Metaspace       used 5894K, capacity 6960K, committed 7040K, reserved 1056768K
  class space    used 590K, capacity 616K, committed 640K, reserved 1048576K
Event: 3.462 GC heap after
Heap after GC invocations=1 (full 0):
 PSYoungGen      total 38400K, used 5088K [0x000000076ab00000, 0x000000076d580000, 0x00000007c0000000)
  eden space 33280K, 0% used [0x000000076ab00000,0x000000076ab00000,0x000000076cb80000)
  from space 5120K, 99% used [0x000000076cb80000,0x000000076d078330,0x000000076d080000)
  to   space 5120K, 0% used [0x000000076d080000,0x000000076d080000,0x000000076d580000)
 ParOldGen       total 87552K, used 1914K [0x00000006c0000000, 0x00000006c5580000, 0x000000076ab00000)
  object space 87552K, 2% used [0x00000006c0000000,0x00000006c01deba8,0x00000006c5580000)
 Metaspace       used 5894K, capacity 6960K, committed 7040K, reserved 1056768K
  class space    used 590K, capacity 616K, committed 640K, reserved 1048576K
}

Deoptimization events (10 events):
Event: 2.630 Thread 0x000000001d7c6800 Uncommon trap: reason=unstable_if action=reinterpret pc=0x000000000281b438 method=java.util.BitSet.ensureCapacity(I)V @ 6
Event: 3.029 Thread 0x0000000002471000 Uncommon trap: reason=unstable_if action=reinterpret pc=0x000000000291d198 method=com.android.dx.rop.code.LocalItem.hashCode()I @ 25
Event: 3.738 Thread 0x000000001d7cb800 Uncommon trap: reason=unstable_if action=reinterpret pc=0x00000000027eb668 method=java.util.HashMap.getNode(ILjava/lang/Object;)Ljava/util/HashMap$Node; @ 62
Event: 3.786 Thread 0x000000001d7c6000 Uncommon trap: reason=unstable_if action=reinterpret pc=0x00000000028d6b9c method=com.android.dx.rop.cst.Constant.compareTo(Lcom/android/dx/rop/cst/Constant;)I @ 12
Event: 3.903 Thread 0x000000001d722800 Uncommon trap: reason=bimorphic action=maybe_recompile pc=0x0000000002b38eb8 method=com.android.dx.cf.code.BytecodeArray.parseInstruction(ILcom/android/dx/cf/code/BytecodeArray$Visitor;)I @ 955
Event: 3.903 Thread 0x000000001d722800 Uncommon trap: reason=bimorphic action=maybe_recompile pc=0x0000000002b38d38 method=com.android.dx.cf.code.BytecodeArray.parseInstruction(ILcom/android/dx/cf/code/BytecodeArray$Visitor;)I @ 907
Event: 3.903 Thread 0x000000001d722800 Uncommon trap: reason=bimorphic action=maybe_recompile pc=0x0000000002b3930c method=com.android.dx.cf.code.BytecodeArray.parseInstruction(ILcom/android/dx/cf/code/BytecodeArray$Visitor;)I @ 1224
Event: 3.903 Thread 0x000000001d722800 Uncommon trap: reason=bimorphic action=maybe_recompile pc=0x0000000002b38db8 method=com.android.dx.cf.code.BytecodeArray.parseInstruction(ILcom/android/dx/cf/code/BytecodeArray$Visitor;)I @ 923
Event: 3.903 Thread 0x000000001d722800 Uncommon trap: reason=bimorphic action=maybe_recompile pc=0x0000000002b3930c method=com.android.dx.cf.code.BytecodeArray.parseInstruction(ILcom/android/dx/cf/code/BytecodeArray$Visitor;)I @ 1224
Event: 3.908 Thread 0x000000001d722800 Uncommon trap: reason=null_check action=make_not_entrant pc=0x0000000002a342bc method=com.android.dx.ssa.SsaRenamer.getLocalForNewReg(I)Lcom/android/dx/rop/code/LocalItem; @ 19

Internal exceptions (3 events):
Event: 0.047 Thread 0x0000000002471000 Exception <a 'java/lang/NoSuchMethodError': Method sun.misc.Unsafe.defineClass(Ljava/lang/String;[BII)Ljava/lang/Class; name or signature does not match> (0x000000076ab07c78) thrown at [C:\re\workspace\8-2-build-windows-amd64-cygwin\jdk8u102\7268\hotspot\sèçSqbP¨?
Event: 0.047 Thread 0x0000000002471000 Exception <a 'java/lang/NoSuchMethodError': Method sun.misc.Unsafe.prefetchRead(Ljava/lang/Object;J)V name or signature does not match> (0x000000076ab07f60) thrown at [C:\re\workspace\8-2-build-windows-amd64-cygwin\jdk8u102\7268\hotspot\src\share\vm\prims\îo¼DCC@
Event: 3.908 Thread 0x000000001d722800 Implicit null exception at 0x0000000002a332ed to 0x0000000002a34289

Events (10 events):
Event: 3.903 Thread 0x000000001d722800 DEOPT UNPACKING pc=0x00000000025b582a sp=0x000000001dc7ea98 mode 2
Event: 3.903 Thread 0x000000001d722800 Uncommon trap: trap_request=0xffffffc6 fr.pc=0x0000000002b38db8
Event: 3.903 Thread 0x000000001d722800 DEOPT PACKING pc=0x0000000002b38db8 sp=0x000000001dc7eaf0
Event: 3.903 Thread 0x000000001d722800 DEOPT UNPACKING pc=0x00000000025b582a sp=0x000000001dc7ea98 mode 2
Event: 3.903 Thread 0x000000001d722800 Uncommon trap: trap_request=0xffffffc6 fr.pc=0x0000000002b3930c
Event: 3.903 Thread 0x000000001d722800 DEOPT PACKING pc=0x0000000002b3930c sp=0x000000001dc7eaf0
Event: 3.903 Thread 0x000000001d722800 DEOPT UNPACKING pc=0x00000000025b582a sp=0x000000001dc7ea98 mode 2
Event: 3.908 Thread 0x000000001d722800 Uncommon trap: trap_request=0xfffffff4 fr.pc=0x0000000002a342bc
Event: 3.908 Thread 0x000000001d722800 DEOPT PACKING pc=0x0000000002a342bc sp=0x000000001dc7ea60
Event: 3.908 Thread 0x000000001d722800 DEOPT UNPACKING pc=0x00000000025b582a sp=0x000000001dc7e8b8 mode 2


Dynamic libraries:
0x00007ff608e00000 - 0x00007ff608e37000 	C:\Program Files\Java\jdk1.8.0_102\bin\java.exe
0x00007ffd83a90000 - 0x00007ffd83c61000 	C:\WINDOWS\SYSTEM32\ntdll.dll
0x00007ffd82e60000 - 0x00007ffd82f0b000 	C:\WINDOWS\System32\KERNEL32.DLL
0x00007ffd80be0000 - 0x00007ffd80dfd000 	C:\WINDOWS\System32\KERNELBASE.dll
0x00007ffd834b0000 - 0x00007ffd83552000 	C:\WINDOWS\System32\ADVAPI32.dll
0x00007ffd839f0000 - 0x00007ffd83a8e000 	C:\WINDOWS\System32\msvcrt.dll
0x00007ffd82e00000 - 0x00007ffd82e59000 	C:\WINDOWS\System32\sechost.dll
0x00007ffd82cd0000 - 0x00007ffd82df1000 	C:\WINDOWS\System32\RPCRT4.dll
0x00007ffd83340000 - 0x00007ffd834a5000 	C:\WINDOWS\System32\USER32.dll
0x00007ffd80e00000 - 0x00007ffd80e1e000 	C:\WINDOWS\System32\win32u.dll
0x00007ffd82f10000 - 0x00007ffd82f44000 	C:\WINDOWS\System32\GDI32.dll
0x00007ffd80e20000 - 0x00007ffd80fa2000 	C:\WINDOWS\System32\gdi32full.dll
0x00007ffd73b90000 - 0x00007ffd73e09000 	C:\WINDOWS\WinSxS\amd64_microsoft.windows.common-controls_6595b64144ccf1df_6.0.14393.447_none_42191651c6827bb3\COMCTL32.dll
0x00007ffd835e0000 - 0x00007ffd838a8000 	C:\WINDOWS\System32\combase.dll
0x00007ffd80a40000 - 0x00007ffd80b35000 	C:\WINDOWS\System32\ucrtbase.dll
0x00007ffd80fb0000 - 0x00007ffd8101a000 	C:\WINDOWS\System32\bcryptPrimitives.dll
0x00007ffd82f50000 - 0x00007ffd82f7e000 	C:\WINDOWS\System32\IMM32.DLL
0x0000000063c40000 - 0x0000000063d11000 	C:\Program Files\Java\jdk1.8.0_102\jre\bin\msvcr100.dll
0x00000000633a0000 - 0x0000000063c3a000 	C:\Program Files\Java\jdk1.8.0_102\jre\bin\server\jvm.dll
0x00007ffd82890000 - 0x00007ffd82898000 	C:\WINDOWS\System32\PSAPI.DLL
0x00007ffd74300000 - 0x00007ffd74309000 	C:\WINDOWS\SYSTEM32\WSOCK32.dll
0x00007ffd83570000 - 0x00007ffd835da000 	C:\WINDOWS\System32\WS2_32.dll
0x00007ffd7e430000 - 0x00007ffd7e453000 	C:\WINDOWS\SYSTEM32\WINMM.dll
0x00007ffd6feb0000 - 0x00007ffd6feba000 	C:\WINDOWS\SYSTEM32\VERSION.dll
0x00007ffd7e3d0000 - 0x00007ffd7e3fb000 	C:\WINDOWS\SYSTEM32\WINMMBASE.dll
0x00007ffd80660000 - 0x00007ffd806a2000 	C:\WINDOWS\System32\cfgmgr32.dll
0x0000000064b10000 - 0x0000000064b1f000 	C:\Program Files\Java\jdk1.8.0_102\jre\bin\verify.dll
0x0000000064950000 - 0x0000000064979000 	C:\Program Files\Java\jdk1.8.0_102\jre\bin\java.dll
0x0000000064930000 - 0x0000000064946000 	C:\Program Files\Java\jdk1.8.0_102\jre\bin\zip.dll
0x00007ffd81150000 - 0x00007ffd82659000 	C:\WINDOWS\System32\SHELL32.dll
0x00007ffd7ff80000 - 0x00007ffd8065a000 	C:\WINDOWS\System32\windows.storage.dll
0x00007ffd7ff20000 - 0x00007ffd7ff6c000 	C:\WINDOWS\System32\powrprof.dll
0x00007ffd82820000 - 0x00007ffd82872000 	C:\WINDOWS\System32\shlwapi.dll
0x00007ffd7ff10000 - 0x00007ffd7ff1f000 	C:\WINDOWS\System32\kernel.appcore.dll
0x00007ffd806b0000 - 0x00007ffd80759000 	C:\WINDOWS\System32\shcore.dll
0x00007ffd7fef0000 - 0x00007ffd7ff04000 	C:\WINDOWS\System32\profapi.dll

VM Arguments:
jvm_args: -Djava.awt.headless=true -Xmx4g -Dfile.encoding=windows-1252 -Duser.country=US -Duser.language=en -Duser.variant 
java_command: com.android.dx.command.Main --dex --force-jumbo --num-threads=4 --multi-dex --output C:\Users\Administrator\Desktop\KeyOutcomesTracker\app\build\intermediates\transforms\dex\debug\folders\1000\10\com.android.support-support-fragment-25.1.0_75b893666ed26e166edea322d4508a6c4c4452bf C:\Users\Administrator\Desktop\KeyOutcomesTracker\app\build\intermediates\exploded-aar\com.android.support\support-fragment\25.1.0\jars\classes.jar
java_class_path (initial): C:\Users\Administrator\AppData\Local\Android\sdk\build-tools\25.0.0\lib\dx.jar
Launcher Type: SUN_STANDARD

Environment Variables:
PATH=C:\Python27\;C:\Python27\Scripts;C:\ProgramData\Oracle\Java\javapath;C:\WINDOWS\system32;C:\WINDOWS;C:\WINDOWS\System32\Wbem;C:\WINDOWS\System32\WindowsPowerShell\v1.0\;C:\Program Files\nodejs\;C:\Program Files\Git\cmd;C:\Users\Administrator\AppData\Local\Microsoft\WindowsApps;C:\Users\Administrator\AppData\Roaming\npm;C:\Users\Administrator\AppData\Local\atom\bin;C:\Python27
USERNAME=Administrator
OS=Windows_NT
PROCESSOR_IDENTIFIER=Intel64 Family 6 Model 61 Stepping 4, GenuineIntel



---------------  S Y S T E M  ---------------

OS: Windows 10.0 , 64 bit Build 14393 (10.0.14393.0)

CPU:total 4 (2 cores per cpu, 2 threads per core) family 6 model 61 stepping 4, cmov, cx8, fxsr, mmx, sse, sse2, sse3, ssse3, sse4.1, sse4.2, popcnt, avx, avx2, aes, clmul, erms, 3dnowpref, lzcnt, ht, tsc, tscinvbit, bmi1, bmi2, adx

Memory: 4k page, physical 8291024k(1446052k free), swap 9339600k(4884k free)

vm_info: Java HotSpot(TM) 64-Bit Server VM (25.102-b14) for windows-amd64 JRE (1.8.0_102-b14), built on Jun 22 2016 13:15:21 by "java_re" with MS VC++ 10.0 (VS2010)

time: Mon Jan 09 16:51:53 2017
elapsed time: 4 seconds (0d 0h 0m 4s)

