#
# There is insufficient memory for the Java Runtime Environment to continue.
# Native memory allocation (malloc) failed to allocate 297040 bytes for Chunk::new
# Possible reasons:
#   The system is out of physical RAM or swap space
#   In 32 bit mode, the process size limit was hit
# Possible solutions:
#   Reduce memory load on the system
#   Increase physical memory or swap space
#   Check if swap backing store is full
#   Use 64 bit Java on a 64 bit OS
#   Decrease Java heap size (-Xmx/-Xms)
#   Decrease number of Java threads
#   Decrease Java thread stack sizes (-Xss)
#   Set larger code cache with -XX:ReservedCodeCacheSize=
# This output file may be truncated or incomplete.
#
#  Out of Memory Error (allocation.cpp:390), pid=7244, tid=0x0000000000000a24
#
# JRE version: Java(TM) SE Runtime Environment (8.0_102-b14) (build 1.8.0_102-b14)
# Java VM: Java HotSpot(TM) 64-Bit Server VM (25.102-b14 mixed mode windows-amd64 compressed oops)
# Failed to write core dump. Minidumps are not enabled by default on client versions of Windows
#

---------------  T H R E A D  ---------------

Current thread (0x000000001bfd7800):  JavaThread "C2 CompilerThread1" daemon [_thread_in_native, id=2596, stack(0x000000001d6c0000,0x000000001d7c0000)]

Stack: [0x000000001d6c0000,0x000000001d7c0000]
[error occurred during error reporting (printing stack bounds), id 0xc0000005]

Native frames: (J=compiled Java code, j=interpreted, Vv=VM code, C=native code)


Current CompileTask:
C2:   5652 1467       4       com.android.dx.dex.code.OutputFinisher::addConstants (68 bytes)


---------------  P R O C E S S  ---------------

Java Threads: ( => current thread )
  0x000000001da6f000 JavaThread "pool-1-thread-1" [_thread_in_vm, id=7820, stack(0x000000001fb90000,0x000000001fc90000)]
  0x000000001d8c4800 JavaThread "Service Thread" daemon [_thread_blocked, id=8784, stack(0x000000001dcc0000,0x000000001ddc0000)]
  0x000000001bfdd800 JavaThread "C1 CompilerThread2" daemon [_thread_blocked, id=6660, stack(0x000000001d7c0000,0x000000001d8c0000)]
=>0x000000001bfd7800 JavaThread "C2 CompilerThread1" daemon [_thread_in_native, id=2596, stack(0x000000001d6c0000,0x000000001d7c0000)]
  0x000000001bf7b800 JavaThread "C2 CompilerThread0" daemon [_thread_in_native, id=824, stack(0x000000001d5c0000,0x000000001d6c0000)]
  0x000000001bf7a000 JavaThread "Attach Listener" daemon [_thread_blocked, id=8620, stack(0x000000001d4c0000,0x000000001d5c0000)]
  0x000000001bf79000 JavaThread "Signal Dispatcher" daemon [_thread_blocked, id=2576, stack(0x000000001d3c0000,0x000000001d4c0000)]
  0x000000001bf6a800 JavaThread "Finalizer" daemon [_thread_blocked, id=1636, stack(0x000000001d1d0000,0x000000001d2d0000)]
  0x000000000284f000 JavaThread "Reference Handler" daemon [_thread_blocked, id=3604, stack(0x000000001d0d0000,0x000000001d1d0000)]
  0x0000000002761000 JavaThread "main" [_thread_blocked, id=6584, stack(0x0000000002620000,0x0000000002720000)]

Other Threads:
  0x000000001bf47800 VMThread [stack: 0x000000001cfd0000,0x000000001d0d0000] [id=5976]
  0x000000001d8e1800 WatcherThread [stack: 0x000000001ddc0000,0x000000001dec0000] [id=8772]

VM state:not at safepoint (normal execution)

VM Mutex/Monitor currently owned by a thread: None

Heap:
 PSYoungGen      total 38400K, used 32034K [0x000000076ab00000, 0x000000076f600000, 0x00000007c0000000)
  eden space 33280K, 80% used [0x000000076ab00000,0x000000076c54ef10,0x000000076cb80000)
  from space 5120K, 99% used [0x000000076cb80000,0x000000076d079c78,0x000000076d080000)
  to   space 5120K, 0% used [0x000000076f100000,0x000000076f100000,0x000000076f600000)
 ParOldGen       total 87552K, used 1630K [0x00000006c0000000, 0x00000006c5580000, 0x000000076ab00000)
  object space 87552K, 1% used [0x00000006c0000000,0x00000006c0197818,0x00000006c5580000)
 Metaspace       used 6133K, capacity 7032K, committed 7296K, reserved 1056768K
  class space    used 607K, capacity 624K, committed 640K, reserved 1048576K

Card table byte_map: [0x0000000011c20000,0x0000000012430000] byte_map_base: 0x000000000e620000

Marking Bits: (ParMarkBitMap*) 0x0000000063bba6c0
 Begin Bits: [0x0000000012d90000, 0x0000000016d90000)
 End Bits:   [0x0000000016d90000, 0x000000001ad90000)

Polling page: 0x0000000000eb0000

CodeCache: size=245760Kb used=5939Kb max_used=5952Kb free=239820Kb
 bounds [0x0000000002860000, 0x0000000002e40000, 0x0000000011860000]
 total_blobs=1695 nmethods=1426 adapters=182
 compilation: enabled

Compilation events (10 events):
Event: 5.550 Thread 0x000000001bf7b800 nmethod 1462 0x0000000002e01950 code [0x0000000002e01aa0, 0x0000000002e01bb8]
Event: 5.551 Thread 0x000000001bfdd800 1463  s    3       com.android.dx.dex.file.StringIdsSection::intern (53 bytes)
Event: 5.551 Thread 0x000000001bfd7800 nmethod 1458 0x0000000002e2ecd0 code [0x0000000002e2ee80, 0x0000000002e2f548]
Event: 5.551 Thread 0x000000001bfdd800 nmethod 1463 0x0000000002e32050 code [0x0000000002e32220, 0x0000000002e32bb8]
Event: 5.551 Thread 0x000000001bf7b800 1464       4       com.android.dx.dex.code.OutputFinisher::addConstants (93 bytes)
Event: 5.552 Thread 0x000000001bfdd800 1465  s    3       com.android.dx.dex.file.TypeIdsSection::intern (60 bytes)
Event: 5.553 Thread 0x000000001bfdd800 nmethod 1465 0x0000000002e30b10 code [0x0000000002e30d20, 0x0000000002e319c8]
Event: 5.553 Thread 0x000000001bfd7800 1466       4       java.util.HashMap::putVal (300 bytes)
Event: 5.566 Thread 0x000000001bfd7800 nmethod 1466 0x0000000002e36390 code [0x0000000002e36540, 0x0000000002e36d38]
Event: 5.566 Thread 0x000000001bfd7800 1467       4       com.android.dx.dex.code.OutputFinisher::addConstants (68 bytes)

GC Heap History (2 events):
Event: 2.773 GC heap before
{Heap before GC invocations=1 (full 0):
 PSYoungGen      total 38400K, used 33280K [0x000000076ab00000, 0x000000076d580000, 0x00000007c0000000)
  eden space 33280K, 100% used [0x000000076ab00000,0x000000076cb80000,0x000000076cb80000)
  from space 5120K, 0% used [0x000000076d080000,0x000000076d080000,0x000000076d580000)
  to   space 5120K, 0% used [0x000000076cb80000,0x000000076cb80000,0x000000076d080000)
 ParOldGen       total 87552K, used 0K [0x00000006c0000000, 0x00000006c5580000, 0x000000076ab00000)
  object space 87552K, 0% used [0x00000006c0000000,0x00000006c0000000,0x00000006c5580000)
 Metaspace       used 5946K, capacity 6898K, committed 7040K, reserved 1056768K
  class space    used 597K, capacity 618K, committed 640K, reserved 1048576K
Event: 3.087 GC heap after
Heap after GC invocations=1 (full 0):
 PSYoungGen      total 38400K, used 5095K [0x000000076ab00000, 0x000000076f600000, 0x00000007c0000000)
  eden space 33280K, 0% used [0x000000076ab00000,0x000000076ab00000,0x000000076cb80000)
  from space 5120K, 99% used [0x000000076cb80000,0x000000076d079c78,0x000000076d080000)
  to   space 5120K, 0% used [0x000000076f100000,0x000000076f100000,0x000000076f600000)
 ParOldGen       total 87552K, used 1630K [0x00000006c0000000, 0x00000006c5580000, 0x000000076ab00000)
  object space 87552K, 1% used [0x00000006c0000000,0x00000006c0197818,0x00000006c5580000)
 Metaspace       used 5946K, capacity 6898K, committed 7040K, reserved 1056768K
  class space    used 597K, capacity 618K, committed 640K, reserved 1048576K
}

Deoptimization events (10 events):
Event: 5.052 Thread 0x000000001da6c000 Uncommon trap: reason=bimorphic action=maybe_recompile pc=0x0000000002dde08c method=com.android.dx.cf.code.BytecodeArray.parseInstruction(ILcom/android/dx/cf/code/BytecodeArray$Visitor;)I @ 2281
Event: 5.053 Thread 0x000000001da6c000 Uncommon trap: reason=bimorphic action=maybe_recompile pc=0x0000000002dde08c method=com.android.dx.cf.code.BytecodeArray.parseInstruction(ILcom/android/dx/cf/code/BytecodeArray$Visitor;)I @ 2281
Event: 5.522 Thread 0x000000001da6f000 Uncommon trap: reason=class_check action=maybe_recompile pc=0x0000000002d71680 method=java.util.Arrays.hashCode([Ljava/lang/Object;)I @ 43
Event: 5.522 Thread 0x000000001da6f000 Uncommon trap: reason=class_check action=maybe_recompile pc=0x0000000002d71680 method=java.util.Arrays.hashCode([Ljava/lang/Object;)I @ 43
Event: 5.522 Thread 0x000000001da6f000 Uncommon trap: reason=class_check action=maybe_recompile pc=0x0000000002d71680 method=java.util.Arrays.hashCode([Ljava/lang/Object;)I @ 43
Event: 5.522 Thread 0x000000001da6f000 Uncommon trap: reason=class_check action=maybe_recompile pc=0x0000000002d71680 method=java.util.Arrays.hashCode([Ljava/lang/Object;)I @ 43
Event: 5.523 Thread 0x000000001da6f000 Uncommon trap: reason=class_check action=maybe_recompile pc=0x0000000002d71c74 method=java.util.Arrays.hashCode([Ljava/lang/Object;)I @ 43
Event: 5.528 Thread 0x000000001da6f000 Uncommon trap: reason=bimorphic action=maybe_recompile pc=0x0000000002a92618 method=java.util.HashMap.getNode(ILjava/lang/Object;)Ljava/util/HashMap$Node; @ 126
Event: 5.530 Thread 0x000000001da6f000 Uncommon trap: reason=class_check action=maybe_recompile pc=0x0000000002c7ce28 method=java.util.HashMap.putVal(ILjava/lang/Object;Ljava/lang/Object;ZZ)Ljava/lang/Object; @ 203
Event: 5.538 Thread 0x000000001da6f000 Uncommon trap: reason=unstable_if action=reinterpret pc=0x0000000002c7cddc method=java.util.HashMap.putVal(ILjava/lang/Object;Ljava/lang/Object;ZZ)Ljava/lang/Object; @ 94

Internal exceptions (3 events):
Event: 0.048 Thread 0x0000000002761000 Exception <a 'java/lang/NoSuchMethodError': Method sun.misc.Unsafe.defineClass(Ljava/lang/String;[BII)Ljava/lang/Class; name or signature does not match> (0x000000076ab07c78) thrown at [C:\re\workspace\8-2-build-windows-amd64-cygwin\jdk8u102\7268\hotspot\svæN÷y¨?
Event: 0.048 Thread 0x0000000002761000 Exception <a 'java/lang/NoSuchMethodError': Method sun.misc.Unsafe.prefetchRead(Ljava/lang/Object;J)V name or signature does not match> (0x000000076ab07f60) thrown at [C:\re\workspace\8-2-build-windows-amd64-cygwin\jdk8u102\7268\hotspot\src\share\vm\prims\°ˆw·¸ @
Event: 2.266 Thread 0x000000001da6c000 Implicit null exception at 0x0000000002b3bb51 to 0x0000000002b3d955

Events (10 events):
Event: 5.528 Thread 0x000000001da6f000 DEOPT PACKING pc=0x0000000002a92618 sp=0x000000001fc8e970
Event: 5.530 Thread 0x000000001da6f000 DEOPT UNPACKING pc=0x00000000028a582a sp=0x000000001fc8e888 mode 2
Event: 5.530 Thread 0x000000001da6f000 Uncommon trap: trap_request=0xffffffde fr.pc=0x0000000002c7ce28
Event: 5.530 Thread 0x000000001da6f000 DEOPT PACKING pc=0x0000000002c7ce28 sp=0x000000001fc8e900
Event: 5.530 Thread 0x000000001da6f000 DEOPT UNPACKING pc=0x00000000028a582a sp=0x000000001fc8e878 mode 2
Event: 5.536 loading class com/android/dx/dex/file/CatchStructs
Event: 5.536 loading class com/android/dx/dex/file/CatchStructs done
Event: 5.538 Thread 0x000000001da6f000 Uncommon trap: trap_request=0xffffff65 fr.pc=0x0000000002c7cddc
Event: 5.538 Thread 0x000000001da6f000 DEOPT PACKING pc=0x0000000002c7cddc sp=0x000000001fc8e780
Event: 5.538 Thread 0x000000001da6f000 DEOPT UNPACKING pc=0x00000000028a582a sp=0x000000001fc8e700 mode 2


Dynamic libraries:
0x00007ff608e00000 - 0x00007ff608e37000 	C:\Program Files\Java\jdk1.8.0_102\bin\java.exe
0x00007ffd83a90000 - 0x00007ffd83c61000 	C:\WINDOWS\SYSTEM32\ntdll.dll
0x00007ffd82e60000 - 0x00007ffd82f0b000 	C:\WINDOWS\System32\KERNEL32.DLL
0x00007ffd80be0000 - 0x00007ffd80dfd000 	C:\WINDOWS\System32\KERNELBASE.dll
0x00007ffd834b0000 - 0x00007ffd83552000 	C:\WINDOWS\System32\ADVAPI32.dll
0x00007ffd839f0000 - 0x00007ffd83a8e000 	C:\WINDOWS\System32\msvcrt.dll
0x00007ffd82e00000 - 0x00007ffd82e59000 	C:\WINDOWS\System32\sechost.dll
0x00007ffd82cd0000 - 0x00007ffd82df1000 	C:\WINDOWS\System32\RPCRT4.dll
0x00007ffd83340000 - 0x00007ffd834a5000 	C:\WINDOWS\System32\USER32.dll
0x00007ffd80e00000 - 0x00007ffd80e1e000 	C:\WINDOWS\System32\win32u.dll
0x00007ffd82f10000 - 0x00007ffd82f44000 	C:\WINDOWS\System32\GDI32.dll
0x00007ffd80e20000 - 0x00007ffd80fa2000 	C:\WINDOWS\System32\gdi32full.dll
0x00007ffd73b90000 - 0x00007ffd73e09000 	C:\WINDOWS\WinSxS\amd64_microsoft.windows.common-controls_6595b64144ccf1df_6.0.14393.447_none_42191651c6827bb3\COMCTL32.dll
0x00007ffd835e0000 - 0x00007ffd838a8000 	C:\WINDOWS\System32\combase.dll
0x00007ffd80a40000 - 0x00007ffd80b35000 	C:\WINDOWS\System32\ucrtbase.dll
0x00007ffd80fb0000 - 0x00007ffd8101a000 	C:\WINDOWS\System32\bcryptPrimitives.dll
0x00007ffd82f50000 - 0x00007ffd82f7e000 	C:\WINDOWS\System32\IMM32.DLL
0x0000000063c40000 - 0x0000000063d11000 	C:\Program Files\Java\jdk1.8.0_102\jre\bin\msvcr100.dll
0x00000000633a0000 - 0x0000000063c3a000 	C:\Program Files\Java\jdk1.8.0_102\jre\bin\server\jvm.dll
0x00007ffd82890000 - 0x00007ffd82898000 	C:\WINDOWS\System32\PSAPI.DLL
0x00007ffd74300000 - 0x00007ffd74309000 	C:\WINDOWS\SYSTEM32\WSOCK32.dll
0x00007ffd83570000 - 0x00007ffd835da000 	C:\WINDOWS\System32\WS2_32.dll
0x00007ffd7e430000 - 0x00007ffd7e453000 	C:\WINDOWS\SYSTEM32\WINMM.dll
0x00007ffd6feb0000 - 0x00007ffd6feba000 	C:\WINDOWS\SYSTEM32\VERSION.dll
0x0000000000e80000 - 0x0000000000eab000 	C:\WINDOWS\SYSTEM32\WINMMBASE.dll
0x00007ffd80660000 - 0x00007ffd806a2000 	C:\WINDOWS\System32\cfgmgr32.dll
0x0000000064b10000 - 0x0000000064b1f000 	C:\Program Files\Java\jdk1.8.0_102\jre\bin\verify.dll
0x0000000064110000 - 0x0000000064139000 	C:\Program Files\Java\jdk1.8.0_102\jre\bin\java.dll
0x00000000640f0000 - 0x0000000064106000 	C:\Program Files\Java\jdk1.8.0_102\jre\bin\zip.dll
0x00007ffd81150000 - 0x00007ffd82659000 	C:\WINDOWS\System32\SHELL32.dll
0x00007ffd7ff80000 - 0x00007ffd8065a000 	C:\WINDOWS\System32\windows.storage.dll
0x00007ffd7ff20000 - 0x00007ffd7ff6c000 	C:\WINDOWS\System32\powrprof.dll
0x00007ffd82820000 - 0x00007ffd82872000 	C:\WINDOWS\System32\shlwapi.dll
0x00007ffd7ff10000 - 0x00007ffd7ff1f000 	C:\WINDOWS\System32\kernel.appcore.dll
0x00007ffd806b0000 - 0x00007ffd80759000 	C:\WINDOWS\System32\shcore.dll
0x00007ffd7fef0000 - 0x00007ffd7ff04000 	C:\WINDOWS\System32\profapi.dll

VM Arguments:
jvm_args: -Djava.awt.headless=true -Xmx4g -Dfile.encoding=windows-1252 -Duser.country=US -Duser.language=en -Duser.variant 
java_command: com.android.dx.command.Main --dex --force-jumbo --num-threads=4 --multi-dex --output C:\Users\Administrator\Desktop\KeyOutcomesTracker\app\build\intermediates\transforms\dex\debug\folders\1000\10\instant-run_7c1281585d5bd3737006787205747be6b7ff4820 C:\Users\Administrator\Desktop\KeyOutcomesTracker\app\build\intermediates\incremental-runtime-classes\debug\instant-run.jar
java_class_path (initial): C:\Users\Administrator\AppData\Local\Android\sdk\build-tools\25.0.0\lib\dx.jar
Launcher Type: SUN_STANDARD

Environment Variables:
PATH=C:\Python27\;C:\Python27\Scripts;C:\ProgramData\Oracle\Java\javapath;C:\WINDOWS\system32;C:\WINDOWS;C:\WINDOWS\System32\Wbem;C:\WINDOWS\System32\WindowsPowerShell\v1.0\;C:\Program Files\nodejs\;C:\Program Files\Git\cmd;C:\Users\Administrator\AppData\Local\Microsoft\WindowsApps;C:\Users\Administrator\AppData\Roaming\npm;C:\Users\Administrator\AppData\Local\atom\bin;C:\Python27
USERNAME=Administrator
OS=Windows_NT
PROCESSOR_IDENTIFIER=Intel64 Family 6 Model 61 Stepping 4, GenuineIntel



---------------  S Y S T E M  ---------------

OS: Windows 10.0 , 64 bit Build 14393 (10.0.14393.0)

CPU:total 4 (2 cores per cpu, 2 threads per core) family 6 model 61 stepping 4, cmov, cx8, fxsr, mmx, sse, sse2, sse3, ssse3, sse4.1, sse4.2, popcnt, avx, avx2, aes, clmul, erms, 3dnowpref, lzcnt, ht, tsc, tscinvbit, bmi1, bmi2, adx

Memory: 4k page, physical 8291024k(1585000k free), swap 9339600k(5624k free)

vm_info: Java HotSpot(TM) 64-Bit Server VM (25.102-b14) for windows-amd64 JRE (1.8.0_102-b14), built on Jun 22 2016 13:15:21 by "java_re" with MS VC++ 10.0 (VS2010)

time: Wed Jan 11 06:32:12 2017
elapsed time: 5 seconds (0d 0h 0m 5s)

